<?xml version="1.0" encoding="UTF-8"?>
<testsuites name="jest tests" tests="3" failures="0" errors="0" time="0.327">
  <testsuite name="authController" errors="0" failures="0" skipped="0" timestamp="2026-04-19T20:17:02" time="0.25" tests="3">
    <testcase classname="authController postSignup returns 400 for invalid json signup payload" name="authController postSignup returns 400 for invalid json signup payload" time="0.009" file="tests\unit\authController.test.js">
    </testcase>
    <testcase classname="authController postLogin returns 401 when user is missing" name="authController postLogin returns 401 when user is missing" time="0.036" file="tests\unit\authController.test.js">
    </testcase>
    <testcase classname="authController postForgotPassword returns 400 when email is absent" name="authController postForgotPassword returns 400 when email is absent" time="0" file="tests\unit\authController.test.js">
    </testcase>
  </testsuite>
</testsuites>