<?xml version="1.0" encoding="UTF-8"?>
<coverage generated="1776344857209" clover="3.2.0">
  <project timestamp="1776344857209" name="All files">
    <metrics statements="147" coveredstatements="102" conditionals="90" coveredconditionals="44" methods="32" coveredmethods="21" elements="269" coveredelements="167" complexity="0" loc="147" ncloc="147" packages="1" files="3" classes="3"/>
    <file name="errorMiddleware.js" path="F:\WBD-01\middleware\errorMiddleware.js">
      <metrics statements="17" coveredstatements="17" conditionals="21" coveredconditionals="17" methods="4" coveredmethods="4"/>
      <line num="10" count="1" type="stmt"/>
      <line num="16" count="3" type="cond" truecount="1" falsecount="1"/>
      <line num="17" count="3" type="stmt"/>
      <line num="31" count="1" type="stmt"/>
      <line num="32" count="1" type="stmt"/>
      <line num="33" count="1" type="stmt"/>
      <line num="38" count="4" type="cond" truecount="2" falsecount="0"/>
      <line num="40" count="3" type="cond" truecount="3" falsecount="0"/>
      <line num="41" count="3" type="cond" truecount="1" falsecount="1"/>
      <line num="44" count="3" type="stmt"/>
      <line num="45" count="3" type="stmt"/>
      <line num="47" count="3" type="stmt"/>
      <line num="48" count="3" type="cond" truecount="2" falsecount="0"/>
      <line num="49" count="2" type="stmt"/>
      <line num="57" count="1" type="stmt"/>
      <line num="84" count="1" type="stmt"/>
      <line num="92" count="1" type="stmt"/>
    </file>
    <file name="loggingMiddleware.js" path="F:\WBD-01\middleware\loggingMiddleware.js">
      <metrics statements="77" coveredstatements="38" conditionals="36" coveredconditionals="7" methods="15" coveredmethods="6"/>
      <line num="12" count="1" type="stmt"/>
      <line num="13" count="1" type="stmt"/>
      <line num="16" count="1" type="stmt"/>
      <line num="17" count="1" type="stmt"/>
      <line num="18" count="1" type="stmt"/>
      <line num="19" count="1" type="stmt"/>
      <line num="20" count="1" type="stmt"/>
      <line num="21" count="1" type="stmt"/>
      <line num="22" count="1" type="stmt"/>
      <line num="23" count="1" type="stmt"/>
      <line num="26" count="1" type="cond" truecount="1" falsecount="1"/>
      <line num="27" count="0" type="stmt"/>
      <line num="29" count="1" type="cond" truecount="1" falsecount="1"/>
      <line num="30" count="0" type="stmt"/>
      <line num="39" count="0" type="stmt"/>
      <line num="40" count="0" type="stmt"/>
      <line num="41" count="0" type="stmt"/>
      <line num="47" count="0" type="cond" truecount="0" falsecount="4"/>
      <line num="48" count="0" type="stmt"/>
      <line num="49" count="0" type="stmt"/>
      <line num="51" count="0" type="stmt"/>
      <line num="52" count="0" type="stmt"/>
      <line num="53" count="0" type="stmt"/>
      <line num="56" count="1" type="stmt"/>
      <line num="57" count="1" type="cond" truecount="1" falsecount="1"/>
      <line num="58" count="0" type="cond" truecount="0" falsecount="2"/>
      <line num="59" count="0" type="stmt"/>
      <line num="60" count="0" type="stmt"/>
      <line num="61" count="0" type="cond" truecount="0" falsecount="2"/>
      <line num="69" count="1" type="stmt"/>
      <line num="70" count="0" type="stmt"/>
      <line num="71" count="0" type="stmt"/>
      <line num="72" count="0" type="cond" truecount="0" falsecount="2"/>
      <line num="73" count="0" type="cond" truecount="0" falsecount="3"/>
      <line num="75" count="0" type="stmt"/>
      <line num="76" count="0" type="stmt"/>
      <line num="77" count="0" type="stmt"/>
      <line num="84" count="1" type="stmt"/>
      <line num="85" count="1" type="stmt"/>
      <line num="88" count="1" type="stmt"/>
      <line num="89" count="1" type="stmt"/>
      <line num="90" count="1" type="stmt"/>
      <line num="91" count="1" type="stmt"/>
      <line num="92" count="1" type="cond" truecount="1" falsecount="1"/>
      <line num="93" count="1" type="stmt"/>
      <line num="94" count="1" type="stmt"/>
      <line num="97" count="1" type="stmt"/>
      <line num="104" count="1" type="stmt"/>
      <line num="105" count="0" type="cond" truecount="0" falsecount="2"/>
      <line num="106" count="0" type="stmt"/>
      <line num="107" count="0" type="stmt"/>
      <line num="116" count="0" type="stmt"/>
      <line num="118" count="0" type="stmt"/>
      <line num="126" count="1" type="cond" truecount="0" falsecount="1"/>
      <line num="127" count="0" type="stmt"/>
      <line num="128" count="0" type="stmt"/>
      <line num="129" count="0" type="cond" truecount="0" falsecount="4"/>
      <line num="130" count="0" type="stmt"/>
      <line num="132" count="0" type="stmt"/>
      <line num="138" count="1" type="stmt"/>
      <line num="139" count="1" type="stmt"/>
      <line num="140" count="3" type="cond" truecount="1" falsecount="1"/>
      <line num="141" count="3" type="cond" truecount="2" falsecount="0"/>
      <line num="142" count="3" type="stmt"/>
      <line num="148" count="1" type="stmt"/>
      <line num="153" count="1" type="stmt"/>
      <line num="154" count="2" type="stmt"/>
      <line num="157" count="1" type="stmt"/>
      <line num="158" count="1" type="stmt"/>
      <line num="159" count="0" type="cond" truecount="0" falsecount="2"/>
      <line num="161" count="0" type="stmt"/>
      <line num="162" count="0" type="stmt"/>
      <line num="163" count="0" type="stmt"/>
      <line num="166" count="0" type="stmt"/>
      <line num="167" count="0" type="stmt"/>
      <line num="168" count="0" type="stmt"/>
      <line num="171" count="1" type="stmt"/>
    </file>
    <file name="securityMiddleware.js" path="F:\WBD-01\middleware\securityMiddleware.js">
      <metrics statements="53" coveredstatements="47" conditionals="33" coveredconditionals="20" methods="13" coveredmethods="11"/>
      <line num="17" count="1" type="stmt"/>
      <line num="23" count="1" type="cond" truecount="0" falsecount="1"/>
      <line num="29" count="0" type="cond" truecount="0" falsecount="3"/>
      <line num="30" count="1" type="stmt"/>
      <line num="33" count="1" type="stmt"/>
      <line num="34" count="0" type="stmt"/>
      <line num="35" count="0" type="stmt"/>
      <line num="36" count="0" type="cond" truecount="0" falsecount="2"/>
      <line num="37" count="0" type="stmt"/>
      <line num="42" count="1" type="stmt"/>
      <line num="43" count="2" type="stmt"/>
      <line num="44" count="2" type="stmt"/>
      <line num="45" count="2" type="stmt"/>
      <line num="47" count="2" type="stmt"/>
      <line num="49" count="2" type="cond" truecount="4" falsecount="0"/>
      <line num="50" count="1" type="stmt"/>
      <line num="53" count="2" type="stmt"/>
      <line num="54" count="2" type="stmt"/>
      <line num="57" count="2" type="stmt"/>
      <line num="65" count="2" type="cond" truecount="2" falsecount="0"/>
      <line num="66" count="1" type="stmt"/>
      <line num="72" count="1" type="stmt"/>
      <line num="80" count="1" type="stmt"/>
      <line num="82" count="1" type="stmt"/>
      <line num="85" count="1" type="stmt"/>
      <line num="88" count="1" type="stmt"/>
      <line num="91" count="1" type="stmt"/>
      <line num="94" count="1" type="stmt"/>
      <line num="96" count="1" type="stmt"/>
      <line num="102" count="1" type="stmt"/>
      <line num="103" count="1" type="stmt"/>
      <line num="112" count="1" type="stmt"/>
      <line num="119" count="1" type="cond" truecount="0" falsecount="1"/>
      <line num="120" count="1" type="stmt"/>
      <line num="121" count="1" type="stmt"/>
      <line num="122" count="1" type="cond" truecount="1" falsecount="1"/>
      <line num="123" count="1" type="stmt"/>
      <line num="131" count="1" type="stmt"/>
      <line num="132" count="1" type="cond" truecount="1" falsecount="1"/>
      <line num="133" count="1" type="stmt"/>
      <line num="137" count="1" type="stmt"/>
      <line num="144" count="1" type="stmt"/>
      <line num="145" count="2" type="stmt"/>
      <line num="146" count="3" type="cond" truecount="3" falsecount="1"/>
      <line num="147" count="0" type="stmt"/>
      <line num="149" count="3" type="cond" truecount="4" falsecount="0"/>
      <line num="150" count="1" type="stmt"/>
      <line num="152" count="2" type="stmt"/>
      <line num="156" count="2" type="cond" truecount="2" falsecount="0"/>
      <line num="159" count="2" type="cond" truecount="2" falsecount="0"/>
      <line num="160" count="1" type="stmt"/>
      <line num="166" count="1" type="stmt"/>
      <line num="169" count="1" type="stmt"/>
    </file>
  </project>
</coverage>
