{"F:\\WBD-01\\controllers\\authController.js": {"path":"F:\\WBD-01\\controllers\\authController.js","statementMap":{"0":{"start":{"line":1,"column":15},"end":{"line":1,"column":34}},"1":{"start":{"line":2,"column":15},"end":{"line":2,"column":32}},"2":{"start":{"line":3,"column":19},"end":{"line":3,"column":40}},"3":{"start":{"line":4,"column":13},"end":{"line":4,"column":28}},"4":{"start":{"line":5,"column":13},"end":{"line":5,"column":38}},"5":{"start":{"line":6,"column":22},"end":{"line":6,"column":56}},"6":{"start":{"line":12,"column":4},"end":{"line":12,"column":34}},"7":{"start":{"line":16,"column":2},"end":{"line":19,"column":4}},"8":{"start":{"line":23,"column":18},"end":{"line":23,"column":43}},"9":{"start":{"line":24,"column":2},"end":{"line":24,"column":39}},"10":{"start":{"line":29,"column":18},"end":{"line":29,"column":23}},"11":{"start":{"line":30,"column":19},"end":{"line":30,"column":23}},"12":{"start":{"line":31,"column":21},"end":{"line":31,"column":25}},"13":{"start":{"line":33,"column":2},"end":{"line":60,"column":3}},"14":{"start":{"line":34,"column":4},"end":{"line":56,"column":5}},"15":{"start":{"line":39,"column":23},"end":{"line":41,"column":13}},"16":{"start":{"line":42,"column":26},"end":{"line":47,"column":8}},"17":{"start":{"line":48,"column":6},"end":{"line":54,"column":9}},"18":{"start":{"line":55,"column":6},"end":{"line":55,"column":23}},"19":{"start":{"line":58,"column":4},"end":{"line":58,"column":50}},"20":{"start":{"line":59,"column":4},"end":{"line":59,"column":29}},"21":{"start":{"line":63,"column":2},"end":{"line":85,"column":3}},"22":{"start":{"line":64,"column":4},"end":{"line":84,"column":5}},"23":{"start":{"line":65,"column":26},"end":{"line":65,"column":62}},"24":{"start":{"line":66,"column":26},"end":{"line":71,"column":8}},"25":{"start":{"line":72,"column":19},"end":{"line":78,"column":8}},"26":{"start":{"line":79,"column":6},"end":{"line":79,"column":54}},"27":{"start":{"line":80,"column":6},"end":{"line":80,"column":23}},"28":{"start":{"line":82,"column":6},"end":{"line":82,"column":49}},"29":{"start":{"line":83,"column":6},"end":{"line":83,"column":31}},"30":{"start":{"line":87,"column":2},"end":{"line":87,"column":49}},"31":{"start":{"line":90,"column":0},"end":{"line":94,"column":2}},"32":{"start":{"line":91,"column":2},"end":{"line":93,"column":4}},"33":{"start":{"line":96,"column":0},"end":{"line":247,"column":2}},"34":{"start":{"line":98,"column":4},"end":{"line":98,"column":12}},"35":{"start":{"line":99,"column":27},"end":{"line":99,"column":68}},"36":{"start":{"line":100,"column":20},"end":{"line":100,"column":56}},"37":{"start":{"line":101,"column":26},"end":{"line":103,"column":18}},"38":{"start":{"line":104,"column":17},"end":{"line":104,"column":31}},"39":{"start":{"line":107,"column":21},"end":{"line":107,"column":49}},"40":{"start":{"line":108,"column":20},"end":{"line":108,"column":37}},"41":{"start":{"line":109,"column":23},"end":{"line":115,"column":3}},"42":{"start":{"line":117,"column":14},"end":{"line":117,"column":18}},"43":{"start":{"line":118,"column":2},"end":{"line":131,"column":3}},"44":{"start":{"line":119,"column":4},"end":{"line":119,"column":38}},"45":{"start":{"line":120,"column":9},"end":{"line":131,"column":3}},"46":{"start":{"line":121,"column":4},"end":{"line":121,"column":27}},"47":{"start":{"line":122,"column":9},"end":{"line":131,"column":3}},"48":{"start":{"line":126,"column":4},"end":{"line":126,"column":63}},"49":{"start":{"line":127,"column":9},"end":{"line":131,"column":3}},"50":{"start":{"line":128,"column":4},"end":{"line":128,"column":68}},"51":{"start":{"line":129,"column":9},"end":{"line":131,"column":3}},"52":{"start":{"line":130,"column":4},"end":{"line":130,"column":46}},"53":{"start":{"line":133,"column":2},"end":{"line":138,"column":3}},"54":{"start":{"line":134,"column":4},"end":{"line":136,"column":5}},"55":{"start":{"line":135,"column":6},"end":{"line":135,"column":70}},"56":{"start":{"line":137,"column":4},"end":{"line":137,"column":43}},"57":{"start":{"line":140,"column":2},"end":{"line":246,"column":3}},"58":{"start":{"line":142,"column":25},"end":{"line":142,"column":71}},"59":{"start":{"line":143,"column":4},"end":{"line":149,"column":5}},"60":{"start":{"line":144,"column":21},"end":{"line":144,"column":43}},"61":{"start":{"line":145,"column":6},"end":{"line":147,"column":7}},"62":{"start":{"line":146,"column":8},"end":{"line":146,"column":73}},"63":{"start":{"line":148,"column":6},"end":{"line":148,"column":53}},"64":{"start":{"line":151,"column":4},"end":{"line":160,"column":5}},"65":{"start":{"line":152,"column":25},"end":{"line":152,"column":69}},"66":{"start":{"line":153,"column":6},"end":{"line":159,"column":7}},"67":{"start":{"line":154,"column":23},"end":{"line":154,"column":53}},"68":{"start":{"line":155,"column":8},"end":{"line":157,"column":9}},"69":{"start":{"line":156,"column":10},"end":{"line":156,"column":75}},"70":{"start":{"line":158,"column":8},"end":{"line":158,"column":55}},"71":{"start":{"line":163,"column":27},"end":{"line":163,"column":58}},"72":{"start":{"line":166,"column":20},"end":{"line":173,"column":6}},"73":{"start":{"line":175,"column":4},"end":{"line":226,"column":5}},"74":{"start":{"line":177,"column":21},"end":{"line":177,"column":75}},"75":{"start":{"line":178,"column":24},"end":{"line":181,"column":22}},"76":{"start":{"line":182,"column":6},"end":{"line":182,"column":36}},"77":{"start":{"line":183,"column":6},"end":{"line":183,"column":61}},"78":{"start":{"line":184,"column":6},"end":{"line":184,"column":36}},"79":{"start":{"line":186,"column":6},"end":{"line":186,"column":27}},"80":{"start":{"line":187,"column":6},"end":{"line":187,"column":80}},"81":{"start":{"line":190,"column":54},"end":{"line":195,"column":7}},"82":{"start":{"line":197,"column":6},"end":{"line":204,"column":7}},"83":{"start":{"line":198,"column":8},"end":{"line":203,"column":11}},"84":{"start":{"line":206,"column":6},"end":{"line":208,"column":7}},"85":{"start":{"line":207,"column":8},"end":{"line":207,"column":68}},"86":{"start":{"line":210,"column":27},"end":{"line":210,"column":78}},"87":{"start":{"line":211,"column":23},"end":{"line":214,"column":65}},"88":{"start":{"line":216,"column":6},"end":{"line":224,"column":7}},"89":{"start":{"line":217,"column":8},"end":{"line":223,"column":11}},"90":{"start":{"line":225,"column":6},"end":{"line":225,"column":36}},"91":{"start":{"line":228,"column":4},"end":{"line":228,"column":25}},"92":{"start":{"line":229,"column":4},"end":{"line":229,"column":66}},"93":{"start":{"line":231,"column":4},"end":{"line":238,"column":5}},"94":{"start":{"line":232,"column":6},"end":{"line":237,"column":9}},"95":{"start":{"line":239,"column":4},"end":{"line":239,"column":34}},"96":{"start":{"line":241,"column":4},"end":{"line":241,"column":51}},"97":{"start":{"line":242,"column":4},"end":{"line":244,"column":5}},"98":{"start":{"line":243,"column":6},"end":{"line":243,"column":79}},"99":{"start":{"line":245,"column":4},"end":{"line":245,"column":59}},"100":{"start":{"line":249,"column":0},"end":{"line":253,"column":2}},"101":{"start":{"line":250,"column":2},"end":{"line":252,"column":4}},"102":{"start":{"line":255,"column":0},"end":{"line":382,"column":2}},"103":{"start":{"line":256,"column":30},"end":{"line":256,"column":38}},"104":{"start":{"line":257,"column":27},"end":{"line":257,"column":68}},"105":{"start":{"line":258,"column":26},"end":{"line":260,"column":18}},"106":{"start":{"line":261,"column":17},"end":{"line":261,"column":31}},"107":{"start":{"line":262,"column":20},"end":{"line":262,"column":57}},"108":{"start":{"line":264,"column":2},"end":{"line":270,"column":3}},"109":{"start":{"line":265,"column":4},"end":{"line":269,"column":7}},"110":{"start":{"line":272,"column":2},"end":{"line":381,"column":3}},"111":{"start":{"line":274,"column":17},"end":{"line":274,"column":63}},"112":{"start":{"line":275,"column":4},"end":{"line":280,"column":5}},"113":{"start":{"line":276,"column":6},"end":{"line":278,"column":7}},"114":{"start":{"line":277,"column":8},"end":{"line":277,"column":80}},"115":{"start":{"line":279,"column":6},"end":{"line":279,"column":70}},"116":{"start":{"line":281,"column":4},"end":{"line":296,"column":5}},"117":{"start":{"line":282,"column":6},"end":{"line":286,"column":7}},"118":{"start":{"line":283,"column":8},"end":{"line":285,"column":11}},"119":{"start":{"line":287,"column":27},"end":{"line":287,"column":78}},"120":{"start":{"line":288,"column":24},"end":{"line":291,"column":65}},"121":{"start":{"line":292,"column":6},"end":{"line":295,"column":9}},"122":{"start":{"line":298,"column":4},"end":{"line":305,"column":5}},"123":{"start":{"line":300,"column":6},"end":{"line":300,"column":32}},"124":{"start":{"line":301,"column":6},"end":{"line":301,"column":33}},"125":{"start":{"line":302,"column":6},"end":{"line":302,"column":40}},"126":{"start":{"line":303,"column":6},"end":{"line":303,"column":33}},"127":{"start":{"line":304,"column":6},"end":{"line":304,"column":24}},"128":{"start":{"line":308,"column":4},"end":{"line":317,"column":5}},"129":{"start":{"line":309,"column":6},"end":{"line":313,"column":7}},"130":{"start":{"line":310,"column":8},"end":{"line":312,"column":11}},"131":{"start":{"line":314,"column":6},"end":{"line":316,"column":9}},"132":{"start":{"line":320,"column":20},"end":{"line":320,"column":65}},"133":{"start":{"line":321,"column":4},"end":{"line":330,"column":5}},"134":{"start":{"line":322,"column":6},"end":{"line":328,"column":7}},"135":{"start":{"line":323,"column":8},"end":{"line":327,"column":11}},"136":{"start":{"line":329,"column":6},"end":{"line":329,"column":70}},"137":{"start":{"line":332,"column":4},"end":{"line":337,"column":5}},"138":{"start":{"line":333,"column":6},"end":{"line":336,"column":9}},"139":{"start":{"line":339,"column":21},"end":{"line":345,"column":5}},"140":{"start":{"line":347,"column":16},"end":{"line":347,"column":53}},"141":{"start":{"line":348,"column":18},"end":{"line":350,"column":42}},"142":{"start":{"line":351,"column":4},"end":{"line":351,"column":26}},"143":{"start":{"line":352,"column":4},"end":{"line":352,"column":32}},"144":{"start":{"line":355,"column":22},"end":{"line":361,"column":5}},"145":{"start":{"line":363,"column":21},"end":{"line":363,"column":41}},"146":{"start":{"line":364,"column":4},"end":{"line":366,"column":5}},"147":{"start":{"line":365,"column":6},"end":{"line":365,"column":50}},"148":{"start":{"line":368,"column":4},"end":{"line":376,"column":5}},"149":{"start":{"line":369,"column":6},"end":{"line":375,"column":9}},"150":{"start":{"line":377,"column":4},"end":{"line":377,"column":34}},"151":{"start":{"line":379,"column":4},"end":{"line":379,"column":51}},"152":{"start":{"line":380,"column":4},"end":{"line":380,"column":50}},"153":{"start":{"line":384,"column":0},"end":{"line":399,"column":2}},"154":{"start":{"line":385,"column":15},"end":{"line":385,"column":29}},"155":{"start":{"line":386,"column":2},"end":{"line":388,"column":12}},"156":{"start":{"line":387,"column":4},"end":{"line":387,"column":37}},"157":{"start":{"line":390,"column":2},"end":{"line":390,"column":22}},"158":{"start":{"line":391,"column":2},"end":{"line":393,"column":12}},"159":{"start":{"line":392,"column":4},"end":{"line":392,"column":35}},"160":{"start":{"line":395,"column":2},"end":{"line":397,"column":3}},"161":{"start":{"line":396,"column":4},"end":{"line":396,"column":30}},"162":{"start":{"line":398,"column":2},"end":{"line":398,"column":20}},"163":{"start":{"line":401,"column":0},"end":{"line":407,"column":2}},"164":{"start":{"line":402,"column":15},"end":{"line":402,"column":44}},"165":{"start":{"line":403,"column":2},"end":{"line":405,"column":3}},"166":{"start":{"line":404,"column":4},"end":{"line":404,"column":51}},"167":{"start":{"line":406,"column":2},"end":{"line":406,"column":37}},"168":{"start":{"line":409,"column":0},"end":{"line":459,"column":2}},"169":{"start":{"line":410,"column":20},"end":{"line":410,"column":28}},"170":{"start":{"line":411,"column":2},"end":{"line":413,"column":3}},"171":{"start":{"line":412,"column":4},"end":{"line":412,"column":79}},"172":{"start":{"line":415,"column":2},"end":{"line":458,"column":3}},"173":{"start":{"line":416,"column":17},"end":{"line":416,"column":46}},"174":{"start":{"line":417,"column":4},"end":{"line":422,"column":5}},"175":{"start":{"line":418,"column":6},"end":{"line":421,"column":9}},"176":{"start":{"line":424,"column":21},"end":{"line":424,"column":59}},"177":{"start":{"line":425,"column":24},"end":{"line":428,"column":20}},"178":{"start":{"line":429,"column":4},"end":{"line":429,"column":42}},"179":{"start":{"line":430,"column":4},"end":{"line":430,"column":60}},"180":{"start":{"line":431,"column":4},"end":{"line":431,"column":22}},"181":{"start":{"line":434,"column":25},"end":{"line":434,"column":49}},"182":{"start":{"line":435,"column":22},"end":{"line":437,"column":73}},"183":{"start":{"line":439,"column":38},"end":{"line":444,"column":5}},"184":{"start":{"line":446,"column":4},"end":{"line":448,"column":5}},"185":{"start":{"line":447,"column":6},"end":{"line":447,"column":74}},"186":{"start":{"line":450,"column":4},"end":{"line":454,"column":7}},"187":{"start":{"line":456,"column":4},"end":{"line":456,"column":48}},"188":{"start":{"line":457,"column":4},"end":{"line":457,"column":77}},"189":{"start":{"line":461,"column":0},"end":{"line":476,"column":2}},"190":{"start":{"line":462,"column":20},"end":{"line":462,"column":30}},"191":{"start":{"line":463,"column":2},"end":{"line":463,"column":60}},"192":{"start":{"line":463,"column":14},"end":{"line":463,"column":60}},"193":{"start":{"line":465,"column":22},"end":{"line":465,"column":77}},"194":{"start":{"line":466,"column":2},"end":{"line":475,"column":3}},"195":{"start":{"line":467,"column":17},"end":{"line":470,"column":6}},"196":{"start":{"line":471,"column":4},"end":{"line":471,"column":61}},"197":{"start":{"line":471,"column":15},"end":{"line":471,"column":61}},"198":{"start":{"line":472,"column":4},"end":{"line":472,"column":37}},"199":{"start":{"line":474,"column":4},"end":{"line":474,"column":50}},"200":{"start":{"line":478,"column":0},"end":{"line":512,"column":2}},"201":{"start":{"line":479,"column":20},"end":{"line":479,"column":30}},"202":{"start":{"line":480,"column":23},"end":{"line":480,"column":31}},"203":{"start":{"line":481,"column":2},"end":{"line":485,"column":3}},"204":{"start":{"line":482,"column":4},"end":{"line":484,"column":62}},"205":{"start":{"line":487,"column":22},"end":{"line":487,"column":77}},"206":{"start":{"line":488,"column":2},"end":{"line":511,"column":3}},"207":{"start":{"line":489,"column":17},"end":{"line":492,"column":6}},"208":{"start":{"line":493,"column":4},"end":{"line":497,"column":5}},"209":{"start":{"line":494,"column":6},"end":{"line":496,"column":71}},"210":{"start":{"line":499,"column":4},"end":{"line":499,"column":52}},"211":{"start":{"line":500,"column":4},"end":{"line":500,"column":40}},"212":{"start":{"line":501,"column":4},"end":{"line":501,"column":42}},"213":{"start":{"line":502,"column":4},"end":{"line":502,"column":22}},"214":{"start":{"line":504,"column":4},"end":{"line":507,"column":7}},"215":{"start":{"line":509,"column":4},"end":{"line":509,"column":45}},"216":{"start":{"line":510,"column":4},"end":{"line":510,"column":77}},"217":{"start":{"line":514,"column":0},"end":{"line":573,"column":2}},"218":{"start":{"line":515,"column":25},"end":{"line":515,"column":39}},"219":{"start":{"line":516,"column":2},"end":{"line":520,"column":3}},"220":{"start":{"line":517,"column":4},"end":{"line":519,"column":72}},"221":{"start":{"line":522,"column":2},"end":{"line":572,"column":3}},"222":{"start":{"line":523,"column":17},"end":{"line":523,"column":46}},"223":{"start":{"line":524,"column":4},"end":{"line":528,"column":5}},"224":{"start":{"line":525,"column":6},"end":{"line":527,"column":61}},"225":{"start":{"line":529,"column":4},"end":{"line":531,"column":5}},"226":{"start":{"line":530,"column":6},"end":{"line":530,"column":70}},"227":{"start":{"line":532,"column":4},"end":{"line":536,"column":5}},"228":{"start":{"line":533,"column":6},"end":{"line":535,"column":77}},"229":{"start":{"line":537,"column":4},"end":{"line":541,"column":5}},"230":{"start":{"line":538,"column":6},"end":{"line":540,"column":75}},"231":{"start":{"line":543,"column":4},"end":{"line":547,"column":5}},"232":{"start":{"line":544,"column":6},"end":{"line":546,"column":80}},"233":{"start":{"line":549,"column":22},"end":{"line":552,"column":20}},"234":{"start":{"line":553,"column":4},"end":{"line":559,"column":5}},"235":{"start":{"line":554,"column":6},"end":{"line":554,"column":65}},"236":{"start":{"line":555,"column":6},"end":{"line":555,"column":24}},"237":{"start":{"line":556,"column":6},"end":{"line":558,"column":78}},"238":{"start":{"line":562,"column":4},"end":{"line":562,"column":30}},"239":{"start":{"line":563,"column":4},"end":{"line":563,"column":31}},"240":{"start":{"line":564,"column":4},"end":{"line":564,"column":38}},"241":{"start":{"line":565,"column":4},"end":{"line":565,"column":31}},"242":{"start":{"line":566,"column":4},"end":{"line":566,"column":22}},"243":{"start":{"line":568,"column":4},"end":{"line":568,"column":76}},"244":{"start":{"line":570,"column":4},"end":{"line":570,"column":41}},"245":{"start":{"line":571,"column":4},"end":{"line":571,"column":77}},"246":{"start":{"line":575,"column":0},"end":{"line":626,"column":2}},"247":{"start":{"line":576,"column":20},"end":{"line":576,"column":34}},"248":{"start":{"line":577,"column":2},"end":{"line":581,"column":3}},"249":{"start":{"line":578,"column":4},"end":{"line":580,"column":62}},"250":{"start":{"line":583,"column":2},"end":{"line":625,"column":3}},"251":{"start":{"line":584,"column":17},"end":{"line":584,"column":46}},"252":{"start":{"line":585,"column":4},"end":{"line":589,"column":5}},"253":{"start":{"line":586,"column":6},"end":{"line":588,"column":61}},"254":{"start":{"line":590,"column":4},"end":{"line":592,"column":5}},"255":{"start":{"line":591,"column":6},"end":{"line":591,"column":70}},"256":{"start":{"line":594,"column":19},"end":{"line":594,"column":73}},"257":{"start":{"line":595,"column":22},"end":{"line":595,"column":78}},"258":{"start":{"line":596,"column":4},"end":{"line":596,"column":31}},"259":{"start":{"line":597,"column":4},"end":{"line":597,"column":56}},"260":{"start":{"line":598,"column":4},"end":{"line":598,"column":31}},"261":{"start":{"line":599,"column":4},"end":{"line":599,"column":22}},"262":{"start":{"line":601,"column":52},"end":{"line":606,"column":5}},"263":{"start":{"line":608,"column":4},"end":{"line":615,"column":5}},"264":{"start":{"line":609,"column":6},"end":{"line":614,"column":9}},"265":{"start":{"line":617,"column":4},"end":{"line":619,"column":5}},"266":{"start":{"line":618,"column":6},"end":{"line":618,"column":56}},"267":{"start":{"line":621,"column":4},"end":{"line":621,"column":51}},"268":{"start":{"line":623,"column":4},"end":{"line":623,"column":41}},"269":{"start":{"line":624,"column":4},"end":{"line":624,"column":77}},"270":{"start":{"line":631,"column":25},"end":{"line":637,"column":3}},"271":{"start":{"line":638,"column":2},"end":{"line":638,"column":38}},"272":{"start":{"line":641,"column":0},"end":{"line":643,"column":2}},"273":{"start":{"line":642,"column":2},"end":{"line":642,"column":27}},"274":{"start":{"line":645,"column":0},"end":{"line":647,"column":2}},"275":{"start":{"line":646,"column":2},"end":{"line":646,"column":27}},"276":{"start":{"line":649,"column":0},"end":{"line":651,"column":2}},"277":{"start":{"line":650,"column":2},"end":{"line":650,"column":27}},"278":{"start":{"line":653,"column":0},"end":{"line":655,"column":2}},"279":{"start":{"line":654,"column":2},"end":{"line":654,"column":27}},"280":{"start":{"line":658,"column":0},"end":{"line":658,"column":52}},"281":{"start":{"line":659,"column":0},"end":{"line":659,"column":54}},"282":{"start":{"line":660,"column":0},"end":{"line":660,"column":50}},"283":{"start":{"line":661,"column":0},"end":{"line":661,"column":42}},"284":{"start":{"line":662,"column":0},"end":{"line":662,"column":42}},"285":{"start":{"line":665,"column":0},"end":{"line":757,"column":2}},"286":{"start":{"line":666,"column":28},"end":{"line":666,"column":36}},"287":{"start":{"line":668,"column":2},"end":{"line":672,"column":3}},"288":{"start":{"line":669,"column":4},"end":{"line":671,"column":65}},"289":{"start":{"line":674,"column":2},"end":{"line":756,"column":3}},"290":{"start":{"line":676,"column":25},"end":{"line":676,"column":74}},"291":{"start":{"line":677,"column":42},"end":{"line":677,"column":54}},"292":{"start":{"line":679,"column":4},"end":{"line":683,"column":5}},"293":{"start":{"line":680,"column":6},"end":{"line":682,"column":80}},"294":{"start":{"line":686,"column":15},"end":{"line":686,"column":44}},"295":{"start":{"line":688,"column":4},"end":{"line":737,"column":5}},"296":{"start":{"line":690,"column":6},"end":{"line":694,"column":7}},"297":{"start":{"line":691,"column":8},"end":{"line":693,"column":69}},"298":{"start":{"line":697,"column":6},"end":{"line":700,"column":7}},"299":{"start":{"line":698,"column":8},"end":{"line":698,"column":38}},"300":{"start":{"line":699,"column":8},"end":{"line":699,"column":26}},"301":{"start":{"line":702,"column":23},"end":{"line":708,"column":7}},"302":{"start":{"line":710,"column":18},"end":{"line":710,"column":55}},"303":{"start":{"line":711,"column":6},"end":{"line":711,"column":41}},"304":{"start":{"line":712,"column":6},"end":{"line":712,"column":28}},"305":{"start":{"line":713,"column":6},"end":{"line":713,"column":34}},"306":{"start":{"line":716,"column":26},"end":{"line":722,"column":7}},"307":{"start":{"line":724,"column":6},"end":{"line":729,"column":9}},"308":{"start":{"line":732,"column":6},"end":{"line":736,"column":9}},"309":{"start":{"line":739,"column":4},"end":{"line":739,"column":50}},"310":{"start":{"line":741,"column":4},"end":{"line":745,"column":5}},"311":{"start":{"line":742,"column":6},"end":{"line":744,"column":79}},"312":{"start":{"line":746,"column":4},"end":{"line":750,"column":5}},"313":{"start":{"line":747,"column":6},"end":{"line":749,"column":79}},"314":{"start":{"line":752,"column":4},"end":{"line":755,"column":7}}},"fnMap":{"0":{"name":"wantsJson","decl":{"start":{"line":15,"column":9},"end":{"line":15,"column":18}},"loc":{"start":{"line":15,"column":24},"end":{"line":20,"column":1}},"line":15},"1":{"name":"isSwaggerDocsRequest","decl":{"start":{"line":22,"column":9},"end":{"line":22,"column":29}},"loc":{"start":{"line":22,"column":35},"end":{"line":25,"column":1}},"line":22},"2":{"name":"sendEmail","decl":{"start":{"line":28,"column":15},"end":{"line":28,"column":24}},"loc":{"start":{"line":28,"column":50},"end":{"line":88,"column":1}},"line":28},"3":{"name":"(anonymous_3)","decl":{"start":{"line":90,"column":20},"end":{"line":90,"column":21}},"loc":{"start":{"line":90,"column":34},"end":{"line":94,"column":1}},"line":90},"4":{"name":"(anonymous_4)","decl":{"start":{"line":96,"column":21},"end":{"line":96,"column":22}},"loc":{"start":{"line":96,"column":41},"end":{"line":247,"column":1}},"line":96},"5":{"name":"(anonymous_5)","decl":{"start":{"line":249,"column":19},"end":{"line":249,"column":20}},"loc":{"start":{"line":249,"column":33},"end":{"line":253,"column":1}},"line":249},"6":{"name":"(anonymous_6)","decl":{"start":{"line":255,"column":20},"end":{"line":255,"column":21}},"loc":{"start":{"line":255,"column":40},"end":{"line":382,"column":1}},"line":255},"7":{"name":"(anonymous_7)","decl":{"start":{"line":384,"column":17},"end":{"line":384,"column":18}},"loc":{"start":{"line":384,"column":31},"end":{"line":399,"column":1}},"line":384},"8":{"name":"(anonymous_8)","decl":{"start":{"line":387,"column":27},"end":{"line":387,"column":28}},"loc":{"start":{"line":387,"column":33},"end":{"line":387,"column":35}},"line":387},"9":{"name":"(anonymous_9)","decl":{"start":{"line":401,"column":21},"end":{"line":401,"column":22}},"loc":{"start":{"line":401,"column":35},"end":{"line":407,"column":1}},"line":401},"10":{"name":"(anonymous_10)","decl":{"start":{"line":409,"column":29},"end":{"line":409,"column":30}},"loc":{"start":{"line":409,"column":49},"end":{"line":459,"column":1}},"line":409},"11":{"name":"(anonymous_11)","decl":{"start":{"line":461,"column":27},"end":{"line":461,"column":28}},"loc":{"start":{"line":461,"column":47},"end":{"line":476,"column":1}},"line":461},"12":{"name":"(anonymous_12)","decl":{"start":{"line":478,"column":28},"end":{"line":478,"column":29}},"loc":{"start":{"line":478,"column":48},"end":{"line":512,"column":1}},"line":478},"13":{"name":"(anonymous_13)","decl":{"start":{"line":514,"column":24},"end":{"line":514,"column":25}},"loc":{"start":{"line":514,"column":44},"end":{"line":573,"column":1}},"line":514},"14":{"name":"(anonymous_14)","decl":{"start":{"line":575,"column":24},"end":{"line":575,"column":25}},"loc":{"start":{"line":575,"column":44},"end":{"line":626,"column":1}},"line":575},"15":{"name":"sendReactApp","decl":{"start":{"line":630,"column":9},"end":{"line":630,"column":21}},"loc":{"start":{"line":630,"column":27},"end":{"line":639,"column":1}},"line":630},"16":{"name":"(anonymous_16)","decl":{"start":{"line":641,"column":19},"end":{"line":641,"column":20}},"loc":{"start":{"line":641,"column":33},"end":{"line":643,"column":1}},"line":641},"17":{"name":"(anonymous_17)","decl":{"start":{"line":645,"column":23},"end":{"line":645,"column":24}},"loc":{"start":{"line":645,"column":37},"end":{"line":647,"column":1}},"line":645},"18":{"name":"(anonymous_18)","decl":{"start":{"line":649,"column":22},"end":{"line":649,"column":23}},"loc":{"start":{"line":649,"column":36},"end":{"line":651,"column":1}},"line":649},"19":{"name":"(anonymous_19)","decl":{"start":{"line":653,"column":17},"end":{"line":653,"column":18}},"loc":{"start":{"line":653,"column":31},"end":{"line":655,"column":1}},"line":653},"20":{"name":"(anonymous_20)","decl":{"start":{"line":665,"column":23},"end":{"line":665,"column":24}},"loc":{"start":{"line":665,"column":43},"end":{"line":757,"column":1}},"line":665}},"branchMap":{"0":{"loc":{"start":{"line":17,"column":4},"end":{"line":18,"column":68}},"type":"binary-expr","locations":[{"start":{"line":17,"column":4},"end":{"line":17,"column":59}},{"start":{"line":18,"column":4},"end":{"line":18,"column":68}}],"line":17},"1":{"loc":{"start":{"line":17,"column":5},"end":{"line":17,"column":29}},"type":"binary-expr","locations":[{"start":{"line":17,"column":5},"end":{"line":17,"column":23}},{"start":{"line":17,"column":27},"end":{"line":17,"column":29}}],"line":17},"2":{"loc":{"start":{"line":18,"column":5},"end":{"line":18,"column":38}},"type":"binary-expr","locations":[{"start":{"line":18,"column":5},"end":{"line":18,"column":32}},{"start":{"line":18,"column":36},"end":{"line":18,"column":38}}],"line":18},"3":{"loc":{"start":{"line":23,"column":18},"end":{"line":23,"column":43}},"type":"binary-expr","locations":[{"start":{"line":23,"column":18},"end":{"line":23,"column":37}},{"start":{"line":23,"column":41},"end":{"line":23,"column":43}}],"line":23},"4":{"loc":{"start":{"line":34,"column":4},"end":{"line":56,"column":5}},"type":"if","locations":[{"start":{"line":34,"column":4},"end":{"line":56,"column":5}},{"start":{},"end":{}}],"line":34},"5":{"loc":{"start":{"line":35,"column":6},"end":{"line":37,"column":27}},"type":"binary-expr","locations":[{"start":{"line":35,"column":6},"end":{"line":35,"column":27}},{"start":{"line":36,"column":6},"end":{"line":36,"column":27}},{"start":{"line":37,"column":6},"end":{"line":37,"column":27}}],"line":35},"6":{"loc":{"start":{"line":39,"column":23},"end":{"line":41,"column":13}},"type":"cond-expr","locations":[{"start":{"line":40,"column":10},"end":{"line":40,"column":39}},{"start":{"line":41,"column":10},"end":{"line":41,"column":13}}],"line":39},"7":{"loc":{"start":{"line":49,"column":14},"end":{"line":49,"column":60}},"type":"binary-expr","locations":[{"start":{"line":49,"column":14},"end":{"line":49,"column":35}},{"start":{"line":49,"column":39},"end":{"line":49,"column":60}}],"line":49},"8":{"loc":{"start":{"line":63,"column":2},"end":{"line":85,"column":3}},"type":"if","locations":[{"start":{"line":63,"column":2},"end":{"line":85,"column":3}},{"start":{},"end":{}}],"line":63},"9":{"loc":{"start":{"line":63,"column":6},"end":{"line":63,"column":57}},"type":"binary-expr","locations":[{"start":{"line":63,"column":6},"end":{"line":63,"column":16}},{"start":{"line":63,"column":20},"end":{"line":63,"column":57}}],"line":63},"10":{"loc":{"start":{"line":100,"column":20},"end":{"line":100,"column":56}},"type":"binary-expr","locations":[{"start":{"line":100,"column":20},"end":{"line":100,"column":24}},{"start":{"line":100,"column":28},"end":{"line":100,"column":40}},{"start":{"line":100,"column":44},"end":{"line":100,"column":56}}],"line":100},"11":{"loc":{"start":{"line":101,"column":33},"end":{"line":101,"column":44}},"type":"binary-expr","locations":[{"start":{"line":101,"column":33},"end":{"line":101,"column":38}},{"start":{"line":101,"column":42},"end":{"line":101,"column":44}}],"line":101},"12":{"loc":{"start":{"line":118,"column":2},"end":{"line":131,"column":3}},"type":"if","locations":[{"start":{"line":118,"column":2},"end":{"line":131,"column":3}},{"start":{"line":120,"column":9},"end":{"line":131,"column":3}}],"line":118},"13":{"loc":{"start":{"line":118,"column":6},"end":{"line":118,"column":58}},"type":"binary-expr","locations":[{"start":{"line":118,"column":6},"end":{"line":118,"column":16}},{"start":{"line":118,"column":20},"end":{"line":118,"column":36}},{"start":{"line":118,"column":40},"end":{"line":118,"column":49}},{"start":{"line":118,"column":53},"end":{"line":118,"column":58}}],"line":118},"14":{"loc":{"start":{"line":120,"column":9},"end":{"line":131,"column":3}},"type":"if","locations":[{"start":{"line":120,"column":9},"end":{"line":131,"column":3}},{"start":{"line":122,"column":9},"end":{"line":131,"column":3}}],"line":120},"15":{"loc":{"start":{"line":122,"column":9},"end":{"line":131,"column":3}},"type":"if","locations":[{"start":{"line":122,"column":9},"end":{"line":131,"column":3}},{"start":{"line":127,"column":9},"end":{"line":131,"column":3}}],"line":122},"16":{"loc":{"start":{"line":123,"column":4},"end":{"line":124,"column":43}},"type":"binary-expr","locations":[{"start":{"line":123,"column":4},"end":{"line":123,"column":37}},{"start":{"line":124,"column":4},"end":{"line":124,"column":43}}],"line":123},"17":{"loc":{"start":{"line":127,"column":9},"end":{"line":131,"column":3}},"type":"if","locations":[{"start":{"line":127,"column":9},"end":{"line":131,"column":3}},{"start":{"line":129,"column":9},"end":{"line":131,"column":3}}],"line":127},"18":{"loc":{"start":{"line":129,"column":9},"end":{"line":131,"column":3}},"type":"if","locations":[{"start":{"line":129,"column":9},"end":{"line":131,"column":3}},{"start":{},"end":{}}],"line":129},"19":{"loc":{"start":{"line":129,"column":13},"end":{"line":129,"column":61}},"type":"binary-expr","locations":[{"start":{"line":129,"column":13},"end":{"line":129,"column":19}},{"start":{"line":129,"column":23},"end":{"line":129,"column":61}}],"line":129},"20":{"loc":{"start":{"line":133,"column":2},"end":{"line":138,"column":3}},"type":"if","locations":[{"start":{"line":133,"column":2},"end":{"line":138,"column":3}},{"start":{},"end":{}}],"line":133},"21":{"loc":{"start":{"line":134,"column":4},"end":{"line":136,"column":5}},"type":"if","locations":[{"start":{"line":134,"column":4},"end":{"line":136,"column":5}},{"start":{},"end":{}}],"line":134},"22":{"loc":{"start":{"line":143,"column":4},"end":{"line":149,"column":5}},"type":"if","locations":[{"start":{"line":143,"column":4},"end":{"line":149,"column":5}},{"start":{},"end":{}}],"line":143},"23":{"loc":{"start":{"line":145,"column":6},"end":{"line":147,"column":7}},"type":"if","locations":[{"start":{"line":145,"column":6},"end":{"line":147,"column":7}},{"start":{},"end":{}}],"line":145},"24":{"loc":{"start":{"line":151,"column":4},"end":{"line":160,"column":5}},"type":"if","locations":[{"start":{"line":151,"column":4},"end":{"line":160,"column":5}},{"start":{},"end":{}}],"line":151},"25":{"loc":{"start":{"line":153,"column":6},"end":{"line":159,"column":7}},"type":"if","locations":[{"start":{"line":153,"column":6},"end":{"line":159,"column":7}},{"start":{},"end":{}}],"line":153},"26":{"loc":{"start":{"line":155,"column":8},"end":{"line":157,"column":9}},"type":"if","locations":[{"start":{"line":155,"column":8},"end":{"line":157,"column":9}},{"start":{},"end":{}}],"line":155},"27":{"loc":{"start":{"line":175,"column":4},"end":{"line":226,"column":5}},"type":"if","locations":[{"start":{"line":175,"column":4},"end":{"line":226,"column":5}},{"start":{},"end":{}}],"line":175},"28":{"loc":{"start":{"line":197,"column":6},"end":{"line":204,"column":7}},"type":"if","locations":[{"start":{"line":197,"column":6},"end":{"line":204,"column":7}},{"start":{},"end":{}}],"line":197},"29":{"loc":{"start":{"line":197,"column":10},"end":{"line":197,"column":61}},"type":"binary-expr","locations":[{"start":{"line":197,"column":10},"end":{"line":197,"column":20}},{"start":{"line":197,"column":24},"end":{"line":197,"column":61}}],"line":197},"30":{"loc":{"start":{"line":202,"column":18},"end":{"line":202,"column":52}},"type":"binary-expr","locations":[{"start":{"line":202,"column":18},"end":{"line":202,"column":30}},{"start":{"line":202,"column":34},"end":{"line":202,"column":52}}],"line":202},"31":{"loc":{"start":{"line":206,"column":6},"end":{"line":208,"column":7}},"type":"if","locations":[{"start":{"line":206,"column":6},"end":{"line":208,"column":7}},{"start":{},"end":{}}],"line":206},"32":{"loc":{"start":{"line":210,"column":27},"end":{"line":210,"column":78}},"type":"binary-expr","locations":[{"start":{"line":210,"column":27},"end":{"line":210,"column":51}},{"start":{"line":210,"column":55},"end":{"line":210,"column":78}}],"line":210},"33":{"loc":{"start":{"line":216,"column":6},"end":{"line":224,"column":7}},"type":"if","locations":[{"start":{"line":216,"column":6},"end":{"line":224,"column":7}},{"start":{},"end":{}}],"line":216},"34":{"loc":{"start":{"line":231,"column":4},"end":{"line":238,"column":5}},"type":"if","locations":[{"start":{"line":231,"column":4},"end":{"line":238,"column":5}},{"start":{},"end":{}}],"line":231},"35":{"loc":{"start":{"line":242,"column":4},"end":{"line":244,"column":5}},"type":"if","locations":[{"start":{"line":242,"column":4},"end":{"line":244,"column":5}},{"start":{},"end":{}}],"line":242},"36":{"loc":{"start":{"line":258,"column":33},"end":{"line":258,"column":44}},"type":"binary-expr","locations":[{"start":{"line":258,"column":33},"end":{"line":258,"column":38}},{"start":{"line":258,"column":42},"end":{"line":258,"column":44}}],"line":258},"37":{"loc":{"start":{"line":264,"column":2},"end":{"line":270,"column":3}},"type":"if","locations":[{"start":{"line":264,"column":2},"end":{"line":270,"column":3}},{"start":{},"end":{}}],"line":264},"38":{"loc":{"start":{"line":266,"column":31},"end":{"line":266,"column":42}},"type":"binary-expr","locations":[{"start":{"line":266,"column":31},"end":{"line":266,"column":36}},{"start":{"line":266,"column":40},"end":{"line":266,"column":42}}],"line":266},"39":{"loc":{"start":{"line":268,"column":29},"end":{"line":268,"column":43}},"type":"binary-expr","locations":[{"start":{"line":268,"column":29},"end":{"line":268,"column":37}},{"start":{"line":268,"column":41},"end":{"line":268,"column":43}}],"line":268},"40":{"loc":{"start":{"line":275,"column":4},"end":{"line":280,"column":5}},"type":"if","locations":[{"start":{"line":275,"column":4},"end":{"line":280,"column":5}},{"start":{},"end":{}}],"line":275},"41":{"loc":{"start":{"line":276,"column":6},"end":{"line":278,"column":7}},"type":"if","locations":[{"start":{"line":276,"column":6},"end":{"line":278,"column":7}},{"start":{},"end":{}}],"line":276},"42":{"loc":{"start":{"line":281,"column":4},"end":{"line":296,"column":5}},"type":"if","locations":[{"start":{"line":281,"column":4},"end":{"line":296,"column":5}},{"start":{},"end":{}}],"line":281},"43":{"loc":{"start":{"line":281,"column":8},"end":{"line":281,"column":56}},"type":"binary-expr","locations":[{"start":{"line":281,"column":8},"end":{"line":281,"column":24}},{"start":{"line":281,"column":28},"end":{"line":281,"column":56}}],"line":281},"44":{"loc":{"start":{"line":282,"column":6},"end":{"line":286,"column":7}},"type":"if","locations":[{"start":{"line":282,"column":6},"end":{"line":286,"column":7}},{"start":{},"end":{}}],"line":282},"45":{"loc":{"start":{"line":287,"column":27},"end":{"line":287,"column":78}},"type":"binary-expr","locations":[{"start":{"line":287,"column":27},"end":{"line":287,"column":51}},{"start":{"line":287,"column":55},"end":{"line":287,"column":78}}],"line":287},"46":{"loc":{"start":{"line":298,"column":4},"end":{"line":305,"column":5}},"type":"if","locations":[{"start":{"line":298,"column":4},"end":{"line":305,"column":5}},{"start":{},"end":{}}],"line":298},"47":{"loc":{"start":{"line":298,"column":8},"end":{"line":298,"column":57}},"type":"binary-expr","locations":[{"start":{"line":298,"column":8},"end":{"line":298,"column":25}},{"start":{"line":298,"column":29},"end":{"line":298,"column":57}}],"line":298},"48":{"loc":{"start":{"line":308,"column":4},"end":{"line":317,"column":5}},"type":"if","locations":[{"start":{"line":308,"column":4},"end":{"line":317,"column":5}},{"start":{},"end":{}}],"line":308},"49":{"loc":{"start":{"line":309,"column":6},"end":{"line":313,"column":7}},"type":"if","locations":[{"start":{"line":309,"column":6},"end":{"line":313,"column":7}},{"start":{},"end":{}}],"line":309},"50":{"loc":{"start":{"line":321,"column":4},"end":{"line":330,"column":5}},"type":"if","locations":[{"start":{"line":321,"column":4},"end":{"line":330,"column":5}},{"start":{},"end":{}}],"line":321},"51":{"loc":{"start":{"line":322,"column":6},"end":{"line":328,"column":7}},"type":"if","locations":[{"start":{"line":322,"column":6},"end":{"line":328,"column":7}},{"start":{},"end":{}}],"line":322},"52":{"loc":{"start":{"line":325,"column":29},"end":{"line":325,"column":48}},"type":"binary-expr","locations":[{"start":{"line":325,"column":29},"end":{"line":325,"column":42}},{"start":{"line":325,"column":46},"end":{"line":325,"column":48}}],"line":325},"53":{"loc":{"start":{"line":326,"column":29},"end":{"line":326,"column":48}},"type":"binary-expr","locations":[{"start":{"line":326,"column":29},"end":{"line":326,"column":42}},{"start":{"line":326,"column":46},"end":{"line":326,"column":48}}],"line":326},"54":{"loc":{"start":{"line":332,"column":4},"end":{"line":337,"column":5}},"type":"if","locations":[{"start":{"line":332,"column":4},"end":{"line":337,"column":5}},{"start":{},"end":{}}],"line":332},"55":{"loc":{"start":{"line":347,"column":16},"end":{"line":347,"column":53}},"type":"binary-expr","locations":[{"start":{"line":347,"column":16},"end":{"line":347,"column":32}},{"start":{"line":347,"column":36},"end":{"line":347,"column":53}}],"line":347},"56":{"loc":{"start":{"line":348,"column":18},"end":{"line":350,"column":42}},"type":"cond-expr","locations":[{"start":{"line":349,"column":8},"end":{"line":349,"column":36}},{"start":{"line":350,"column":8},"end":{"line":350,"column":42}}],"line":348},"57":{"loc":{"start":{"line":364,"column":4},"end":{"line":366,"column":5}},"type":"if","locations":[{"start":{"line":364,"column":4},"end":{"line":366,"column":5}},{"start":{},"end":{}}],"line":364},"58":{"loc":{"start":{"line":368,"column":4},"end":{"line":376,"column":5}},"type":"if","locations":[{"start":{"line":368,"column":4},"end":{"line":376,"column":5}},{"start":{},"end":{}}],"line":368},"59":{"loc":{"start":{"line":395,"column":2},"end":{"line":397,"column":3}},"type":"if","locations":[{"start":{"line":395,"column":2},"end":{"line":397,"column":3}},{"start":{},"end":{}}],"line":395},"60":{"loc":{"start":{"line":395,"column":6},"end":{"line":395,"column":39}},"type":"binary-expr","locations":[{"start":{"line":395,"column":6},"end":{"line":395,"column":10}},{"start":{"line":395,"column":14},"end":{"line":395,"column":39}}],"line":395},"61":{"loc":{"start":{"line":402,"column":15},"end":{"line":402,"column":44}},"type":"binary-expr","locations":[{"start":{"line":402,"column":15},"end":{"line":402,"column":23}},{"start":{"line":402,"column":27},"end":{"line":402,"column":44}}],"line":402},"62":{"loc":{"start":{"line":403,"column":2},"end":{"line":405,"column":3}},"type":"if","locations":[{"start":{"line":403,"column":2},"end":{"line":405,"column":3}},{"start":{},"end":{}}],"line":403},"63":{"loc":{"start":{"line":411,"column":2},"end":{"line":413,"column":3}},"type":"if","locations":[{"start":{"line":411,"column":2},"end":{"line":413,"column":3}},{"start":{},"end":{}}],"line":411},"64":{"loc":{"start":{"line":417,"column":4},"end":{"line":422,"column":5}},"type":"if","locations":[{"start":{"line":417,"column":4},"end":{"line":422,"column":5}},{"start":{},"end":{}}],"line":417},"65":{"loc":{"start":{"line":435,"column":22},"end":{"line":437,"column":73}},"type":"cond-expr","locations":[{"start":{"line":436,"column":8},"end":{"line":436,"column":71}},{"start":{"line":437,"column":8},"end":{"line":437,"column":73}}],"line":435},"66":{"loc":{"start":{"line":446,"column":4},"end":{"line":448,"column":5}},"type":"if","locations":[{"start":{"line":446,"column":4},"end":{"line":448,"column":5}},{"start":{},"end":{}}],"line":446},"67":{"loc":{"start":{"line":463,"column":2},"end":{"line":463,"column":60}},"type":"if","locations":[{"start":{"line":463,"column":2},"end":{"line":463,"column":60}},{"start":{},"end":{}}],"line":463},"68":{"loc":{"start":{"line":471,"column":4},"end":{"line":471,"column":61}},"type":"if","locations":[{"start":{"line":471,"column":4},"end":{"line":471,"column":61}},{"start":{},"end":{}}],"line":471},"69":{"loc":{"start":{"line":481,"column":2},"end":{"line":485,"column":3}},"type":"if","locations":[{"start":{"line":481,"column":2},"end":{"line":485,"column":3}},{"start":{},"end":{}}],"line":481},"70":{"loc":{"start":{"line":493,"column":4},"end":{"line":497,"column":5}},"type":"if","locations":[{"start":{"line":493,"column":4},"end":{"line":497,"column":5}},{"start":{},"end":{}}],"line":493},"71":{"loc":{"start":{"line":515,"column":25},"end":{"line":515,"column":39}},"type":"binary-expr","locations":[{"start":{"line":515,"column":25},"end":{"line":515,"column":33}},{"start":{"line":515,"column":37},"end":{"line":515,"column":39}}],"line":515},"72":{"loc":{"start":{"line":516,"column":2},"end":{"line":520,"column":3}},"type":"if","locations":[{"start":{"line":516,"column":2},"end":{"line":520,"column":3}},{"start":{},"end":{}}],"line":516},"73":{"loc":{"start":{"line":516,"column":6},"end":{"line":516,"column":20}},"type":"binary-expr","locations":[{"start":{"line":516,"column":6},"end":{"line":516,"column":12}},{"start":{"line":516,"column":16},"end":{"line":516,"column":20}}],"line":516},"74":{"loc":{"start":{"line":524,"column":4},"end":{"line":528,"column":5}},"type":"if","locations":[{"start":{"line":524,"column":4},"end":{"line":528,"column":5}},{"start":{},"end":{}}],"line":524},"75":{"loc":{"start":{"line":529,"column":4},"end":{"line":531,"column":5}},"type":"if","locations":[{"start":{"line":529,"column":4},"end":{"line":531,"column":5}},{"start":{},"end":{}}],"line":529},"76":{"loc":{"start":{"line":532,"column":4},"end":{"line":536,"column":5}},"type":"if","locations":[{"start":{"line":532,"column":4},"end":{"line":536,"column":5}},{"start":{},"end":{}}],"line":532},"77":{"loc":{"start":{"line":532,"column":8},"end":{"line":532,"column":49}},"type":"binary-expr","locations":[{"start":{"line":532,"column":8},"end":{"line":532,"column":23}},{"start":{"line":532,"column":27},"end":{"line":532,"column":49}}],"line":532},"78":{"loc":{"start":{"line":537,"column":4},"end":{"line":541,"column":5}},"type":"if","locations":[{"start":{"line":537,"column":4},"end":{"line":541,"column":5}},{"start":{},"end":{}}],"line":537},"79":{"loc":{"start":{"line":543,"column":4},"end":{"line":547,"column":5}},"type":"if","locations":[{"start":{"line":543,"column":4},"end":{"line":547,"column":5}},{"start":{},"end":{}}],"line":543},"80":{"loc":{"start":{"line":553,"column":4},"end":{"line":559,"column":5}},"type":"if","locations":[{"start":{"line":553,"column":4},"end":{"line":559,"column":5}},{"start":{},"end":{}}],"line":553},"81":{"loc":{"start":{"line":554,"column":32},"end":{"line":554,"column":59}},"type":"binary-expr","locations":[{"start":{"line":554,"column":32},"end":{"line":554,"column":54}},{"start":{"line":554,"column":58},"end":{"line":554,"column":59}}],"line":554},"82":{"loc":{"start":{"line":576,"column":20},"end":{"line":576,"column":34}},"type":"binary-expr","locations":[{"start":{"line":576,"column":20},"end":{"line":576,"column":28}},{"start":{"line":576,"column":32},"end":{"line":576,"column":34}}],"line":576},"83":{"loc":{"start":{"line":577,"column":2},"end":{"line":581,"column":3}},"type":"if","locations":[{"start":{"line":577,"column":2},"end":{"line":581,"column":3}},{"start":{},"end":{}}],"line":577},"84":{"loc":{"start":{"line":585,"column":4},"end":{"line":589,"column":5}},"type":"if","locations":[{"start":{"line":585,"column":4},"end":{"line":589,"column":5}},{"start":{},"end":{}}],"line":585},"85":{"loc":{"start":{"line":590,"column":4},"end":{"line":592,"column":5}},"type":"if","locations":[{"start":{"line":590,"column":4},"end":{"line":592,"column":5}},{"start":{},"end":{}}],"line":590},"86":{"loc":{"start":{"line":608,"column":4},"end":{"line":615,"column":5}},"type":"if","locations":[{"start":{"line":608,"column":4},"end":{"line":615,"column":5}},{"start":{},"end":{}}],"line":608},"87":{"loc":{"start":{"line":608,"column":8},"end":{"line":608,"column":59}},"type":"binary-expr","locations":[{"start":{"line":608,"column":8},"end":{"line":608,"column":18}},{"start":{"line":608,"column":22},"end":{"line":608,"column":59}}],"line":608},"88":{"loc":{"start":{"line":613,"column":16},"end":{"line":613,"column":50}},"type":"binary-expr","locations":[{"start":{"line":613,"column":16},"end":{"line":613,"column":28}},{"start":{"line":613,"column":32},"end":{"line":613,"column":50}}],"line":613},"89":{"loc":{"start":{"line":617,"column":4},"end":{"line":619,"column":5}},"type":"if","locations":[{"start":{"line":617,"column":4},"end":{"line":619,"column":5}},{"start":{},"end":{}}],"line":617},"90":{"loc":{"start":{"line":668,"column":2},"end":{"line":672,"column":3}},"type":"if","locations":[{"start":{"line":668,"column":2},"end":{"line":672,"column":3}},{"start":{},"end":{}}],"line":668},"91":{"loc":{"start":{"line":679,"column":4},"end":{"line":683,"column":5}},"type":"if","locations":[{"start":{"line":679,"column":4},"end":{"line":683,"column":5}},{"start":{},"end":{}}],"line":679},"92":{"loc":{"start":{"line":688,"column":4},"end":{"line":737,"column":5}},"type":"if","locations":[{"start":{"line":688,"column":4},"end":{"line":737,"column":5}},{"start":{"line":730,"column":11},"end":{"line":737,"column":5}}],"line":688},"93":{"loc":{"start":{"line":690,"column":6},"end":{"line":694,"column":7}},"type":"if","locations":[{"start":{"line":690,"column":6},"end":{"line":694,"column":7}},{"start":{},"end":{}}],"line":690},"94":{"loc":{"start":{"line":697,"column":6},"end":{"line":700,"column":7}},"type":"if","locations":[{"start":{"line":697,"column":6},"end":{"line":700,"column":7}},{"start":{},"end":{}}],"line":697},"95":{"loc":{"start":{"line":697,"column":10},"end":{"line":697,"column":41}},"type":"binary-expr","locations":[{"start":{"line":697,"column":10},"end":{"line":697,"column":30}},{"start":{"line":697,"column":34},"end":{"line":697,"column":41}}],"line":697},"96":{"loc":{"start":{"line":710,"column":18},"end":{"line":710,"column":55}},"type":"binary-expr","locations":[{"start":{"line":710,"column":18},"end":{"line":710,"column":34}},{"start":{"line":710,"column":38},"end":{"line":710,"column":55}}],"line":710},"97":{"loc":{"start":{"line":727,"column":18},"end":{"line":727,"column":47}},"type":"binary-expr","locations":[{"start":{"line":727,"column":18},"end":{"line":727,"column":40}},{"start":{"line":727,"column":44},"end":{"line":727,"column":47}}],"line":727},"98":{"loc":{"start":{"line":741,"column":4},"end":{"line":745,"column":5}},"type":"if","locations":[{"start":{"line":741,"column":4},"end":{"line":745,"column":5}},{"start":{},"end":{}}],"line":741},"99":{"loc":{"start":{"line":746,"column":4},"end":{"line":750,"column":5}},"type":"if","locations":[{"start":{"line":746,"column":4},"end":{"line":750,"column":5}},{"start":{},"end":{}}],"line":746}},"s":{"0":1,"1":1,"2":1,"3":1,"4":1,"5":1,"6":1,"7":2,"8":0,"9":0,"10":0,"11":0,"12":0,"13":0,"14":0,"15":0,"16":0,"17":0,"18":0,"19":0,"20":0,"21":0,"22":0,"23":0,"24":0,"25":0,"26":0,"27":0,"28":0,"29":0,"30":0,"31":1,"32":0,"33":1,"34":1,"35":1,"36":1,"37":1,"38":1,"39":1,"40":1,"41":1,"42":1,"43":1,"44":0,"45":1,"46":0,"47":1,"48":1,"49":0,"50":0,"51":0,"52":0,"53":1,"54":1,"55":1,"56":0,"57":0,"58":0,"59":0,"60":0,"61":0,"62":0,"63":0,"64":0,"65":0,"66":0,"67":0,"68":0,"69":0,"70":0,"71":0,"72":0,"73":0,"74":0,"75":0,"76":0,"77":0,"78":0,"79":0,"80":0,"81":0,"82":0,"83":0,"84":0,"85":0,"86":0,"87":0,"88":0,"89":0,"90":0,"91":0,"92":0,"93":0,"94":0,"95":0,"96":0,"97":0,"98":0,"99":0,"100":1,"101":0,"102":1,"103":1,"104":1,"105":1,"106":1,"107":1,"108":1,"109":1,"110":1,"111":1,"112":1,"113":1,"114":1,"115":1,"116":0,"117":0,"118":0,"119":0,"120":0,"121":0,"122":0,"123":0,"124":0,"125":0,"126":0,"127":0,"128":0,"129":0,"130":0,"131":0,"132":0,"133":0,"134":0,"135":0,"136":0,"137":0,"138":0,"139":0,"140":0,"141":0,"142":0,"143":0,"144":0,"145":0,"146":0,"147":0,"148":0,"149":0,"150":0,"151":0,"152":0,"153":1,"154":0,"155":0,"156":0,"157":0,"158":0,"159":0,"160":0,"161":0,"162":0,"163":1,"164":0,"165":0,"166":0,"167":0,"168":1,"169":1,"170":1,"171":1,"172":0,"173":0,"174":0,"175":0,"176":0,"177":0,"178":0,"179":0,"180":0,"181":0,"182":0,"183":0,"184":0,"185":0,"186":0,"187":0,"188":0,"189":1,"190":0,"191":0,"192":0,"193":0,"194":0,"195":0,"196":0,"197":0,"198":0,"199":0,"200":1,"201":0,"202":0,"203":0,"204":0,"205":0,"206":0,"207":0,"208":0,"209":0,"210":0,"211":0,"212":0,"213":0,"214":0,"215":0,"216":0,"217":1,"218":0,"219":0,"220":0,"221":0,"222":0,"223":0,"224":0,"225":0,"226":0,"227":0,"228":0,"229":0,"230":0,"231":0,"232":0,"233":0,"234":0,"235":0,"236":0,"237":0,"238":0,"239":0,"240":0,"241":0,"242":0,"243":0,"244":0,"245":0,"246":1,"247":0,"248":0,"249":0,"250":0,"251":0,"252":0,"253":0,"254":0,"255":0,"256":0,"257":0,"258":0,"259":0,"260":0,"261":0,"262":0,"263":0,"264":0,"265":0,"266":0,"267":0,"268":0,"269":0,"270":0,"271":0,"272":1,"273":0,"274":1,"275":0,"276":1,"277":0,"278":1,"279":0,"280":1,"281":1,"282":1,"283":1,"284":1,"285":1,"286":0,"287":0,"288":0,"289":0,"290":0,"291":0,"292":0,"293":0,"294":0,"295":0,"296":0,"297":0,"298":0,"299":0,"300":0,"301":0,"302":0,"303":0,"304":0,"305":0,"306":0,"307":0,"308":0,"309":0,"310":0,"311":0,"312":0,"313":0,"314":0},"f":{"0":2,"1":0,"2":0,"3":0,"4":1,"5":0,"6":1,"7":0,"8":0,"9":0,"10":1,"11":0,"12":0,"13":0,"14":0,"15":0,"16":0,"17":0,"18":0,"19":0,"20":0},"b":{"0":[2,0],"1":[2,0],"2":[0,0],"3":[0,0],"4":[0,0],"5":[0,0,0],"6":[0,0],"7":[0,0],"8":[0,0],"9":[0,0],"10":[1,0,0],"11":[1,0],"12":[0,1],"13":[1,1,1,1],"14":[0,1],"15":[1,0],"16":[1,1],"17":[0,0],"18":[0,0],"19":[0,0],"20":[1,0],"21":[1,0],"22":[0,0],"23":[0,0],"24":[0,0],"25":[0,0],"26":[0,0],"27":[0,0],"28":[0,0],"29":[0,0],"30":[0,0],"31":[0,0],"32":[0,0],"33":[0,0],"34":[0,0],"35":[0,0],"36":[1,0],"37":[1,0],"38":[1,0],"39":[1,0],"40":[1,0],"41":[1,0],"42":[0,0],"43":[0,0],"44":[0,0],"45":[0,0],"46":[0,0],"47":[0,0],"48":[0,0],"49":[0,0],"50":[0,0],"51":[0,0],"52":[0,0],"53":[0,0],"54":[0,0],"55":[0,0],"56":[0,0],"57":[0,0],"58":[0,0],"59":[0,0],"60":[0,0],"61":[0,0],"62":[0,0],"63":[1,0],"64":[0,0],"65":[0,0],"66":[0,0],"67":[0,0],"68":[0,0],"69":[0,0],"70":[0,0],"71":[0,0],"72":[0,0],"73":[0,0],"74":[0,0],"75":[0,0],"76":[0,0],"77":[0,0],"78":[0,0],"79":[0,0],"80":[0,0],"81":[0,0],"82":[0,0],"83":[0,0],"84":[0,0],"85":[0,0],"86":[0,0],"87":[0,0],"88":[0,0],"89":[0,0],"90":[0,0],"91":[0,0],"92":[0,0],"93":[0,0],"94":[0,0],"95":[0,0],"96":[0,0],"97":[0,0],"98":[0,0],"99":[0,0]},"_coverageSchema":"1a1c01bbd47fc00a2c39e90264f33305004495a9","hash":"d1d1a993007c31df72a8022bb7f4b787c13286de"}
}
