{"F:\\WBD-01\\controllers\\authController.js": {"path":"F:\\WBD-01\\controllers\\authController.js","statementMap":{"0":{"start":{"line":1,"column":15},"end":{"line":1,"column":34}},"1":{"start":{"line":2,"column":15},"end":{"line":2,"column":32}},"2":{"start":{"line":3,"column":19},"end":{"line":3,"column":40}},"3":{"start":{"line":4,"column":13},"end":{"line":4,"column":28}},"4":{"start":{"line":5,"column":13},"end":{"line":5,"column":38}},"5":{"start":{"line":6,"column":22},"end":{"line":6,"column":56}},"6":{"start":{"line":12,"column":4},"end":{"line":12,"column":34}},"7":{"start":{"line":16,"column":2},"end":{"line":19,"column":4}},"8":{"start":{"line":23,"column":18},"end":{"line":23,"column":43}},"9":{"start":{"line":24,"column":2},"end":{"line":24,"column":39}},"10":{"start":{"line":29,"column":18},"end":{"line":29,"column":23}},"11":{"start":{"line":30,"column":19},"end":{"line":30,"column":23}},"12":{"start":{"line":31,"column":21},"end":{"line":31,"column":25}},"13":{"start":{"line":33,"column":2},"end":{"line":60,"column":3}},"14":{"start":{"line":34,"column":4},"end":{"line":56,"column":5}},"15":{"start":{"line":39,"column":23},"end":{"line":41,"column":13}},"16":{"start":{"line":42,"column":26},"end":{"line":47,"column":8}},"17":{"start":{"line":48,"column":6},"end":{"line":54,"column":9}},"18":{"start":{"line":55,"column":6},"end":{"line":55,"column":23}},"19":{"start":{"line":58,"column":4},"end":{"line":58,"column":50}},"20":{"start":{"line":59,"column":4},"end":{"line":59,"column":29}},"21":{"start":{"line":63,"column":2},"end":{"line":85,"column":3}},"22":{"start":{"line":64,"column":4},"end":{"line":84,"column":5}},"23":{"start":{"line":65,"column":26},"end":{"line":65,"column":62}},"24":{"start":{"line":66,"column":26},"end":{"line":71,"column":8}},"25":{"start":{"line":72,"column":19},"end":{"line":78,"column":8}},"26":{"start":{"line":79,"column":6},"end":{"line":79,"column":54}},"27":{"start":{"line":80,"column":6},"end":{"line":80,"column":23}},"28":{"start":{"line":82,"column":6},"end":{"line":82,"column":49}},"29":{"start":{"line":83,"column":6},"end":{"line":83,"column":31}},"30":{"start":{"line":87,"column":2},"end":{"line":87,"column":49}},"31":{"start":{"line":90,"column":0},"end":{"line":94,"column":2}},"32":{"start":{"line":91,"column":2},"end":{"line":93,"column":4}},"33":{"start":{"line":96,"column":0},"end":{"line":247,"column":2}},"34":{"start":{"line":98,"column":4},"end":{"line":98,"column":12}},"35":{"start":{"line":99,"column":27},"end":{"line":99,"column":68}},"36":{"start":{"line":100,"column":20},"end":{"line":100,"column":56}},"37":{"start":{"line":101,"column":26},"end":{"line":103,"column":18}},"38":{"start":{"line":104,"column":17},"end":{"line":104,"column":31}},"39":{"start":{"line":107,"column":21},"end":{"line":107,"column":49}},"40":{"start":{"line":108,"column":20},"end":{"line":108,"column":37}},"41":{"start":{"line":109,"column":23},"end":{"line":115,"column":3}},"42":{"start":{"line":117,"column":14},"end":{"line":117,"column":18}},"43":{"start":{"line":118,"column":2},"end":{"line":131,"column":3}},"44":{"start":{"line":119,"column":4},"end":{"line":119,"column":38}},"45":{"start":{"line":120,"column":9},"end":{"line":131,"column":3}},"46":{"start":{"line":121,"column":4},"end":{"line":121,"column":27}},"47":{"start":{"line":122,"column":9},"end":{"line":131,"column":3}},"48":{"start":{"line":126,"column":4},"end":{"line":126,"column":63}},"49":{"start":{"line":127,"column":9},"end":{"line":131,"column":3}},"50":{"start":{"line":128,"column":4},"end":{"line":128,"column":68}},"51":{"start":{"line":129,"column":9},"end":{"line":131,"column":3}},"52":{"start":{"line":130,"column":4},"end":{"line":130,"column":46}},"53":{"start":{"line":133,"column":2},"end":{"line":138,"column":3}},"54":{"start":{"line":134,"column":4},"end":{"line":136,"column":5}},"55":{"start":{"line":135,"column":6},"end":{"line":135,"column":70}},"56":{"start":{"line":137,"column":4},"end":{"line":137,"column":43}},"57":{"start":{"line":140,"column":2},"end":{"line":246,"column":3}},"58":{"start":{"line":142,"column":25},"end":{"line":142,"column":71}},"59":{"start":{"line":143,"column":4},"end":{"line":149,"column":5}},"60":{"start":{"line":144,"column":21},"end":{"line":144,"column":43}},"61":{"start":{"line":145,"column":6},"end":{"line":147,"column":7}},"62":{"start":{"line":146,"column":8},"end":{"line":146,"column":73}},"63":{"start":{"line":148,"column":6},"end":{"line":148,"column":53}},"64":{"start":{"line":151,"column":4},"end":{"line":160,"column":5}},"65":{"start":{"line":152,"column":25},"end":{"line":152,"column":69}},"66":{"start":{"line":153,"column":6},"end":{"line":159,"column":7}},"67":{"start":{"line":154,"column":23},"end":{"line":154,"column":53}},"68":{"start":{"line":155,"column":8},"end":{"line":157,"column":9}},"69":{"start":{"line":156,"column":10},"end":{"line":156,"column":75}},"70":{"start":{"line":158,"column":8},"end":{"line":158,"column":55}},"71":{"start":{"line":163,"column":27},"end":{"line":163,"column":58}},"72":{"start":{"line":166,"column":20},"end":{"line":173,"column":6}},"73":{"start":{"line":175,"column":4},"end":{"line":226,"column":5}},"74":{"start":{"line":177,"column":21},"end":{"line":177,"column":75}},"75":{"start":{"line":178,"column":24},"end":{"line":181,"column":22}},"76":{"start":{"line":182,"column":6},"end":{"line":182,"column":36}},"77":{"start":{"line":183,"column":6},"end":{"line":183,"column":61}},"78":{"start":{"line":184,"column":6},"end":{"line":184,"column":36}},"79":{"start":{"line":186,"column":6},"end":{"line":186,"column":27}},"80":{"start":{"line":187,"column":6},"end":{"line":187,"column":80}},"81":{"start":{"line":190,"column":54},"end":{"line":195,"column":7}},"82":{"start":{"line":197,"column":6},"end":{"line":204,"column":7}},"83":{"start":{"line":198,"column":8},"end":{"line":203,"column":11}},"84":{"start":{"line":206,"column":6},"end":{"line":208,"column":7}},"85":{"start":{"line":207,"column":8},"end":{"line":207,"column":68}},"86":{"start":{"line":210,"column":27},"end":{"line":210,"column":78}},"87":{"start":{"line":211,"column":23},"end":{"line":214,"column":65}},"88":{"start":{"line":216,"column":6},"end":{"line":224,"column":7}},"89":{"start":{"line":217,"column":8},"end":{"line":223,"column":11}},"90":{"start":{"line":225,"column":6},"end":{"line":225,"column":36}},"91":{"start":{"line":228,"column":4},"end":{"line":228,"column":25}},"92":{"start":{"line":229,"column":4},"end":{"line":229,"column":66}},"93":{"start":{"line":231,"column":4},"end":{"line":238,"column":5}},"94":{"start":{"line":232,"column":6},"end":{"line":237,"column":9}},"95":{"start":{"line":239,"column":4},"end":{"line":239,"column":34}},"96":{"start":{"line":241,"column":4},"end":{"line":241,"column":51}},"97":{"start":{"line":242,"column":4},"end":{"line":244,"column":5}},"98":{"start":{"line":243,"column":6},"end":{"line":243,"column":79}},"99":{"start":{"line":245,"column":4},"end":{"line":245,"column":59}},"100":{"start":{"line":249,"column":0},"end":{"line":253,"column":2}},"101":{"start":{"line":250,"column":2},"end":{"line":252,"column":4}},"102":{"start":{"line":255,"column":0},"end":{"line":372,"column":2}},"103":{"start":{"line":256,"column":30},"end":{"line":256,"column":38}},"104":{"start":{"line":257,"column":26},"end":{"line":259,"column":18}},"105":{"start":{"line":260,"column":17},"end":{"line":260,"column":31}},"106":{"start":{"line":261,"column":20},"end":{"line":261,"column":57}},"107":{"start":{"line":263,"column":2},"end":{"line":269,"column":3}},"108":{"start":{"line":264,"column":4},"end":{"line":268,"column":7}},"109":{"start":{"line":271,"column":2},"end":{"line":371,"column":3}},"110":{"start":{"line":273,"column":17},"end":{"line":273,"column":63}},"111":{"start":{"line":274,"column":4},"end":{"line":279,"column":5}},"112":{"start":{"line":275,"column":6},"end":{"line":277,"column":7}},"113":{"start":{"line":276,"column":8},"end":{"line":276,"column":80}},"114":{"start":{"line":278,"column":6},"end":{"line":278,"column":70}},"115":{"start":{"line":280,"column":4},"end":{"line":295,"column":5}},"116":{"start":{"line":281,"column":6},"end":{"line":285,"column":7}},"117":{"start":{"line":282,"column":8},"end":{"line":284,"column":11}},"118":{"start":{"line":286,"column":27},"end":{"line":286,"column":78}},"119":{"start":{"line":287,"column":24},"end":{"line":290,"column":65}},"120":{"start":{"line":291,"column":6},"end":{"line":294,"column":9}},"121":{"start":{"line":298,"column":4},"end":{"line":307,"column":5}},"122":{"start":{"line":299,"column":6},"end":{"line":303,"column":7}},"123":{"start":{"line":300,"column":8},"end":{"line":302,"column":11}},"124":{"start":{"line":304,"column":6},"end":{"line":306,"column":9}},"125":{"start":{"line":310,"column":20},"end":{"line":310,"column":65}},"126":{"start":{"line":311,"column":4},"end":{"line":320,"column":5}},"127":{"start":{"line":312,"column":6},"end":{"line":318,"column":7}},"128":{"start":{"line":313,"column":8},"end":{"line":317,"column":11}},"129":{"start":{"line":319,"column":6},"end":{"line":319,"column":70}},"130":{"start":{"line":322,"column":4},"end":{"line":327,"column":5}},"131":{"start":{"line":323,"column":6},"end":{"line":326,"column":9}},"132":{"start":{"line":329,"column":21},"end":{"line":335,"column":5}},"133":{"start":{"line":337,"column":16},"end":{"line":337,"column":53}},"134":{"start":{"line":338,"column":18},"end":{"line":340,"column":42}},"135":{"start":{"line":341,"column":4},"end":{"line":341,"column":26}},"136":{"start":{"line":342,"column":4},"end":{"line":342,"column":32}},"137":{"start":{"line":345,"column":22},"end":{"line":351,"column":5}},"138":{"start":{"line":353,"column":21},"end":{"line":353,"column":41}},"139":{"start":{"line":354,"column":4},"end":{"line":356,"column":5}},"140":{"start":{"line":355,"column":6},"end":{"line":355,"column":50}},"141":{"start":{"line":358,"column":4},"end":{"line":366,"column":5}},"142":{"start":{"line":359,"column":6},"end":{"line":365,"column":9}},"143":{"start":{"line":367,"column":4},"end":{"line":367,"column":34}},"144":{"start":{"line":369,"column":4},"end":{"line":369,"column":51}},"145":{"start":{"line":370,"column":4},"end":{"line":370,"column":50}},"146":{"start":{"line":374,"column":0},"end":{"line":389,"column":2}},"147":{"start":{"line":375,"column":15},"end":{"line":375,"column":29}},"148":{"start":{"line":376,"column":2},"end":{"line":378,"column":12}},"149":{"start":{"line":377,"column":4},"end":{"line":377,"column":37}},"150":{"start":{"line":380,"column":2},"end":{"line":380,"column":22}},"151":{"start":{"line":381,"column":2},"end":{"line":383,"column":12}},"152":{"start":{"line":382,"column":4},"end":{"line":382,"column":35}},"153":{"start":{"line":385,"column":2},"end":{"line":387,"column":3}},"154":{"start":{"line":386,"column":4},"end":{"line":386,"column":30}},"155":{"start":{"line":388,"column":2},"end":{"line":388,"column":20}},"156":{"start":{"line":391,"column":0},"end":{"line":397,"column":2}},"157":{"start":{"line":392,"column":15},"end":{"line":392,"column":44}},"158":{"start":{"line":393,"column":2},"end":{"line":395,"column":3}},"159":{"start":{"line":394,"column":4},"end":{"line":394,"column":51}},"160":{"start":{"line":396,"column":2},"end":{"line":396,"column":37}},"161":{"start":{"line":399,"column":0},"end":{"line":449,"column":2}},"162":{"start":{"line":400,"column":20},"end":{"line":400,"column":28}},"163":{"start":{"line":401,"column":2},"end":{"line":403,"column":3}},"164":{"start":{"line":402,"column":4},"end":{"line":402,"column":79}},"165":{"start":{"line":405,"column":2},"end":{"line":448,"column":3}},"166":{"start":{"line":406,"column":17},"end":{"line":406,"column":46}},"167":{"start":{"line":407,"column":4},"end":{"line":412,"column":5}},"168":{"start":{"line":408,"column":6},"end":{"line":411,"column":9}},"169":{"start":{"line":414,"column":21},"end":{"line":414,"column":59}},"170":{"start":{"line":415,"column":24},"end":{"line":418,"column":20}},"171":{"start":{"line":419,"column":4},"end":{"line":419,"column":42}},"172":{"start":{"line":420,"column":4},"end":{"line":420,"column":60}},"173":{"start":{"line":421,"column":4},"end":{"line":421,"column":22}},"174":{"start":{"line":424,"column":25},"end":{"line":424,"column":49}},"175":{"start":{"line":425,"column":22},"end":{"line":427,"column":73}},"176":{"start":{"line":429,"column":38},"end":{"line":434,"column":5}},"177":{"start":{"line":436,"column":4},"end":{"line":438,"column":5}},"178":{"start":{"line":437,"column":6},"end":{"line":437,"column":74}},"179":{"start":{"line":440,"column":4},"end":{"line":444,"column":7}},"180":{"start":{"line":446,"column":4},"end":{"line":446,"column":48}},"181":{"start":{"line":447,"column":4},"end":{"line":447,"column":77}},"182":{"start":{"line":451,"column":0},"end":{"line":466,"column":2}},"183":{"start":{"line":452,"column":20},"end":{"line":452,"column":30}},"184":{"start":{"line":453,"column":2},"end":{"line":453,"column":60}},"185":{"start":{"line":453,"column":14},"end":{"line":453,"column":60}},"186":{"start":{"line":455,"column":22},"end":{"line":455,"column":77}},"187":{"start":{"line":456,"column":2},"end":{"line":465,"column":3}},"188":{"start":{"line":457,"column":17},"end":{"line":460,"column":6}},"189":{"start":{"line":461,"column":4},"end":{"line":461,"column":61}},"190":{"start":{"line":461,"column":15},"end":{"line":461,"column":61}},"191":{"start":{"line":462,"column":4},"end":{"line":462,"column":37}},"192":{"start":{"line":464,"column":4},"end":{"line":464,"column":50}},"193":{"start":{"line":468,"column":0},"end":{"line":502,"column":2}},"194":{"start":{"line":469,"column":20},"end":{"line":469,"column":30}},"195":{"start":{"line":470,"column":23},"end":{"line":470,"column":31}},"196":{"start":{"line":471,"column":2},"end":{"line":475,"column":3}},"197":{"start":{"line":472,"column":4},"end":{"line":474,"column":62}},"198":{"start":{"line":477,"column":22},"end":{"line":477,"column":77}},"199":{"start":{"line":478,"column":2},"end":{"line":501,"column":3}},"200":{"start":{"line":479,"column":17},"end":{"line":482,"column":6}},"201":{"start":{"line":483,"column":4},"end":{"line":487,"column":5}},"202":{"start":{"line":484,"column":6},"end":{"line":486,"column":71}},"203":{"start":{"line":489,"column":4},"end":{"line":489,"column":52}},"204":{"start":{"line":490,"column":4},"end":{"line":490,"column":40}},"205":{"start":{"line":491,"column":4},"end":{"line":491,"column":42}},"206":{"start":{"line":492,"column":4},"end":{"line":492,"column":22}},"207":{"start":{"line":494,"column":4},"end":{"line":497,"column":7}},"208":{"start":{"line":499,"column":4},"end":{"line":499,"column":45}},"209":{"start":{"line":500,"column":4},"end":{"line":500,"column":77}},"210":{"start":{"line":504,"column":0},"end":{"line":563,"column":2}},"211":{"start":{"line":505,"column":25},"end":{"line":505,"column":39}},"212":{"start":{"line":506,"column":2},"end":{"line":510,"column":3}},"213":{"start":{"line":507,"column":4},"end":{"line":509,"column":72}},"214":{"start":{"line":512,"column":2},"end":{"line":562,"column":3}},"215":{"start":{"line":513,"column":17},"end":{"line":513,"column":46}},"216":{"start":{"line":514,"column":4},"end":{"line":518,"column":5}},"217":{"start":{"line":515,"column":6},"end":{"line":517,"column":61}},"218":{"start":{"line":519,"column":4},"end":{"line":521,"column":5}},"219":{"start":{"line":520,"column":6},"end":{"line":520,"column":70}},"220":{"start":{"line":522,"column":4},"end":{"line":526,"column":5}},"221":{"start":{"line":523,"column":6},"end":{"line":525,"column":77}},"222":{"start":{"line":527,"column":4},"end":{"line":531,"column":5}},"223":{"start":{"line":528,"column":6},"end":{"line":530,"column":75}},"224":{"start":{"line":533,"column":4},"end":{"line":537,"column":5}},"225":{"start":{"line":534,"column":6},"end":{"line":536,"column":80}},"226":{"start":{"line":539,"column":22},"end":{"line":542,"column":20}},"227":{"start":{"line":543,"column":4},"end":{"line":549,"column":5}},"228":{"start":{"line":544,"column":6},"end":{"line":544,"column":65}},"229":{"start":{"line":545,"column":6},"end":{"line":545,"column":24}},"230":{"start":{"line":546,"column":6},"end":{"line":548,"column":78}},"231":{"start":{"line":552,"column":4},"end":{"line":552,"column":30}},"232":{"start":{"line":553,"column":4},"end":{"line":553,"column":31}},"233":{"start":{"line":554,"column":4},"end":{"line":554,"column":38}},"234":{"start":{"line":555,"column":4},"end":{"line":555,"column":31}},"235":{"start":{"line":556,"column":4},"end":{"line":556,"column":22}},"236":{"start":{"line":558,"column":4},"end":{"line":558,"column":76}},"237":{"start":{"line":560,"column":4},"end":{"line":560,"column":41}},"238":{"start":{"line":561,"column":4},"end":{"line":561,"column":77}},"239":{"start":{"line":565,"column":0},"end":{"line":616,"column":2}},"240":{"start":{"line":566,"column":20},"end":{"line":566,"column":34}},"241":{"start":{"line":567,"column":2},"end":{"line":571,"column":3}},"242":{"start":{"line":568,"column":4},"end":{"line":570,"column":62}},"243":{"start":{"line":573,"column":2},"end":{"line":615,"column":3}},"244":{"start":{"line":574,"column":17},"end":{"line":574,"column":46}},"245":{"start":{"line":575,"column":4},"end":{"line":579,"column":5}},"246":{"start":{"line":576,"column":6},"end":{"line":578,"column":61}},"247":{"start":{"line":580,"column":4},"end":{"line":582,"column":5}},"248":{"start":{"line":581,"column":6},"end":{"line":581,"column":70}},"249":{"start":{"line":584,"column":19},"end":{"line":584,"column":73}},"250":{"start":{"line":585,"column":22},"end":{"line":585,"column":78}},"251":{"start":{"line":586,"column":4},"end":{"line":586,"column":31}},"252":{"start":{"line":587,"column":4},"end":{"line":587,"column":56}},"253":{"start":{"line":588,"column":4},"end":{"line":588,"column":31}},"254":{"start":{"line":589,"column":4},"end":{"line":589,"column":22}},"255":{"start":{"line":591,"column":52},"end":{"line":596,"column":5}},"256":{"start":{"line":598,"column":4},"end":{"line":605,"column":5}},"257":{"start":{"line":599,"column":6},"end":{"line":604,"column":9}},"258":{"start":{"line":607,"column":4},"end":{"line":609,"column":5}},"259":{"start":{"line":608,"column":6},"end":{"line":608,"column":56}},"260":{"start":{"line":611,"column":4},"end":{"line":611,"column":51}},"261":{"start":{"line":613,"column":4},"end":{"line":613,"column":41}},"262":{"start":{"line":614,"column":4},"end":{"line":614,"column":77}},"263":{"start":{"line":621,"column":25},"end":{"line":627,"column":3}},"264":{"start":{"line":628,"column":2},"end":{"line":628,"column":38}},"265":{"start":{"line":631,"column":0},"end":{"line":633,"column":2}},"266":{"start":{"line":632,"column":2},"end":{"line":632,"column":27}},"267":{"start":{"line":635,"column":0},"end":{"line":637,"column":2}},"268":{"start":{"line":636,"column":2},"end":{"line":636,"column":27}},"269":{"start":{"line":639,"column":0},"end":{"line":641,"column":2}},"270":{"start":{"line":640,"column":2},"end":{"line":640,"column":27}},"271":{"start":{"line":643,"column":0},"end":{"line":645,"column":2}},"272":{"start":{"line":644,"column":2},"end":{"line":644,"column":27}},"273":{"start":{"line":648,"column":0},"end":{"line":648,"column":52}},"274":{"start":{"line":649,"column":0},"end":{"line":649,"column":54}},"275":{"start":{"line":650,"column":0},"end":{"line":650,"column":50}},"276":{"start":{"line":651,"column":0},"end":{"line":651,"column":42}},"277":{"start":{"line":652,"column":0},"end":{"line":652,"column":42}},"278":{"start":{"line":655,"column":0},"end":{"line":747,"column":2}},"279":{"start":{"line":656,"column":28},"end":{"line":656,"column":36}},"280":{"start":{"line":658,"column":2},"end":{"line":662,"column":3}},"281":{"start":{"line":659,"column":4},"end":{"line":661,"column":65}},"282":{"start":{"line":664,"column":2},"end":{"line":746,"column":3}},"283":{"start":{"line":666,"column":25},"end":{"line":666,"column":74}},"284":{"start":{"line":667,"column":42},"end":{"line":667,"column":54}},"285":{"start":{"line":669,"column":4},"end":{"line":673,"column":5}},"286":{"start":{"line":670,"column":6},"end":{"line":672,"column":80}},"287":{"start":{"line":676,"column":15},"end":{"line":676,"column":44}},"288":{"start":{"line":678,"column":4},"end":{"line":727,"column":5}},"289":{"start":{"line":680,"column":6},"end":{"line":684,"column":7}},"290":{"start":{"line":681,"column":8},"end":{"line":683,"column":69}},"291":{"start":{"line":687,"column":6},"end":{"line":690,"column":7}},"292":{"start":{"line":688,"column":8},"end":{"line":688,"column":38}},"293":{"start":{"line":689,"column":8},"end":{"line":689,"column":26}},"294":{"start":{"line":692,"column":23},"end":{"line":698,"column":7}},"295":{"start":{"line":700,"column":18},"end":{"line":700,"column":55}},"296":{"start":{"line":701,"column":6},"end":{"line":701,"column":41}},"297":{"start":{"line":702,"column":6},"end":{"line":702,"column":28}},"298":{"start":{"line":703,"column":6},"end":{"line":703,"column":34}},"299":{"start":{"line":706,"column":26},"end":{"line":712,"column":7}},"300":{"start":{"line":714,"column":6},"end":{"line":719,"column":9}},"301":{"start":{"line":722,"column":6},"end":{"line":726,"column":9}},"302":{"start":{"line":729,"column":4},"end":{"line":729,"column":50}},"303":{"start":{"line":731,"column":4},"end":{"line":735,"column":5}},"304":{"start":{"line":732,"column":6},"end":{"line":734,"column":79}},"305":{"start":{"line":736,"column":4},"end":{"line":740,"column":5}},"306":{"start":{"line":737,"column":6},"end":{"line":739,"column":79}},"307":{"start":{"line":742,"column":4},"end":{"line":745,"column":7}}},"fnMap":{"0":{"name":"wantsJson","decl":{"start":{"line":15,"column":9},"end":{"line":15,"column":18}},"loc":{"start":{"line":15,"column":24},"end":{"line":20,"column":1}},"line":15},"1":{"name":"isSwaggerDocsRequest","decl":{"start":{"line":22,"column":9},"end":{"line":22,"column":29}},"loc":{"start":{"line":22,"column":35},"end":{"line":25,"column":1}},"line":22},"2":{"name":"sendEmail","decl":{"start":{"line":28,"column":15},"end":{"line":28,"column":24}},"loc":{"start":{"line":28,"column":50},"end":{"line":88,"column":1}},"line":28},"3":{"name":"(anonymous_3)","decl":{"start":{"line":90,"column":20},"end":{"line":90,"column":21}},"loc":{"start":{"line":90,"column":34},"end":{"line":94,"column":1}},"line":90},"4":{"name":"(anonymous_4)","decl":{"start":{"line":96,"column":21},"end":{"line":96,"column":22}},"loc":{"start":{"line":96,"column":41},"end":{"line":247,"column":1}},"line":96},"5":{"name":"(anonymous_5)","decl":{"start":{"line":249,"column":19},"end":{"line":249,"column":20}},"loc":{"start":{"line":249,"column":33},"end":{"line":253,"column":1}},"line":249},"6":{"name":"(anonymous_6)","decl":{"start":{"line":255,"column":20},"end":{"line":255,"column":21}},"loc":{"start":{"line":255,"column":40},"end":{"line":372,"column":1}},"line":255},"7":{"name":"(anonymous_7)","decl":{"start":{"line":374,"column":17},"end":{"line":374,"column":18}},"loc":{"start":{"line":374,"column":31},"end":{"line":389,"column":1}},"line":374},"8":{"name":"(anonymous_8)","decl":{"start":{"line":377,"column":27},"end":{"line":377,"column":28}},"loc":{"start":{"line":377,"column":33},"end":{"line":377,"column":35}},"line":377},"9":{"name":"(anonymous_9)","decl":{"start":{"line":391,"column":21},"end":{"line":391,"column":22}},"loc":{"start":{"line":391,"column":35},"end":{"line":397,"column":1}},"line":391},"10":{"name":"(anonymous_10)","decl":{"start":{"line":399,"column":29},"end":{"line":399,"column":30}},"loc":{"start":{"line":399,"column":49},"end":{"line":449,"column":1}},"line":399},"11":{"name":"(anonymous_11)","decl":{"start":{"line":451,"column":27},"end":{"line":451,"column":28}},"loc":{"start":{"line":451,"column":47},"end":{"line":466,"column":1}},"line":451},"12":{"name":"(anonymous_12)","decl":{"start":{"line":468,"column":28},"end":{"line":468,"column":29}},"loc":{"start":{"line":468,"column":48},"end":{"line":502,"column":1}},"line":468},"13":{"name":"(anonymous_13)","decl":{"start":{"line":504,"column":24},"end":{"line":504,"column":25}},"loc":{"start":{"line":504,"column":44},"end":{"line":563,"column":1}},"line":504},"14":{"name":"(anonymous_14)","decl":{"start":{"line":565,"column":24},"end":{"line":565,"column":25}},"loc":{"start":{"line":565,"column":44},"end":{"line":616,"column":1}},"line":565},"15":{"name":"sendReactApp","decl":{"start":{"line":620,"column":9},"end":{"line":620,"column":21}},"loc":{"start":{"line":620,"column":27},"end":{"line":629,"column":1}},"line":620},"16":{"name":"(anonymous_16)","decl":{"start":{"line":631,"column":19},"end":{"line":631,"column":20}},"loc":{"start":{"line":631,"column":33},"end":{"line":633,"column":1}},"line":631},"17":{"name":"(anonymous_17)","decl":{"start":{"line":635,"column":23},"end":{"line":635,"column":24}},"loc":{"start":{"line":635,"column":37},"end":{"line":637,"column":1}},"line":635},"18":{"name":"(anonymous_18)","decl":{"start":{"line":639,"column":22},"end":{"line":639,"column":23}},"loc":{"start":{"line":639,"column":36},"end":{"line":641,"column":1}},"line":639},"19":{"name":"(anonymous_19)","decl":{"start":{"line":643,"column":17},"end":{"line":643,"column":18}},"loc":{"start":{"line":643,"column":31},"end":{"line":645,"column":1}},"line":643},"20":{"name":"(anonymous_20)","decl":{"start":{"line":655,"column":23},"end":{"line":655,"column":24}},"loc":{"start":{"line":655,"column":43},"end":{"line":747,"column":1}},"line":655}},"branchMap":{"0":{"loc":{"start":{"line":17,"column":4},"end":{"line":18,"column":68}},"type":"binary-expr","locations":[{"start":{"line":17,"column":4},"end":{"line":17,"column":59}},{"start":{"line":18,"column":4},"end":{"line":18,"column":68}}],"line":17},"1":{"loc":{"start":{"line":17,"column":5},"end":{"line":17,"column":29}},"type":"binary-expr","locations":[{"start":{"line":17,"column":5},"end":{"line":17,"column":23}},{"start":{"line":17,"column":27},"end":{"line":17,"column":29}}],"line":17},"2":{"loc":{"start":{"line":18,"column":5},"end":{"line":18,"column":38}},"type":"binary-expr","locations":[{"start":{"line":18,"column":5},"end":{"line":18,"column":32}},{"start":{"line":18,"column":36},"end":{"line":18,"column":38}}],"line":18},"3":{"loc":{"start":{"line":23,"column":18},"end":{"line":23,"column":43}},"type":"binary-expr","locations":[{"start":{"line":23,"column":18},"end":{"line":23,"column":37}},{"start":{"line":23,"column":41},"end":{"line":23,"column":43}}],"line":23},"4":{"loc":{"start":{"line":34,"column":4},"end":{"line":56,"column":5}},"type":"if","locations":[{"start":{"line":34,"column":4},"end":{"line":56,"column":5}},{"start":{},"end":{}}],"line":34},"5":{"loc":{"start":{"line":35,"column":6},"end":{"line":37,"column":27}},"type":"binary-expr","locations":[{"start":{"line":35,"column":6},"end":{"line":35,"column":27}},{"start":{"line":36,"column":6},"end":{"line":36,"column":27}},{"start":{"line":37,"column":6},"end":{"line":37,"column":27}}],"line":35},"6":{"loc":{"start":{"line":39,"column":23},"end":{"line":41,"column":13}},"type":"cond-expr","locations":[{"start":{"line":40,"column":10},"end":{"line":40,"column":39}},{"start":{"line":41,"column":10},"end":{"line":41,"column":13}}],"line":39},"7":{"loc":{"start":{"line":49,"column":14},"end":{"line":49,"column":60}},"type":"binary-expr","locations":[{"start":{"line":49,"column":14},"end":{"line":49,"column":35}},{"start":{"line":49,"column":39},"end":{"line":49,"column":60}}],"line":49},"8":{"loc":{"start":{"line":63,"column":2},"end":{"line":85,"column":3}},"type":"if","locations":[{"start":{"line":63,"column":2},"end":{"line":85,"column":3}},{"start":{},"end":{}}],"line":63},"9":{"loc":{"start":{"line":63,"column":6},"end":{"line":63,"column":57}},"type":"binary-expr","locations":[{"start":{"line":63,"column":6},"end":{"line":63,"column":16}},{"start":{"line":63,"column":20},"end":{"line":63,"column":57}}],"line":63},"10":{"loc":{"start":{"line":100,"column":20},"end":{"line":100,"column":56}},"type":"binary-expr","locations":[{"start":{"line":100,"column":20},"end":{"line":100,"column":24}},{"start":{"line":100,"column":28},"end":{"line":100,"column":40}},{"start":{"line":100,"column":44},"end":{"line":100,"column":56}}],"line":100},"11":{"loc":{"start":{"line":101,"column":33},"end":{"line":101,"column":44}},"type":"binary-expr","locations":[{"start":{"line":101,"column":33},"end":{"line":101,"column":38}},{"start":{"line":101,"column":42},"end":{"line":101,"column":44}}],"line":101},"12":{"loc":{"start":{"line":118,"column":2},"end":{"line":131,"column":3}},"type":"if","locations":[{"start":{"line":118,"column":2},"end":{"line":131,"column":3}},{"start":{"line":120,"column":9},"end":{"line":131,"column":3}}],"line":118},"13":{"loc":{"start":{"line":118,"column":6},"end":{"line":118,"column":58}},"type":"binary-expr","locations":[{"start":{"line":118,"column":6},"end":{"line":118,"column":16}},{"start":{"line":118,"column":20},"end":{"line":118,"column":36}},{"start":{"line":118,"column":40},"end":{"line":118,"column":49}},{"start":{"line":118,"column":53},"end":{"line":118,"column":58}}],"line":118},"14":{"loc":{"start":{"line":120,"column":9},"end":{"line":131,"column":3}},"type":"if","locations":[{"start":{"line":120,"column":9},"end":{"line":131,"column":3}},{"start":{"line":122,"column":9},"end":{"line":131,"column":3}}],"line":120},"15":{"loc":{"start":{"line":122,"column":9},"end":{"line":131,"column":3}},"type":"if","locations":[{"start":{"line":122,"column":9},"end":{"line":131,"column":3}},{"start":{"line":127,"column":9},"end":{"line":131,"column":3}}],"line":122},"16":{"loc":{"start":{"line":123,"column":4},"end":{"line":124,"column":43}},"type":"binary-expr","locations":[{"start":{"line":123,"column":4},"end":{"line":123,"column":37}},{"start":{"line":124,"column":4},"end":{"line":124,"column":43}}],"line":123},"17":{"loc":{"start":{"line":127,"column":9},"end":{"line":131,"column":3}},"type":"if","locations":[{"start":{"line":127,"column":9},"end":{"line":131,"column":3}},{"start":{"line":129,"column":9},"end":{"line":131,"column":3}}],"line":127},"18":{"loc":{"start":{"line":129,"column":9},"end":{"line":131,"column":3}},"type":"if","locations":[{"start":{"line":129,"column":9},"end":{"line":131,"column":3}},{"start":{},"end":{}}],"line":129},"19":{"loc":{"start":{"line":129,"column":13},"end":{"line":129,"column":61}},"type":"binary-expr","locations":[{"start":{"line":129,"column":13},"end":{"line":129,"column":19}},{"start":{"line":129,"column":23},"end":{"line":129,"column":61}}],"line":129},"20":{"loc":{"start":{"line":133,"column":2},"end":{"line":138,"column":3}},"type":"if","locations":[{"start":{"line":133,"column":2},"end":{"line":138,"column":3}},{"start":{},"end":{}}],"line":133},"21":{"loc":{"start":{"line":134,"column":4},"end":{"line":136,"column":5}},"type":"if","locations":[{"start":{"line":134,"column":4},"end":{"line":136,"column":5}},{"start":{},"end":{}}],"line":134},"22":{"loc":{"start":{"line":143,"column":4},"end":{"line":149,"column":5}},"type":"if","locations":[{"start":{"line":143,"column":4},"end":{"line":149,"column":5}},{"start":{},"end":{}}],"line":143},"23":{"loc":{"start":{"line":145,"column":6},"end":{"line":147,"column":7}},"type":"if","locations":[{"start":{"line":145,"column":6},"end":{"line":147,"column":7}},{"start":{},"end":{}}],"line":145},"24":{"loc":{"start":{"line":151,"column":4},"end":{"line":160,"column":5}},"type":"if","locations":[{"start":{"line":151,"column":4},"end":{"line":160,"column":5}},{"start":{},"end":{}}],"line":151},"25":{"loc":{"start":{"line":153,"column":6},"end":{"line":159,"column":7}},"type":"if","locations":[{"start":{"line":153,"column":6},"end":{"line":159,"column":7}},{"start":{},"end":{}}],"line":153},"26":{"loc":{"start":{"line":155,"column":8},"end":{"line":157,"column":9}},"type":"if","locations":[{"start":{"line":155,"column":8},"end":{"line":157,"column":9}},{"start":{},"end":{}}],"line":155},"27":{"loc":{"start":{"line":175,"column":4},"end":{"line":226,"column":5}},"type":"if","locations":[{"start":{"line":175,"column":4},"end":{"line":226,"column":5}},{"start":{},"end":{}}],"line":175},"28":{"loc":{"start":{"line":197,"column":6},"end":{"line":204,"column":7}},"type":"if","locations":[{"start":{"line":197,"column":6},"end":{"line":204,"column":7}},{"start":{},"end":{}}],"line":197},"29":{"loc":{"start":{"line":197,"column":10},"end":{"line":197,"column":61}},"type":"binary-expr","locations":[{"start":{"line":197,"column":10},"end":{"line":197,"column":20}},{"start":{"line":197,"column":24},"end":{"line":197,"column":61}}],"line":197},"30":{"loc":{"start":{"line":202,"column":18},"end":{"line":202,"column":52}},"type":"binary-expr","locations":[{"start":{"line":202,"column":18},"end":{"line":202,"column":30}},{"start":{"line":202,"column":34},"end":{"line":202,"column":52}}],"line":202},"31":{"loc":{"start":{"line":206,"column":6},"end":{"line":208,"column":7}},"type":"if","locations":[{"start":{"line":206,"column":6},"end":{"line":208,"column":7}},{"start":{},"end":{}}],"line":206},"32":{"loc":{"start":{"line":210,"column":27},"end":{"line":210,"column":78}},"type":"binary-expr","locations":[{"start":{"line":210,"column":27},"end":{"line":210,"column":51}},{"start":{"line":210,"column":55},"end":{"line":210,"column":78}}],"line":210},"33":{"loc":{"start":{"line":216,"column":6},"end":{"line":224,"column":7}},"type":"if","locations":[{"start":{"line":216,"column":6},"end":{"line":224,"column":7}},{"start":{},"end":{}}],"line":216},"34":{"loc":{"start":{"line":231,"column":4},"end":{"line":238,"column":5}},"type":"if","locations":[{"start":{"line":231,"column":4},"end":{"line":238,"column":5}},{"start":{},"end":{}}],"line":231},"35":{"loc":{"start":{"line":242,"column":4},"end":{"line":244,"column":5}},"type":"if","locations":[{"start":{"line":242,"column":4},"end":{"line":244,"column":5}},{"start":{},"end":{}}],"line":242},"36":{"loc":{"start":{"line":257,"column":33},"end":{"line":257,"column":44}},"type":"binary-expr","locations":[{"start":{"line":257,"column":33},"end":{"line":257,"column":38}},{"start":{"line":257,"column":42},"end":{"line":257,"column":44}}],"line":257},"37":{"loc":{"start":{"line":263,"column":2},"end":{"line":269,"column":3}},"type":"if","locations":[{"start":{"line":263,"column":2},"end":{"line":269,"column":3}},{"start":{},"end":{}}],"line":263},"38":{"loc":{"start":{"line":265,"column":31},"end":{"line":265,"column":42}},"type":"binary-expr","locations":[{"start":{"line":265,"column":31},"end":{"line":265,"column":36}},{"start":{"line":265,"column":40},"end":{"line":265,"column":42}}],"line":265},"39":{"loc":{"start":{"line":267,"column":29},"end":{"line":267,"column":43}},"type":"binary-expr","locations":[{"start":{"line":267,"column":29},"end":{"line":267,"column":37}},{"start":{"line":267,"column":41},"end":{"line":267,"column":43}}],"line":267},"40":{"loc":{"start":{"line":274,"column":4},"end":{"line":279,"column":5}},"type":"if","locations":[{"start":{"line":274,"column":4},"end":{"line":279,"column":5}},{"start":{},"end":{}}],"line":274},"41":{"loc":{"start":{"line":275,"column":6},"end":{"line":277,"column":7}},"type":"if","locations":[{"start":{"line":275,"column":6},"end":{"line":277,"column":7}},{"start":{},"end":{}}],"line":275},"42":{"loc":{"start":{"line":280,"column":4},"end":{"line":295,"column":5}},"type":"if","locations":[{"start":{"line":280,"column":4},"end":{"line":295,"column":5}},{"start":{},"end":{}}],"line":280},"43":{"loc":{"start":{"line":281,"column":6},"end":{"line":285,"column":7}},"type":"if","locations":[{"start":{"line":281,"column":6},"end":{"line":285,"column":7}},{"start":{},"end":{}}],"line":281},"44":{"loc":{"start":{"line":286,"column":27},"end":{"line":286,"column":78}},"type":"binary-expr","locations":[{"start":{"line":286,"column":27},"end":{"line":286,"column":51}},{"start":{"line":286,"column":55},"end":{"line":286,"column":78}}],"line":286},"45":{"loc":{"start":{"line":298,"column":4},"end":{"line":307,"column":5}},"type":"if","locations":[{"start":{"line":298,"column":4},"end":{"line":307,"column":5}},{"start":{},"end":{}}],"line":298},"46":{"loc":{"start":{"line":299,"column":6},"end":{"line":303,"column":7}},"type":"if","locations":[{"start":{"line":299,"column":6},"end":{"line":303,"column":7}},{"start":{},"end":{}}],"line":299},"47":{"loc":{"start":{"line":311,"column":4},"end":{"line":320,"column":5}},"type":"if","locations":[{"start":{"line":311,"column":4},"end":{"line":320,"column":5}},{"start":{},"end":{}}],"line":311},"48":{"loc":{"start":{"line":312,"column":6},"end":{"line":318,"column":7}},"type":"if","locations":[{"start":{"line":312,"column":6},"end":{"line":318,"column":7}},{"start":{},"end":{}}],"line":312},"49":{"loc":{"start":{"line":315,"column":29},"end":{"line":315,"column":48}},"type":"binary-expr","locations":[{"start":{"line":315,"column":29},"end":{"line":315,"column":42}},{"start":{"line":315,"column":46},"end":{"line":315,"column":48}}],"line":315},"50":{"loc":{"start":{"line":316,"column":29},"end":{"line":316,"column":48}},"type":"binary-expr","locations":[{"start":{"line":316,"column":29},"end":{"line":316,"column":42}},{"start":{"line":316,"column":46},"end":{"line":316,"column":48}}],"line":316},"51":{"loc":{"start":{"line":322,"column":4},"end":{"line":327,"column":5}},"type":"if","locations":[{"start":{"line":322,"column":4},"end":{"line":327,"column":5}},{"start":{},"end":{}}],"line":322},"52":{"loc":{"start":{"line":337,"column":16},"end":{"line":337,"column":53}},"type":"binary-expr","locations":[{"start":{"line":337,"column":16},"end":{"line":337,"column":32}},{"start":{"line":337,"column":36},"end":{"line":337,"column":53}}],"line":337},"53":{"loc":{"start":{"line":338,"column":18},"end":{"line":340,"column":42}},"type":"cond-expr","locations":[{"start":{"line":339,"column":8},"end":{"line":339,"column":36}},{"start":{"line":340,"column":8},"end":{"line":340,"column":42}}],"line":338},"54":{"loc":{"start":{"line":354,"column":4},"end":{"line":356,"column":5}},"type":"if","locations":[{"start":{"line":354,"column":4},"end":{"line":356,"column":5}},{"start":{},"end":{}}],"line":354},"55":{"loc":{"start":{"line":358,"column":4},"end":{"line":366,"column":5}},"type":"if","locations":[{"start":{"line":358,"column":4},"end":{"line":366,"column":5}},{"start":{},"end":{}}],"line":358},"56":{"loc":{"start":{"line":385,"column":2},"end":{"line":387,"column":3}},"type":"if","locations":[{"start":{"line":385,"column":2},"end":{"line":387,"column":3}},{"start":{},"end":{}}],"line":385},"57":{"loc":{"start":{"line":385,"column":6},"end":{"line":385,"column":39}},"type":"binary-expr","locations":[{"start":{"line":385,"column":6},"end":{"line":385,"column":10}},{"start":{"line":385,"column":14},"end":{"line":385,"column":39}}],"line":385},"58":{"loc":{"start":{"line":392,"column":15},"end":{"line":392,"column":44}},"type":"binary-expr","locations":[{"start":{"line":392,"column":15},"end":{"line":392,"column":23}},{"start":{"line":392,"column":27},"end":{"line":392,"column":44}}],"line":392},"59":{"loc":{"start":{"line":393,"column":2},"end":{"line":395,"column":3}},"type":"if","locations":[{"start":{"line":393,"column":2},"end":{"line":395,"column":3}},{"start":{},"end":{}}],"line":393},"60":{"loc":{"start":{"line":401,"column":2},"end":{"line":403,"column":3}},"type":"if","locations":[{"start":{"line":401,"column":2},"end":{"line":403,"column":3}},{"start":{},"end":{}}],"line":401},"61":{"loc":{"start":{"line":407,"column":4},"end":{"line":412,"column":5}},"type":"if","locations":[{"start":{"line":407,"column":4},"end":{"line":412,"column":5}},{"start":{},"end":{}}],"line":407},"62":{"loc":{"start":{"line":425,"column":22},"end":{"line":427,"column":73}},"type":"cond-expr","locations":[{"start":{"line":426,"column":8},"end":{"line":426,"column":71}},{"start":{"line":427,"column":8},"end":{"line":427,"column":73}}],"line":425},"63":{"loc":{"start":{"line":436,"column":4},"end":{"line":438,"column":5}},"type":"if","locations":[{"start":{"line":436,"column":4},"end":{"line":438,"column":5}},{"start":{},"end":{}}],"line":436},"64":{"loc":{"start":{"line":453,"column":2},"end":{"line":453,"column":60}},"type":"if","locations":[{"start":{"line":453,"column":2},"end":{"line":453,"column":60}},{"start":{},"end":{}}],"line":453},"65":{"loc":{"start":{"line":461,"column":4},"end":{"line":461,"column":61}},"type":"if","locations":[{"start":{"line":461,"column":4},"end":{"line":461,"column":61}},{"start":{},"end":{}}],"line":461},"66":{"loc":{"start":{"line":471,"column":2},"end":{"line":475,"column":3}},"type":"if","locations":[{"start":{"line":471,"column":2},"end":{"line":475,"column":3}},{"start":{},"end":{}}],"line":471},"67":{"loc":{"start":{"line":483,"column":4},"end":{"line":487,"column":5}},"type":"if","locations":[{"start":{"line":483,"column":4},"end":{"line":487,"column":5}},{"start":{},"end":{}}],"line":483},"68":{"loc":{"start":{"line":505,"column":25},"end":{"line":505,"column":39}},"type":"binary-expr","locations":[{"start":{"line":505,"column":25},"end":{"line":505,"column":33}},{"start":{"line":505,"column":37},"end":{"line":505,"column":39}}],"line":505},"69":{"loc":{"start":{"line":506,"column":2},"end":{"line":510,"column":3}},"type":"if","locations":[{"start":{"line":506,"column":2},"end":{"line":510,"column":3}},{"start":{},"end":{}}],"line":506},"70":{"loc":{"start":{"line":506,"column":6},"end":{"line":506,"column":20}},"type":"binary-expr","locations":[{"start":{"line":506,"column":6},"end":{"line":506,"column":12}},{"start":{"line":506,"column":16},"end":{"line":506,"column":20}}],"line":506},"71":{"loc":{"start":{"line":514,"column":4},"end":{"line":518,"column":5}},"type":"if","locations":[{"start":{"line":514,"column":4},"end":{"line":518,"column":5}},{"start":{},"end":{}}],"line":514},"72":{"loc":{"start":{"line":519,"column":4},"end":{"line":521,"column":5}},"type":"if","locations":[{"start":{"line":519,"column":4},"end":{"line":521,"column":5}},{"start":{},"end":{}}],"line":519},"73":{"loc":{"start":{"line":522,"column":4},"end":{"line":526,"column":5}},"type":"if","locations":[{"start":{"line":522,"column":4},"end":{"line":526,"column":5}},{"start":{},"end":{}}],"line":522},"74":{"loc":{"start":{"line":522,"column":8},"end":{"line":522,"column":49}},"type":"binary-expr","locations":[{"start":{"line":522,"column":8},"end":{"line":522,"column":23}},{"start":{"line":522,"column":27},"end":{"line":522,"column":49}}],"line":522},"75":{"loc":{"start":{"line":527,"column":4},"end":{"line":531,"column":5}},"type":"if","locations":[{"start":{"line":527,"column":4},"end":{"line":531,"column":5}},{"start":{},"end":{}}],"line":527},"76":{"loc":{"start":{"line":533,"column":4},"end":{"line":537,"column":5}},"type":"if","locations":[{"start":{"line":533,"column":4},"end":{"line":537,"column":5}},{"start":{},"end":{}}],"line":533},"77":{"loc":{"start":{"line":543,"column":4},"end":{"line":549,"column":5}},"type":"if","locations":[{"start":{"line":543,"column":4},"end":{"line":549,"column":5}},{"start":{},"end":{}}],"line":543},"78":{"loc":{"start":{"line":544,"column":32},"end":{"line":544,"column":59}},"type":"binary-expr","locations":[{"start":{"line":544,"column":32},"end":{"line":544,"column":54}},{"start":{"line":544,"column":58},"end":{"line":544,"column":59}}],"line":544},"79":{"loc":{"start":{"line":566,"column":20},"end":{"line":566,"column":34}},"type":"binary-expr","locations":[{"start":{"line":566,"column":20},"end":{"line":566,"column":28}},{"start":{"line":566,"column":32},"end":{"line":566,"column":34}}],"line":566},"80":{"loc":{"start":{"line":567,"column":2},"end":{"line":571,"column":3}},"type":"if","locations":[{"start":{"line":567,"column":2},"end":{"line":571,"column":3}},{"start":{},"end":{}}],"line":567},"81":{"loc":{"start":{"line":575,"column":4},"end":{"line":579,"column":5}},"type":"if","locations":[{"start":{"line":575,"column":4},"end":{"line":579,"column":5}},{"start":{},"end":{}}],"line":575},"82":{"loc":{"start":{"line":580,"column":4},"end":{"line":582,"column":5}},"type":"if","locations":[{"start":{"line":580,"column":4},"end":{"line":582,"column":5}},{"start":{},"end":{}}],"line":580},"83":{"loc":{"start":{"line":598,"column":4},"end":{"line":605,"column":5}},"type":"if","locations":[{"start":{"line":598,"column":4},"end":{"line":605,"column":5}},{"start":{},"end":{}}],"line":598},"84":{"loc":{"start":{"line":598,"column":8},"end":{"line":598,"column":59}},"type":"binary-expr","locations":[{"start":{"line":598,"column":8},"end":{"line":598,"column":18}},{"start":{"line":598,"column":22},"end":{"line":598,"column":59}}],"line":598},"85":{"loc":{"start":{"line":603,"column":16},"end":{"line":603,"column":50}},"type":"binary-expr","locations":[{"start":{"line":603,"column":16},"end":{"line":603,"column":28}},{"start":{"line":603,"column":32},"end":{"line":603,"column":50}}],"line":603},"86":{"loc":{"start":{"line":607,"column":4},"end":{"line":609,"column":5}},"type":"if","locations":[{"start":{"line":607,"column":4},"end":{"line":609,"column":5}},{"start":{},"end":{}}],"line":607},"87":{"loc":{"start":{"line":658,"column":2},"end":{"line":662,"column":3}},"type":"if","locations":[{"start":{"line":658,"column":2},"end":{"line":662,"column":3}},{"start":{},"end":{}}],"line":658},"88":{"loc":{"start":{"line":669,"column":4},"end":{"line":673,"column":5}},"type":"if","locations":[{"start":{"line":669,"column":4},"end":{"line":673,"column":5}},{"start":{},"end":{}}],"line":669},"89":{"loc":{"start":{"line":678,"column":4},"end":{"line":727,"column":5}},"type":"if","locations":[{"start":{"line":678,"column":4},"end":{"line":727,"column":5}},{"start":{"line":720,"column":11},"end":{"line":727,"column":5}}],"line":678},"90":{"loc":{"start":{"line":680,"column":6},"end":{"line":684,"column":7}},"type":"if","locations":[{"start":{"line":680,"column":6},"end":{"line":684,"column":7}},{"start":{},"end":{}}],"line":680},"91":{"loc":{"start":{"line":687,"column":6},"end":{"line":690,"column":7}},"type":"if","locations":[{"start":{"line":687,"column":6},"end":{"line":690,"column":7}},{"start":{},"end":{}}],"line":687},"92":{"loc":{"start":{"line":687,"column":10},"end":{"line":687,"column":41}},"type":"binary-expr","locations":[{"start":{"line":687,"column":10},"end":{"line":687,"column":30}},{"start":{"line":687,"column":34},"end":{"line":687,"column":41}}],"line":687},"93":{"loc":{"start":{"line":700,"column":18},"end":{"line":700,"column":55}},"type":"binary-expr","locations":[{"start":{"line":700,"column":18},"end":{"line":700,"column":34}},{"start":{"line":700,"column":38},"end":{"line":700,"column":55}}],"line":700},"94":{"loc":{"start":{"line":717,"column":18},"end":{"line":717,"column":47}},"type":"binary-expr","locations":[{"start":{"line":717,"column":18},"end":{"line":717,"column":40}},{"start":{"line":717,"column":44},"end":{"line":717,"column":47}}],"line":717},"95":{"loc":{"start":{"line":731,"column":4},"end":{"line":735,"column":5}},"type":"if","locations":[{"start":{"line":731,"column":4},"end":{"line":735,"column":5}},{"start":{},"end":{}}],"line":731},"96":{"loc":{"start":{"line":736,"column":4},"end":{"line":740,"column":5}},"type":"if","locations":[{"start":{"line":736,"column":4},"end":{"line":740,"column":5}},{"start":{},"end":{}}],"line":736}},"s":{"0":1,"1":1,"2":1,"3":1,"4":1,"5":1,"6":1,"7":2,"8":0,"9":0,"10":0,"11":0,"12":0,"13":0,"14":0,"15":0,"16":0,"17":0,"18":0,"19":0,"20":0,"21":0,"22":0,"23":0,"24":0,"25":0,"26":0,"27":0,"28":0,"29":0,"30":0,"31":1,"32":0,"33":1,"34":1,"35":1,"36":1,"37":1,"38":1,"39":1,"40":1,"41":1,"42":1,"43":1,"44":0,"45":1,"46":0,"47":1,"48":1,"49":0,"50":0,"51":0,"52":0,"53":1,"54":1,"55":1,"56":0,"57":0,"58":0,"59":0,"60":0,"61":0,"62":0,"63":0,"64":0,"65":0,"66":0,"67":0,"68":0,"69":0,"70":0,"71":0,"72":0,"73":0,"74":0,"75":0,"76":0,"77":0,"78":0,"79":0,"80":0,"81":0,"82":0,"83":0,"84":0,"85":0,"86":0,"87":0,"88":0,"89":0,"90":0,"91":0,"92":0,"93":0,"94":0,"95":0,"96":0,"97":0,"98":0,"99":0,"100":1,"101":0,"102":1,"103":1,"104":1,"105":1,"106":1,"107":1,"108":1,"109":1,"110":1,"111":1,"112":1,"113":1,"114":1,"115":0,"116":0,"117":0,"118":0,"119":0,"120":0,"121":0,"122":0,"123":0,"124":0,"125":0,"126":0,"127":0,"128":0,"129":0,"130":0,"131":0,"132":0,"133":0,"134":0,"135":0,"136":0,"137":0,"138":0,"139":0,"140":0,"141":0,"142":0,"143":0,"144":0,"145":0,"146":1,"147":0,"148":0,"149":0,"150":0,"151":0,"152":0,"153":0,"154":0,"155":0,"156":1,"157":0,"158":0,"159":0,"160":0,"161":1,"162":1,"163":1,"164":1,"165":0,"166":0,"167":0,"168":0,"169":0,"170":0,"171":0,"172":0,"173":0,"174":0,"175":0,"176":0,"177":0,"178":0,"179":0,"180":0,"181":0,"182":1,"183":0,"184":0,"185":0,"186":0,"187":0,"188":0,"189":0,"190":0,"191":0,"192":0,"193":1,"194":0,"195":0,"196":0,"197":0,"198":0,"199":0,"200":0,"201":0,"202":0,"203":0,"204":0,"205":0,"206":0,"207":0,"208":0,"209":0,"210":1,"211":0,"212":0,"213":0,"214":0,"215":0,"216":0,"217":0,"218":0,"219":0,"220":0,"221":0,"222":0,"223":0,"224":0,"225":0,"226":0,"227":0,"228":0,"229":0,"230":0,"231":0,"232":0,"233":0,"234":0,"235":0,"236":0,"237":0,"238":0,"239":1,"240":0,"241":0,"242":0,"243":0,"244":0,"245":0,"246":0,"247":0,"248":0,"249":0,"250":0,"251":0,"252":0,"253":0,"254":0,"255":0,"256":0,"257":0,"258":0,"259":0,"260":0,"261":0,"262":0,"263":0,"264":0,"265":1,"266":0,"267":1,"268":0,"269":1,"270":0,"271":1,"272":0,"273":1,"274":1,"275":1,"276":1,"277":1,"278":1,"279":0,"280":0,"281":0,"282":0,"283":0,"284":0,"285":0,"286":0,"287":0,"288":0,"289":0,"290":0,"291":0,"292":0,"293":0,"294":0,"295":0,"296":0,"297":0,"298":0,"299":0,"300":0,"301":0,"302":0,"303":0,"304":0,"305":0,"306":0,"307":0},"f":{"0":2,"1":0,"2":0,"3":0,"4":1,"5":0,"6":1,"7":0,"8":0,"9":0,"10":1,"11":0,"12":0,"13":0,"14":0,"15":0,"16":0,"17":0,"18":0,"19":0,"20":0},"b":{"0":[2,0],"1":[2,0],"2":[0,0],"3":[0,0],"4":[0,0],"5":[0,0,0],"6":[0,0],"7":[0,0],"8":[0,0],"9":[0,0],"10":[1,0,0],"11":[1,0],"12":[0,1],"13":[1,1,1,1],"14":[0,1],"15":[1,0],"16":[1,1],"17":[0,0],"18":[0,0],"19":[0,0],"20":[1,0],"21":[1,0],"22":[0,0],"23":[0,0],"24":[0,0],"25":[0,0],"26":[0,0],"27":[0,0],"28":[0,0],"29":[0,0],"30":[0,0],"31":[0,0],"32":[0,0],"33":[0,0],"34":[0,0],"35":[0,0],"36":[1,0],"37":[1,0],"38":[1,0],"39":[1,0],"40":[1,0],"41":[1,0],"42":[0,0],"43":[0,0],"44":[0,0],"45":[0,0],"46":[0,0],"47":[0,0],"48":[0,0],"49":[0,0],"50":[0,0],"51":[0,0],"52":[0,0],"53":[0,0],"54":[0,0],"55":[0,0],"56":[0,0],"57":[0,0],"58":[0,0],"59":[0,0],"60":[1,0],"61":[0,0],"62":[0,0],"63":[0,0],"64":[0,0],"65":[0,0],"66":[0,0],"67":[0,0],"68":[0,0],"69":[0,0],"70":[0,0],"71":[0,0],"72":[0,0],"73":[0,0],"74":[0,0],"75":[0,0],"76":[0,0],"77":[0,0],"78":[0,0],"79":[0,0],"80":[0,0],"81":[0,0],"82":[0,0],"83":[0,0],"84":[0,0],"85":[0,0],"86":[0,0],"87":[0,0],"88":[0,0],"89":[0,0],"90":[0,0],"91":[0,0],"92":[0,0],"93":[0,0],"94":[0,0],"95":[0,0],"96":[0,0]},"_coverageSchema":"1a1c01bbd47fc00a2c39e90264f33305004495a9","hash":"638203db04008bdedc873cf3f63540b9738509ac"}
}
