TN:
SF:controllers\authController.js
FN:15,wantsJson
FN:22,isSwaggerDocsRequest
FN:28,sendEmail
FN:90,(anonymous_3)
FN:96,(anonymous_4)
FN:249,(anonymous_5)
FN:255,(anonymous_6)
FN:384,(anonymous_7)
FN:387,(anonymous_8)
FN:401,(anonymous_9)
FN:409,(anonymous_10)
FN:461,(anonymous_11)
FN:478,(anonymous_12)
FN:514,(anonymous_13)
FN:575,(anonymous_14)
FN:630,sendReactApp
FN:641,(anonymous_16)
FN:645,(anonymous_17)
FN:649,(anonymous_18)
FN:653,(anonymous_19)
FN:665,(anonymous_20)
FNF:21
FNH:4
FNDA:2,wantsJson
FNDA:0,isSwaggerDocsRequest
FNDA:0,sendEmail
FNDA:0,(anonymous_3)
FNDA:1,(anonymous_4)
FNDA:0,(anonymous_5)
FNDA:1,(anonymous_6)
FNDA:0,(anonymous_7)
FNDA:0,(anonymous_8)
FNDA:0,(anonymous_9)
FNDA:1,(anonymous_10)
FNDA:0,(anonymous_11)
FNDA:0,(anonymous_12)
FNDA:0,(anonymous_13)
FNDA:0,(anonymous_14)
FNDA:0,sendReactApp
FNDA:0,(anonymous_16)
FNDA:0,(anonymous_17)
FNDA:0,(anonymous_18)
FNDA:0,(anonymous_19)
FNDA:0,(anonymous_20)
DA:1,1
DA:2,1
DA:3,1
DA:4,1
DA:5,1
DA:6,1
DA:12,1
DA:16,2
DA:23,0
DA:24,0
DA:29,0
DA:30,0
DA:31,0
DA:33,0
DA:34,0
DA:39,0
DA:42,0
DA:48,0
DA:55,0
DA:58,0
DA:59,0
DA:63,0
DA:64,0
DA:65,0
DA:66,0
DA:72,0
DA:79,0
DA:80,0
DA:82,0
DA:83,0
DA:87,0
DA:90,1
DA:91,0
DA:96,1
DA:98,1
DA:99,1
DA:100,1
DA:101,1
DA:104,1
DA:107,1
DA:108,1
DA:109,1
DA:117,1
DA:118,1
DA:119,0
DA:120,1
DA:121,0
DA:122,1
DA:126,1
DA:127,0
DA:128,0
DA:129,0
DA:130,0
DA:133,1
DA:134,1
DA:135,1
DA:137,0
DA:140,0
DA:142,0
DA:143,0
DA:144,0
DA:145,0
DA:146,0
DA:148,0
DA:151,0
DA:152,0
DA:153,0
DA:154,0
DA:155,0
DA:156,0
DA:158,0
DA:163,0
DA:166,0
DA:175,0
DA:177,0
DA:178,0
DA:182,0
DA:183,0
DA:184,0
DA:186,0
DA:187,0
DA:190,0
DA:197,0
DA:198,0
DA:206,0
DA:207,0
DA:210,0
DA:211,0
DA:216,0
DA:217,0
DA:225,0
DA:228,0
DA:229,0
DA:231,0
DA:232,0
DA:239,0
DA:241,0
DA:242,0
DA:243,0
DA:245,0
DA:249,1
DA:250,0
DA:255,1
DA:256,1
DA:257,1
DA:258,1
DA:261,1
DA:262,1
DA:264,1
DA:265,1
DA:272,1
DA:274,1
DA:275,1
DA:276,1
DA:277,1
DA:279,1
DA:281,0
DA:282,0
DA:283,0
DA:287,0
DA:288,0
DA:292,0
DA:298,0
DA:300,0
DA:301,0
DA:302,0
DA:303,0
DA:304,0
DA:308,0
DA:309,0
DA:310,0
DA:314,0
DA:320,0
DA:321,0
DA:322,0
DA:323,0
DA:329,0
DA:332,0
DA:333,0
DA:339,0
DA:347,0
DA:348,0
DA:351,0
DA:352,0
DA:355,0
DA:363,0
DA:364,0
DA:365,0
DA:368,0
DA:369,0
DA:377,0
DA:379,0
DA:380,0
DA:384,1
DA:385,0
DA:386,0
DA:387,0
DA:390,0
DA:391,0
DA:392,0
DA:395,0
DA:396,0
DA:398,0
DA:401,1
DA:402,0
DA:403,0
DA:404,0
DA:406,0
DA:409,1
DA:410,1
DA:411,1
DA:412,1
DA:415,0
DA:416,0
DA:417,0
DA:418,0
DA:424,0
DA:425,0
DA:429,0
DA:430,0
DA:431,0
DA:434,0
DA:435,0
DA:439,0
DA:446,0
DA:447,0
DA:450,0
DA:456,0
DA:457,0
DA:461,1
DA:462,0
DA:463,0
DA:465,0
DA:466,0
DA:467,0
DA:471,0
DA:472,0
DA:474,0
DA:478,1
DA:479,0
DA:480,0
DA:481,0
DA:482,0
DA:487,0
DA:488,0
DA:489,0
DA:493,0
DA:494,0
DA:499,0
DA:500,0
DA:501,0
DA:502,0
DA:504,0
DA:509,0
DA:510,0
DA:514,1
DA:515,0
DA:516,0
DA:517,0
DA:522,0
DA:523,0
DA:524,0
DA:525,0
DA:529,0
DA:530,0
DA:532,0
DA:533,0
DA:537,0
DA:538,0
DA:543,0
DA:544,0
DA:549,0
DA:553,0
DA:554,0
DA:555,0
DA:556,0
DA:562,0
DA:563,0
DA:564,0
DA:565,0
DA:566,0
DA:568,0
DA:570,0
DA:571,0
DA:575,1
DA:576,0
DA:577,0
DA:578,0
DA:583,0
DA:584,0
DA:585,0
DA:586,0
DA:590,0
DA:591,0
DA:594,0
DA:595,0
DA:596,0
DA:597,0
DA:598,0
DA:599,0
DA:601,0
DA:608,0
DA:609,0
DA:617,0
DA:618,0
DA:621,0
DA:623,0
DA:624,0
DA:631,0
DA:638,0
DA:641,1
DA:642,0
DA:645,1
DA:646,0
DA:649,1
DA:650,0
DA:653,1
DA:654,0
DA:658,1
DA:659,1
DA:660,1
DA:661,1
DA:662,1
DA:665,1
DA:666,0
DA:668,0
DA:669,0
DA:674,0
DA:676,0
DA:677,0
DA:679,0
DA:680,0
DA:686,0
DA:688,0
DA:690,0
DA:691,0
DA:697,0
DA:698,0
DA:699,0
DA:702,0
DA:710,0
DA:711,0
DA:712,0
DA:713,0
DA:716,0
DA:724,0
DA:732,0
DA:739,0
DA:741,0
DA:742,0
DA:746,0
DA:747,0
DA:752,0
LF:313
LH:61
BRDA:17,0,0,2
BRDA:17,0,1,0
BRDA:17,1,0,2
BRDA:17,1,1,0
BRDA:18,2,0,0
BRDA:18,2,1,0
BRDA:23,3,0,0
BRDA:23,3,1,0
BRDA:34,4,0,0
BRDA:34,4,1,0
BRDA:35,5,0,0
BRDA:35,5,1,0
BRDA:35,5,2,0
BRDA:39,6,0,0
BRDA:39,6,1,0
BRDA:49,7,0,0
BRDA:49,7,1,0
BRDA:63,8,0,0
BRDA:63,8,1,0
BRDA:63,9,0,0
BRDA:63,9,1,0
BRDA:100,10,0,1
BRDA:100,10,1,0
BRDA:100,10,2,0
BRDA:101,11,0,1
BRDA:101,11,1,0
BRDA:118,12,0,0
BRDA:118,12,1,1
BRDA:118,13,0,1
BRDA:118,13,1,1
BRDA:118,13,2,1
BRDA:118,13,3,1
BRDA:120,14,0,0
BRDA:120,14,1,1
BRDA:122,15,0,1
BRDA:122,15,1,0
BRDA:123,16,0,1
BRDA:123,16,1,1
BRDA:127,17,0,0
BRDA:127,17,1,0
BRDA:129,18,0,0
BRDA:129,18,1,0
BRDA:129,19,0,0
BRDA:129,19,1,0
BRDA:133,20,0,1
BRDA:133,20,1,0
BRDA:134,21,0,1
BRDA:134,21,1,0
BRDA:143,22,0,0
BRDA:143,22,1,0
BRDA:145,23,0,0
BRDA:145,23,1,0
BRDA:151,24,0,0
BRDA:151,24,1,0
BRDA:153,25,0,0
BRDA:153,25,1,0
BRDA:155,26,0,0
BRDA:155,26,1,0
BRDA:175,27,0,0
BRDA:175,27,1,0
BRDA:197,28,0,0
BRDA:197,28,1,0
BRDA:197,29,0,0
BRDA:197,29,1,0
BRDA:202,30,0,0
BRDA:202,30,1,0
BRDA:206,31,0,0
BRDA:206,31,1,0
BRDA:210,32,0,0
BRDA:210,32,1,0
BRDA:216,33,0,0
BRDA:216,33,1,0
BRDA:231,34,0,0
BRDA:231,34,1,0
BRDA:242,35,0,0
BRDA:242,35,1,0
BRDA:258,36,0,1
BRDA:258,36,1,0
BRDA:264,37,0,1
BRDA:264,37,1,0
BRDA:266,38,0,1
BRDA:266,38,1,0
BRDA:268,39,0,1
BRDA:268,39,1,0
BRDA:275,40,0,1
BRDA:275,40,1,0
BRDA:276,41,0,1
BRDA:276,41,1,0
BRDA:281,42,0,0
BRDA:281,42,1,0
BRDA:281,43,0,0
BRDA:281,43,1,0
BRDA:282,44,0,0
BRDA:282,44,1,0
BRDA:287,45,0,0
BRDA:287,45,1,0
BRDA:298,46,0,0
BRDA:298,46,1,0
BRDA:298,47,0,0
BRDA:298,47,1,0
BRDA:308,48,0,0
BRDA:308,48,1,0
BRDA:309,49,0,0
BRDA:309,49,1,0
BRDA:321,50,0,0
BRDA:321,50,1,0
BRDA:322,51,0,0
BRDA:322,51,1,0
BRDA:325,52,0,0
BRDA:325,52,1,0
BRDA:326,53,0,0
BRDA:326,53,1,0
BRDA:332,54,0,0
BRDA:332,54,1,0
BRDA:347,55,0,0
BRDA:347,55,1,0
BRDA:348,56,0,0
BRDA:348,56,1,0
BRDA:364,57,0,0
BRDA:364,57,1,0
BRDA:368,58,0,0
BRDA:368,58,1,0
BRDA:395,59,0,0
BRDA:395,59,1,0
BRDA:395,60,0,0
BRDA:395,60,1,0
BRDA:402,61,0,0
BRDA:402,61,1,0
BRDA:403,62,0,0
BRDA:403,62,1,0
BRDA:411,63,0,1
BRDA:411,63,1,0
BRDA:417,64,0,0
BRDA:417,64,1,0
BRDA:435,65,0,0
BRDA:435,65,1,0
BRDA:446,66,0,0
BRDA:446,66,1,0
BRDA:463,67,0,0
BRDA:463,67,1,0
BRDA:471,68,0,0
BRDA:471,68,1,0
BRDA:481,69,0,0
BRDA:481,69,1,0
BRDA:493,70,0,0
BRDA:493,70,1,0
BRDA:515,71,0,0
BRDA:515,71,1,0
BRDA:516,72,0,0
BRDA:516,72,1,0
BRDA:516,73,0,0
BRDA:516,73,1,0
BRDA:524,74,0,0
BRDA:524,74,1,0
BRDA:529,75,0,0
BRDA:529,75,1,0
BRDA:532,76,0,0
BRDA:532,76,1,0
BRDA:532,77,0,0
BRDA:532,77,1,0
BRDA:537,78,0,0
BRDA:537,78,1,0
BRDA:543,79,0,0
BRDA:543,79,1,0
BRDA:553,80,0,0
BRDA:553,80,1,0
BRDA:554,81,0,0
BRDA:554,81,1,0
BRDA:576,82,0,0
BRDA:576,82,1,0
BRDA:577,83,0,0
BRDA:577,83,1,0
BRDA:585,84,0,0
BRDA:585,84,1,0
BRDA:590,85,0,0
BRDA:590,85,1,0
BRDA:608,86,0,0
BRDA:608,86,1,0
BRDA:608,87,0,0
BRDA:608,87,1,0
BRDA:613,88,0,0
BRDA:613,88,1,0
BRDA:617,89,0,0
BRDA:617,89,1,0
BRDA:668,90,0,0
BRDA:668,90,1,0
BRDA:679,91,0,0
BRDA:679,91,1,0
BRDA:688,92,0,0
BRDA:688,92,1,0
BRDA:690,93,0,0
BRDA:690,93,1,0
BRDA:697,94,0,0
BRDA:697,94,1,0
BRDA:697,95,0,0
BRDA:697,95,1,0
BRDA:710,96,0,0
BRDA:710,96,1,0
BRDA:727,97,0,0
BRDA:727,97,1,0
BRDA:741,98,0,0
BRDA:741,98,1,0
BRDA:746,99,0,0
BRDA:746,99,1,0
BRF:204
BRH:22
end_of_record
