TN:
SF:controllers\authController.js
FN:15,wantsJson
FN:22,isSwaggerDocsRequest
FN:28,sendEmail
FN:90,(anonymous_3)
FN:96,(anonymous_4)
FN:249,(anonymous_5)
FN:255,(anonymous_6)
FN:384,(anonymous_7)
FN:387,(anonymous_8)
FN:401,(anonymous_9)
FN:409,(anonymous_10)
FN:461,(anonymous_11)
FN:478,(anonymous_12)
FN:514,(anonymous_13)
FN:575,(anonymous_14)
FN:630,sendReactApp
FN:641,(anonymous_16)
FN:645,(anonymous_17)
FN:649,(anonymous_18)
FN:653,(anonymous_19)
FN:665,(anonymous_20)
FNF:21
FNH:4
FNDA:2,wantsJson
FNDA:0,isSwaggerDocsRequest
FNDA:0,sendEmail
FNDA:0,(anonymous_3)
FNDA:1,(anonymous_4)
FNDA:0,(anonymous_5)
FNDA:1,(anonymous_6)
FNDA:0,(anonymous_7)
FNDA:0,(anonymous_8)
FNDA:0,(anonymous_9)
FNDA:1,(anonymous_10)
FNDA:0,(anonymous_11)
FNDA:0,(anonymous_12)
FNDA:0,(anonymous_13)
FNDA:0,(anonymous_14)
FNDA:0,sendReactApp
FNDA:0,(anonymous_16)
FNDA:0,(anonymous_17)
FNDA:0,(anonymous_18)
FNDA:0,(anonymous_19)
FNDA:0,(anonymous_20)
DA:1,2
DA:2,2
DA:3,2
DA:4,2
DA:5,2
DA:6,2
DA:12,2
DA:16,2
DA:23,0
DA:24,0
DA:29,0
DA:30,0
DA:31,0
DA:33,0
DA:34,0
DA:39,0
DA:42,0
DA:48,0
DA:55,0
DA:58,0
DA:59,0
DA:63,0
DA:64,0
DA:65,0
DA:66,0
DA:72,0
DA:79,0
DA:80,0
DA:82,0
DA:83,0
DA:87,0
DA:90,2
DA:91,0
DA:96,2
DA:98,1
DA:99,1
DA:100,1
DA:101,1
DA:104,1
DA:107,1
DA:108,1
DA:109,1
DA:117,1
DA:118,1
DA:119,0
DA:120,1
DA:121,0
DA:122,1
DA:126,1
DA:127,0
DA:128,0
DA:129,0
DA:130,0
DA:133,1
DA:134,1
DA:135,1
DA:137,0
DA:140,0
DA:142,0
DA:143,0
DA:144,0
DA:145,0
DA:146,0
DA:148,0
DA:151,0
DA:152,0
DA:153,0
DA:154,0
DA:155,0
DA:156,0
DA:158,0
DA:163,0
DA:166,0
DA:175,0
DA:177,0
DA:178,0
DA:182,0
DA:183,0
DA:184,0
DA:186,0
DA:187,0
DA:190,0
DA:197,0
DA:198,0
DA:206,0
DA:207,0
DA:210,0
DA:211,0
DA:216,0
DA:217,0
DA:225,0
DA:228,0
DA:229,0
DA:231,0
DA:232,0
DA:239,0
DA:241,0
DA:242,0
DA:243,0
DA:245,0
DA:249,2
DA:250,0
DA:255,2
DA:256,1
DA:257,1
DA:258,1
DA:261,1
DA:262,1
DA:264,1
DA:265,1
DA:272,1
DA:274,1
DA:275,1
DA:276,1
DA:277,1
DA:279,1
DA:281,0
DA:282,0
DA:283,0
DA:287,0
DA:288,0
DA:292,0
DA:298,0
DA:300,0
DA:301,0
DA:302,0
DA:303,0
DA:304,0
DA:308,0
DA:309,0
DA:310,0
DA:314,0
DA:320,0
DA:321,0
DA:322,0
DA:323,0
DA:329,0
DA:332,0
DA:333,0
DA:339,0
DA:347,0
DA:348,0
DA:351,0
DA:352,0
DA:355,0
DA:363,0
DA:364,0
DA:365,0
DA:368,0
DA:369,0
DA:377,0
DA:379,0
DA:380,0
DA:384,2
DA:385,0
DA:386,0
DA:387,0
DA:390,0
DA:391,0
DA:392,0
DA:395,0
DA:396,0
DA:398,0
DA:401,2
DA:402,0
DA:403,0
DA:404,0
DA:406,0
DA:409,2
DA:410,1
DA:411,1
DA:412,1
DA:415,0
DA:416,0
DA:417,0
DA:418,0
DA:424,0
DA:425,0
DA:429,0
DA:430,0
DA:431,0
DA:434,0
DA:435,0
DA:439,0
DA:446,0
DA:447,0
DA:450,0
DA:456,0
DA:457,0
DA:461,2
DA:462,0
DA:463,0
DA:465,0
DA:466,0
DA:467,0
DA:471,0
DA:472,0
DA:474,0
DA:478,2
DA:479,0
DA:480,0
DA:481,0
DA:482,0
DA:487,0
DA:488,0
DA:489,0
DA:493,0
DA:494,0
DA:499,0
DA:500,0
DA:501,0
DA:502,0
DA:504,0
DA:509,0
DA:510,0
DA:514,2
DA:515,0
DA:516,0
DA:517,0
DA:522,0
DA:523,0
DA:524,0
DA:525,0
DA:529,0
DA:530,0
DA:532,0
DA:533,0
DA:537,0
DA:538,0
DA:543,0
DA:544,0
DA:549,0
DA:553,0
DA:554,0
DA:555,0
DA:556,0
DA:562,0
DA:563,0
DA:564,0
DA:565,0
DA:566,0
DA:568,0
DA:570,0
DA:571,0
DA:575,2
DA:576,0
DA:577,0
DA:578,0
DA:583,0
DA:584,0
DA:585,0
DA:586,0
DA:590,0
DA:591,0
DA:594,0
DA:595,0
DA:596,0
DA:597,0
DA:598,0
DA:599,0
DA:601,0
DA:608,0
DA:609,0
DA:617,0
DA:618,0
DA:621,0
DA:623,0
DA:624,0
DA:631,0
DA:638,0
DA:641,2
DA:642,0
DA:645,2
DA:646,0
DA:649,2
DA:650,0
DA:653,2
DA:654,0
DA:658,2
DA:659,2
DA:660,2
DA:661,2
DA:662,2
DA:665,2
DA:666,0
DA:668,0
DA:669,0
DA:674,0
DA:676,0
DA:677,0
DA:679,0
DA:680,0
DA:686,0
DA:688,0
DA:690,0
DA:691,0
DA:697,0
DA:698,0
DA:699,0
DA:702,0
DA:710,0
DA:711,0
DA:712,0
DA:713,0
DA:716,0
DA:724,0
DA:732,0
DA:739,0
DA:741,0
DA:742,0
DA:746,0
DA:747,0
DA:752,0
LF:313
LH:61
BRDA:17,0,0,2
BRDA:17,0,1,0
BRDA:17,1,0,2
BRDA:17,1,1,0
BRDA:18,2,0,0
BRDA:18,2,1,0
BRDA:23,3,0,0
BRDA:23,3,1,0
BRDA:34,4,0,0
BRDA:34,4,1,0
BRDA:35,5,0,0
BRDA:35,5,1,0
BRDA:35,5,2,0
BRDA:39,6,0,0
BRDA:39,6,1,0
BRDA:49,7,0,0
BRDA:49,7,1,0
BRDA:63,8,0,0
BRDA:63,8,1,0
BRDA:63,9,0,0
BRDA:63,9,1,0
BRDA:100,10,0,1
BRDA:100,10,1,0
BRDA:100,10,2,0
BRDA:101,11,0,1
BRDA:101,11,1,0
BRDA:118,12,0,0
BRDA:118,12,1,1
BRDA:118,13,0,1
BRDA:118,13,1,1
BRDA:118,13,2,1
BRDA:118,13,3,1
BRDA:120,14,0,0
BRDA:120,14,1,1
BRDA:122,15,0,1
BRDA:122,15,1,0
BRDA:123,16,0,1
BRDA:123,16,1,1
BRDA:127,17,0,0
BRDA:127,17,1,0
BRDA:129,18,0,0
BRDA:129,18,1,0
BRDA:129,19,0,0
BRDA:129,19,1,0
BRDA:133,20,0,1
BRDA:133,20,1,0
BRDA:134,21,0,1
BRDA:134,21,1,0
BRDA:143,22,0,0
BRDA:143,22,1,0
BRDA:145,23,0,0
BRDA:145,23,1,0
BRDA:151,24,0,0
BRDA:151,24,1,0
BRDA:153,25,0,0
BRDA:153,25,1,0
BRDA:155,26,0,0
BRDA:155,26,1,0
BRDA:175,27,0,0
BRDA:175,27,1,0
BRDA:197,28,0,0
BRDA:197,28,1,0
BRDA:197,29,0,0
BRDA:197,29,1,0
BRDA:202,30,0,0
BRDA:202,30,1,0
BRDA:206,31,0,0
BRDA:206,31,1,0
BRDA:210,32,0,0
BRDA:210,32,1,0
BRDA:216,33,0,0
BRDA:216,33,1,0
BRDA:231,34,0,0
BRDA:231,34,1,0
BRDA:242,35,0,0
BRDA:242,35,1,0
BRDA:258,36,0,1
BRDA:258,36,1,0
BRDA:264,37,0,1
BRDA:264,37,1,0
BRDA:266,38,0,1
BRDA:266,38,1,0
BRDA:268,39,0,1
BRDA:268,39,1,0
BRDA:275,40,0,1
BRDA:275,40,1,0
BRDA:276,41,0,1
BRDA:276,41,1,0
BRDA:281,42,0,0
BRDA:281,42,1,0
BRDA:281,43,0,0
BRDA:281,43,1,0
BRDA:282,44,0,0
BRDA:282,44,1,0
BRDA:287,45,0,0
BRDA:287,45,1,0
BRDA:298,46,0,0
BRDA:298,46,1,0
BRDA:298,47,0,0
BRDA:298,47,1,0
BRDA:308,48,0,0
BRDA:308,48,1,0
BRDA:309,49,0,0
BRDA:309,49,1,0
BRDA:321,50,0,0
BRDA:321,50,1,0
BRDA:322,51,0,0
BRDA:322,51,1,0
BRDA:325,52,0,0
BRDA:325,52,1,0
BRDA:326,53,0,0
BRDA:326,53,1,0
BRDA:332,54,0,0
BRDA:332,54,1,0
BRDA:347,55,0,0
BRDA:347,55,1,0
BRDA:348,56,0,0
BRDA:348,56,1,0
BRDA:364,57,0,0
BRDA:364,57,1,0
BRDA:368,58,0,0
BRDA:368,58,1,0
BRDA:395,59,0,0
BRDA:395,59,1,0
BRDA:395,60,0,0
BRDA:395,60,1,0
BRDA:402,61,0,0
BRDA:402,61,1,0
BRDA:403,62,0,0
BRDA:403,62,1,0
BRDA:411,63,0,1
BRDA:411,63,1,0
BRDA:417,64,0,0
BRDA:417,64,1,0
BRDA:435,65,0,0
BRDA:435,65,1,0
BRDA:446,66,0,0
BRDA:446,66,1,0
BRDA:463,67,0,0
BRDA:463,67,1,0
BRDA:471,68,0,0
BRDA:471,68,1,0
BRDA:481,69,0,0
BRDA:481,69,1,0
BRDA:493,70,0,0
BRDA:493,70,1,0
BRDA:515,71,0,0
BRDA:515,71,1,0
BRDA:516,72,0,0
BRDA:516,72,1,0
BRDA:516,73,0,0
BRDA:516,73,1,0
BRDA:524,74,0,0
BRDA:524,74,1,0
BRDA:529,75,0,0
BRDA:529,75,1,0
BRDA:532,76,0,0
BRDA:532,76,1,0
BRDA:532,77,0,0
BRDA:532,77,1,0
BRDA:537,78,0,0
BRDA:537,78,1,0
BRDA:543,79,0,0
BRDA:543,79,1,0
BRDA:553,80,0,0
BRDA:553,80,1,0
BRDA:554,81,0,0
BRDA:554,81,1,0
BRDA:576,82,0,0
BRDA:576,82,1,0
BRDA:577,83,0,0
BRDA:577,83,1,0
BRDA:585,84,0,0
BRDA:585,84,1,0
BRDA:590,85,0,0
BRDA:590,85,1,0
BRDA:608,86,0,0
BRDA:608,86,1,0
BRDA:608,87,0,0
BRDA:608,87,1,0
BRDA:613,88,0,0
BRDA:613,88,1,0
BRDA:617,89,0,0
BRDA:617,89,1,0
BRDA:668,90,0,0
BRDA:668,90,1,0
BRDA:679,91,0,0
BRDA:679,91,1,0
BRDA:688,92,0,0
BRDA:688,92,1,0
BRDA:690,93,0,0
BRDA:690,93,1,0
BRDA:697,94,0,0
BRDA:697,94,1,0
BRDA:697,95,0,0
BRDA:697,95,1,0
BRDA:710,96,0,0
BRDA:710,96,1,0
BRDA:727,97,0,0
BRDA:727,97,1,0
BRDA:741,98,0,0
BRDA:741,98,1,0
BRDA:746,99,0,0
BRDA:746,99,1,0
BRF:204
BRH:22
end_of_record
TN:
SF:controllers\bookingController.js
FN:5,(anonymous_0)
FN:49,(anonymous_1)
FN:63,(anonymous_2)
FN:68,(anonymous_3)
FN:97,(anonymous_4)
FN:99,(anonymous_5)
FNF:6
FNH:6
FNDA:10,(anonymous_0)
FNDA:9,(anonymous_1)
FNDA:6,(anonymous_2)
FNDA:6,(anonymous_3)
FNDA:6,(anonymous_4)
FNDA:9,(anonymous_5)
DA:1,2
DA:2,2
DA:3,2
DA:5,2
DA:6,10
DA:38,10
DA:40,10
DA:43,10
DA:44,9
DA:45,1
DA:48,8
DA:50,9
DA:51,9
DA:59,8
DA:60,8
DA:61,4
DA:64,6
DA:68,6
DA:71,4
DA:75,4
DA:76,1
DA:82,3
DA:83,1
DA:87,2
DA:88,1
DA:92,1
DA:96,5
DA:97,5
DA:98,6
DA:99,9
DA:101,6
DA:102,6
DA:107,5
DA:108,5
DA:109,5
DA:110,1
DA:111,1
DA:113,5
DA:114,1
DA:115,1
DA:118,5
DA:173,5
DA:176,5
DA:177,5
DA:178,5
DA:190,1
DA:193,5
DA:195,1
DA:196,1
LF:49
LH:49
BRDA:44,0,0,1
BRDA:44,0,1,8
BRDA:44,1,0,9
BRDA:44,1,1,8
BRDA:48,2,0,8
BRDA:48,2,1,0
BRDA:50,3,0,9
BRDA:50,3,1,0
BRDA:52,4,0,9
BRDA:52,4,1,4
BRDA:52,4,2,0
BRDA:60,5,0,4
BRDA:60,5,1,4
BRDA:61,6,0,4
BRDA:61,6,1,0
BRDA:64,7,0,6
BRDA:64,7,1,0
BRDA:71,8,0,4
BRDA:71,8,1,1
BRDA:75,9,0,1
BRDA:75,9,1,3
BRDA:82,10,0,1
BRDA:82,10,1,2
BRDA:87,11,0,1
BRDA:87,11,1,1
BRDA:101,12,0,6
BRDA:101,12,1,0
BRDA:109,13,0,1
BRDA:109,13,1,4
BRDA:110,14,0,1
BRDA:110,14,1,0
BRDA:113,15,0,1
BRDA:113,15,1,4
BRDA:114,16,0,1
BRDA:114,16,1,0
BRDA:135,17,0,5
BRDA:135,17,1,5
BRDA:137,18,0,5
BRDA:137,18,1,5
BRDA:138,19,0,5
BRDA:138,19,1,5
BRDA:139,20,0,5
BRDA:139,20,1,5
BRDA:140,21,0,5
BRDA:140,21,1,5
BRDA:141,22,0,5
BRDA:141,22,1,5
BRDA:142,23,0,5
BRDA:142,23,1,5
BRDA:143,24,0,1
BRDA:143,24,1,4
BRDA:144,25,0,5
BRDA:144,25,1,5
BRDA:145,26,0,1
BRDA:145,26,1,4
BRDA:146,27,0,5
BRDA:146,27,1,5
BRDA:147,28,0,5
BRDA:147,28,1,5
BRDA:148,29,0,5
BRDA:148,29,1,5
BRDA:149,30,0,5
BRDA:149,30,1,5
BRDA:150,31,0,1
BRDA:150,31,1,4
BRDA:152,32,0,1
BRDA:152,32,1,3
BRDA:183,33,0,5
BRDA:183,33,1,1
BRF:69
BRH:61
end_of_record
TN:
SF:controllers\cartController.js
FN:4,(anonymous_0)
FN:9,(anonymous_1)
FN:23,(anonymous_2)
FN:42,(anonymous_3)
FN:57,(anonymous_4)
FN:86,(anonymous_5)
FNF:6
FNH:2
FNDA:0,(anonymous_0)
FNDA:0,(anonymous_1)
FNDA:0,(anonymous_2)
FNDA:3,(anonymous_3)
FNDA:2,(anonymous_4)
FNDA:0,(anonymous_5)
DA:1,2
DA:2,2
DA:4,2
DA:5,0
DA:6,0
DA:9,2
DA:10,0
DA:11,0
DA:17,0
DA:18,0
DA:20,0
DA:23,2
DA:24,0
DA:25,0
DA:27,0
DA:28,0
DA:30,0
DA:38,0
DA:39,0
DA:42,2
DA:43,3
DA:44,3
DA:46,3
DA:47,3
DA:49,3
DA:50,3
DA:51,1
DA:56,2
DA:57,2
DA:59,2
DA:60,0
DA:66,2
DA:67,2
DA:68,0
DA:73,2
DA:75,1
DA:76,1
DA:80,0
DA:81,1
DA:82,0
DA:83,0
DA:85,0
DA:86,0
DA:90,1
DA:95,0
DA:96,0
DA:97,0
DA:103,0
DA:105,0
DA:106,0
LF:50
LH:23
BRDA:6,0,0,0
BRDA:6,0,1,0
BRDA:17,1,0,0
BRDA:17,1,1,0
BRDA:17,2,0,0
BRDA:17,2,1,0
BRDA:25,3,0,0
BRDA:25,3,1,0
BRDA:25,4,0,0
BRDA:25,4,1,0
BRDA:50,5,0,1
BRDA:50,5,1,2
BRDA:59,6,0,0
BRDA:59,6,1,2
BRDA:67,7,0,0
BRDA:67,7,1,2
BRDA:73,8,0,1
BRDA:73,8,1,1
BRDA:75,9,0,1
BRDA:75,9,1,0
BRDA:81,10,0,0
BRDA:81,10,1,1
BRDA:83,11,0,0
BRDA:83,11,1,0
BRDA:96,12,0,0
BRDA:96,12,1,0
BRDA:96,13,0,0
BRDA:96,13,1,0
BRF:28
BRH:8
end_of_record
TN:
SF:controllers\managerController.js
FNF:0
FNH:0
DA:2,1
LF:1
LH:1
BRF:0
BRH:0
end_of_record
TN:
SF:controllers\notificationController.js
FN:5,createNotification
FN:27,(anonymous_1)
FN:61,(anonymous_2)
FN:74,(anonymous_3)
FN:90,(anonymous_4)
FN:104,(anonymous_5)
FN:173,(anonymous_6)
FN:243,(anonymous_7)
FN:317,(anonymous_8)
FNF:9
FNH:0
FNDA:0,createNotification
FNDA:0,(anonymous_1)
FNDA:0,(anonymous_2)
FNDA:0,(anonymous_3)
FNDA:0,(anonymous_4)
FNDA:0,(anonymous_5)
FNDA:0,(anonymous_6)
FNDA:0,(anonymous_7)
FNDA:0,(anonymous_8)
DA:1,1
DA:2,1
DA:6,0
DA:9,0
DA:10,0
DA:23,0
DA:27,1
DA:28,0
DA:29,0
DA:30,0
DA:31,0
DA:32,0
DA:34,0
DA:44,0
DA:53,0
DA:54,0
DA:61,1
DA:62,0
DA:63,0
DA:67,0
DA:69,0
DA:74,1
DA:75,0
DA:76,0
DA:81,0
DA:82,0
DA:83,0
DA:85,0
DA:90,1
DA:91,0
DA:92,0
DA:96,0
DA:98,0
DA:104,1
DA:105,0
DA:106,0
DA:112,0
DA:113,0
DA:117,0
DA:118,0
DA:125,0
DA:126,0
DA:127,0
DA:128,0
DA:131,0
DA:132,0
DA:133,0
DA:134,0
DA:135,0
DA:138,0
DA:139,0
DA:152,0
DA:153,0
DA:164,0
DA:166,0
DA:167,0
DA:173,1
DA:174,0
DA:175,0
DA:181,0
DA:182,0
DA:186,0
DA:187,0
DA:194,0
DA:195,0
DA:196,0
DA:197,0
DA:200,0
DA:201,0
DA:202,0
DA:203,0
DA:204,0
DA:206,0
DA:209,0
DA:222,0
DA:223,0
DA:234,0
DA:236,0
DA:237,0
DA:243,1
DA:244,0
DA:245,0
DA:251,0
DA:252,0
DA:257,0
DA:258,0
DA:259,0
DA:264,0
DA:265,0
DA:271,0
DA:272,0
DA:273,0
DA:274,0
DA:275,0
DA:281,0
DA:283,0
DA:286,0
DA:299,0
DA:300,0
DA:309,0
DA:311,0
DA:312,0
DA:317,1
DA:318,0
DA:319,0
DA:323,0
DA:324,0
DA:325,0
DA:327,0
DA:332,1
LF:110
LH:11
BRDA:9,0,0,0
BRDA:9,0,1,0
BRDA:9,1,0,0
BRDA:9,1,1,0
BRDA:17,2,0,0
BRDA:17,2,1,0
BRDA:30,3,0,0
BRDA:30,3,1,0
BRDA:31,4,0,0
BRDA:31,4,1,0
BRDA:81,5,0,0
BRDA:81,5,1,0
BRDA:112,6,0,0
BRDA:112,6,1,0
BRDA:117,7,0,0
BRDA:117,7,1,0
BRDA:132,8,0,0
BRDA:132,8,1,0
BRDA:152,9,0,0
BRDA:152,9,1,0
BRDA:152,10,0,0
BRDA:152,10,1,0
BRDA:181,11,0,0
BRDA:181,11,1,0
BRDA:186,12,0,0
BRDA:186,12,1,0
BRDA:201,13,0,0
BRDA:201,13,1,0
BRDA:222,14,0,0
BRDA:222,14,1,0
BRDA:222,15,0,0
BRDA:222,15,1,0
BRDA:251,16,0,0
BRDA:251,16,1,0
BRDA:258,17,0,0
BRDA:258,17,1,0
BRDA:264,18,0,0
BRDA:264,18,1,0
BRDA:274,19,0,0
BRDA:274,19,1,0
BRDA:299,20,0,0
BRDA:299,20,1,0
BRDA:299,21,0,0
BRDA:299,21,1,0
BRDA:323,22,0,0
BRDA:323,22,1,0
BRF:46
BRH:0
end_of_record
TN:
SF:controllers\orderController.js
FN:14,(anonymous_0)
FN:19,(anonymous_1)
FN:135,(anonymous_2)
FN:176,(anonymous_3)
FNF:4
FNH:1
FNDA:0,(anonymous_0)
FNDA:2,(anonymous_1)
FNDA:0,(anonymous_2)
FNDA:0,(anonymous_3)
DA:1,1
DA:2,1
DA:3,1
DA:4,1
DA:5,1
DA:6,1
DA:11,1
DA:12,1
DA:14,1
DA:15,0
DA:16,0
DA:19,1
DA:20,2
DA:21,2
DA:23,2
DA:24,2
DA:25,1
DA:33,1
DA:34,1
DA:35,1
DA:36,1
DA:37,1
DA:44,0
DA:45,0
DA:51,0
DA:71,0
DA:72,0
DA:73,0
DA:74,0
DA:75,0
DA:77,0
DA:81,0
DA:82,0
DA:84,0
DA:85,0
DA:89,0
DA:90,0
DA:97,0
DA:99,0
DA:101,0
DA:102,0
DA:103,0
DA:104,0
DA:109,0
DA:110,0
DA:114,0
DA:118,0
DA:119,0
DA:127,0
DA:128,0
DA:131,0
DA:132,0
DA:133,0
DA:134,0
DA:135,0
DA:139,0
DA:159,0
DA:160,0
DA:164,0
DA:165,0
DA:171,0
DA:174,0
DA:175,0
DA:176,0
DA:177,0
DA:178,0
DA:190,0
DA:194,0
DA:200,0
DA:201,0
LF:70
LH:20
BRDA:15,0,0,0
BRDA:15,0,1,0
BRDA:24,1,0,1
BRDA:24,1,1,1
BRDA:24,2,0,2
BRDA:24,2,1,2
BRDA:36,3,0,1
BRDA:36,3,1,0
BRDA:44,4,0,0
BRDA:44,4,1,0
BRDA:74,5,0,0
BRDA:74,5,1,0
BRDA:84,6,0,0
BRDA:84,6,1,0
BRDA:84,7,0,0
BRDA:84,7,1,0
BRDA:89,8,0,0
BRDA:89,8,1,0
BRDA:101,9,0,0
BRDA:101,9,1,0
BRDA:103,10,0,0
BRDA:103,10,1,0
BRDA:103,11,0,0
BRDA:103,11,1,0
BRDA:118,12,0,0
BRDA:118,12,1,0
BRDA:204,13,0,0
BRDA:204,13,1,0
BRF:28
BRH:5
end_of_record
TN:
SF:middleware\authMiddleware.js
FN:16,wantsJSON
FN:30,(anonymous_1)
FN:52,requireRole
FN:53,(anonymous_3)
FN:94,(anonymous_4)
FNF:5
FNH:1
FNDA:0,wantsJSON
FNDA:0,(anonymous_1)
FNDA:5,requireRole
FNDA:0,(anonymous_3)
FNDA:0,(anonymous_4)
DA:17,0
DA:30,1
DA:31,0
DA:32,0
DA:33,0
DA:36,0
DA:37,0
DA:42,0
DA:53,5
DA:54,0
DA:55,0
DA:57,0
DA:58,0
DA:59,0
DA:61,0
DA:62,0
DA:65,0
DA:66,0
DA:71,0
DA:76,1
DA:77,1
DA:78,1
DA:79,1
DA:80,1
DA:83,1
DA:84,1
DA:85,1
DA:86,1
DA:87,1
DA:94,1
DA:96,0
DA:99,1
LF:32
LH:14
BRDA:18,0,0,0
BRDA:18,0,1,0
BRDA:18,0,2,0
BRDA:18,0,3,0
BRDA:18,0,4,0
BRDA:18,0,5,0
BRDA:18,0,6,0
BRDA:31,1,0,0
BRDA:31,1,1,0
BRDA:31,2,0,0
BRDA:31,2,1,0
BRDA:31,2,2,0
BRDA:32,3,0,0
BRDA:32,3,1,0
BRDA:36,4,0,0
BRDA:36,4,1,0
BRDA:54,5,0,0
BRDA:54,5,1,0
BRDA:54,6,0,0
BRDA:54,6,1,0
BRDA:58,7,0,0
BRDA:58,7,1,0
BRDA:58,8,0,0
BRDA:58,8,1,0
BRDA:61,9,0,0
BRDA:61,9,1,0
BRDA:65,10,0,0
BRDA:65,10,1,0
BRF:28
BRH:0
end_of_record
TN:
SF:middleware\errorMiddleware.js
FN:15,wantsJson
FN:30,notFound
FN:37,errorHandler
FN:83,escapeHtml
FNF:4
FNH:4
FNDA:3,wantsJson
FNDA:1,notFound
FNDA:4,errorHandler
FNDA:1,escapeHtml
DA:10,2
DA:16,3
DA:17,3
DA:31,1
DA:32,1
DA:33,1
DA:38,4
DA:40,3
DA:41,3
DA:44,3
DA:45,3
DA:47,3
DA:48,3
DA:49,2
DA:57,1
DA:84,1
DA:92,2
LF:17
LH:17
BRDA:16,0,0,3
BRDA:16,0,1,0
BRDA:18,1,0,3
BRDA:18,1,1,1
BRDA:18,1,2,1
BRDA:18,1,3,1
BRDA:20,2,0,1
BRDA:20,2,1,0
BRDA:21,3,0,1
BRDA:21,3,1,0
BRDA:38,4,0,1
BRDA:38,4,1,3
BRDA:40,5,0,3
BRDA:40,5,1,2
BRDA:40,5,2,1
BRDA:41,6,0,3
BRDA:41,6,1,0
BRDA:48,7,0,2
BRDA:48,7,1,1
BRDA:52,8,0,1
BRDA:52,8,1,1
BRF:21
BRH:17
end_of_record
TN:
SF:middleware\index.js
FNF:0
FNH:0
DA:33,1
DA:37,1
DA:40,1
DA:43,1
DA:46,1
DA:48,1
LF:6
LH:6
BRF:0
BRH:0
end_of_record
TN:
SF:middleware\loggingMiddleware.js
FN:38,formatBucket
FN:40,(anonymous_1)
FN:46,resolveRotatedPath
FN:56,(anonymous_3)
FN:60,(anonymous_4)
FN:69,(anonymous_5)
FN:84,(anonymous_6)
FN:89,(anonymous_7)
FN:104,(anonymous_8)
FN:126,(anonymous_9)
FN:139,(anonymous_10)
FN:148,(anonymous_11)
FN:153,(anonymous_12)
FN:158,(anonymous_13)
FN:161,(anonymous_14)
FNF:15
FNH:6
FNDA:0,formatBucket
FNDA:0,(anonymous_1)
FNDA:0,resolveRotatedPath
FNDA:1,(anonymous_3)
FNDA:0,(anonymous_4)
FNDA:0,(anonymous_5)
FNDA:1,(anonymous_6)
FNDA:1,(anonymous_7)
FNDA:0,(anonymous_8)
FNDA:0,(anonymous_9)
FNDA:3,(anonymous_10)
FNDA:1,(anonymous_11)
FNDA:2,(anonymous_12)
FNDA:0,(anonymous_13)
FNDA:0,(anonymous_14)
DA:12,2
DA:13,2
DA:16,2
DA:17,2
DA:18,2
DA:19,2
DA:20,2
DA:21,2
DA:22,2
DA:23,2
DA:26,2
DA:27,0
DA:29,2
DA:30,0
DA:39,0
DA:40,0
DA:41,0
DA:47,0
DA:48,0
DA:49,0
DA:51,0
DA:52,0
DA:53,0
DA:56,2
DA:57,1
DA:58,0
DA:59,0
DA:60,0
DA:61,0
DA:69,2
DA:70,0
DA:71,0
DA:72,0
DA:73,0
DA:75,0
DA:76,0
DA:77,0
DA:84,2
DA:85,1
DA:88,1
DA:89,1
DA:90,1
DA:91,1
DA:92,1
DA:93,1
DA:94,1
DA:97,1
DA:104,2
DA:105,0
DA:106,0
DA:107,0
DA:116,0
DA:118,0
DA:126,2
DA:127,0
DA:128,0
DA:129,0
DA:130,0
DA:132,0
DA:138,2
DA:139,2
DA:140,3
DA:141,3
DA:142,3
DA:148,2
DA:153,2
DA:154,2
DA:157,2
DA:158,2
DA:159,0
DA:161,0
DA:162,0
DA:163,0
DA:166,0
DA:167,0
DA:168,0
DA:171,2
LF:77
LH:38
BRDA:26,0,0,0
BRDA:26,0,1,2
BRDA:29,1,0,0
BRDA:29,1,1,2
BRDA:47,2,0,0
BRDA:47,2,1,0
BRDA:47,3,0,0
BRDA:47,3,1,0
BRDA:57,4,0,1
BRDA:57,4,1,0
BRDA:58,5,0,0
BRDA:58,5,1,0
BRDA:61,6,0,0
BRDA:61,6,1,0
BRDA:72,7,0,0
BRDA:72,7,1,0
BRDA:73,8,0,0
BRDA:73,8,1,0
BRDA:73,8,2,0
BRDA:92,9,0,1
BRDA:92,9,1,0
BRDA:105,10,0,0
BRDA:105,10,1,0
BRDA:113,11,0,0
BRDA:113,11,1,0
BRDA:126,12,0,0
BRDA:129,13,0,0
BRDA:129,13,1,0
BRDA:129,14,0,0
BRDA:129,14,1,0
BRDA:140,15,0,3
BRDA:140,15,1,0
BRDA:141,16,0,3
BRDA:141,16,1,2
BRDA:159,17,0,0
BRDA:159,17,1,0
BRF:36
BRH:7
end_of_record
TN:
SF:middleware\securityMiddleware.js
FN:23,(anonymous_0)
FN:28,(anonymous_1)
FN:33,(anonymous_2)
FN:42,(anonymous_3)
FN:80,(anonymous_4)
FN:102,(anonymous_5)
FN:119,(anonymous_6)
FN:120,(anonymous_7)
FN:121,(anonymous_8)
FN:131,(anonymous_9)
FN:144,(anonymous_10)
FN:145,(anonymous_11)
FN:150,(anonymous_12)
FNF:13
FNH:11
FNDA:1,(anonymous_0)
FNDA:0,(anonymous_1)
FNDA:0,(anonymous_2)
FNDA:2,(anonymous_3)
FNDA:1,(anonymous_4)
FNDA:1,(anonymous_5)
FNDA:1,(anonymous_6)
FNDA:1,(anonymous_7)
FNDA:1,(anonymous_8)
FNDA:1,(anonymous_9)
FNDA:2,(anonymous_10)
FNDA:3,(anonymous_11)
FNDA:1,(anonymous_12)
DA:17,2
DA:23,2
DA:29,0
DA:30,1
DA:33,1
DA:34,0
DA:35,0
DA:36,0
DA:37,0
DA:42,1
DA:43,2
DA:44,2
DA:45,2
DA:47,2
DA:49,2
DA:50,1
DA:53,2
DA:54,2
DA:57,2
DA:65,2
DA:66,1
DA:72,1
DA:80,2
DA:82,1
DA:85,1
DA:88,1
DA:91,1
DA:94,1
DA:96,1
DA:102,2
DA:103,1
DA:112,1
DA:119,2
DA:120,1
DA:121,1
DA:122,1
DA:123,1
DA:131,1
DA:132,1
DA:133,1
DA:137,1
DA:144,2
DA:145,2
DA:146,3
DA:147,0
DA:149,3
DA:150,1
DA:152,2
DA:156,2
DA:159,2
DA:160,1
DA:166,1
DA:169,2
LF:53
LH:47
BRDA:23,0,0,0
BRDA:25,1,0,0
BRDA:26,2,0,0
BRDA:27,3,0,1
BRDA:28,4,0,0
BRDA:29,5,0,0
BRDA:29,5,1,0
BRDA:29,5,2,0
BRDA:36,6,0,0
BRDA:36,6,1,0
BRDA:49,7,0,1
BRDA:49,7,1,1
BRDA:49,8,0,2
BRDA:49,8,1,1
BRDA:65,9,0,1
BRDA:65,9,1,1
BRDA:119,10,0,0
BRDA:122,11,0,0
BRDA:122,11,1,1
BRDA:132,12,0,1
BRDA:132,12,1,0
BRDA:146,13,0,0
BRDA:146,13,1,3
BRDA:146,14,0,3
BRDA:146,14,1,2
BRDA:149,15,0,1
BRDA:149,15,1,2
BRDA:149,16,0,3
BRDA:149,16,1,1
BRDA:156,17,0,2
BRDA:156,17,1,1
BRDA:159,18,0,1
BRDA:159,18,1,1
BRF:33
BRH:20
end_of_record
TN:
SF:routes\authRoutes.js
FNF:0
FNH:0
DA:1,1
DA:2,1
DA:3,1
DA:6,1
DA:9,1
DA:12,1
DA:15,1
DA:18,1
DA:19,1
DA:20,1
DA:21,1
DA:24,1
DA:27,1
DA:30,1
DA:33,1
DA:36,1
DA:39,1
DA:42,1
DA:45,1
DA:47,1
LF:20
LH:20
BRF:0
BRH:0
end_of_record
TN:
SF:routes\bookingRoutes.js
FNF:0
FNH:0
DA:2,1
DA:3,1
DA:4,1
DA:5,1
DA:7,1
DA:13,1
LF:6
LH:6
BRF:0
BRH:0
end_of_record
TN:
SF:routes\cartRoutes.js
FN:5,(anonymous_0)
FNF:1
FNH:0
FNDA:0,(anonymous_0)
DA:1,1
DA:2,1
DA:3,1
DA:5,1
DA:6,0
DA:7,0
DA:10,1
DA:11,1
DA:12,1
DA:13,1
DA:15,1
LF:11
LH:9
BRDA:6,0,0,0
BRDA:6,0,1,0
BRF:2
BRH:0
end_of_record
TN:
SF:routes\managerRoutes.js
FN:9,serveManagerSpa
FNF:1
FNH:0
FNDA:0,serveManagerSpa
DA:1,1
DA:2,1
DA:3,1
DA:4,1
DA:7,1
DA:10,0
DA:14,1
DA:20,1
DA:26,1
DA:32,1
DA:38,1
DA:46,1
DA:52,1
DA:58,1
DA:64,1
DA:70,1
DA:76,1
DA:82,1
DA:90,1
DA:91,1
DA:92,1
DA:93,1
DA:94,1
DA:97,1
DA:98,1
DA:104,1
DA:112,1
DA:118,1
DA:124,1
DA:132,1
DA:138,1
DA:146,1
DA:152,1
DA:158,1
DA:164,1
DA:172,1
DA:178,1
DA:186,1
DA:193,1
LF:39
LH:38
BRF:0
BRH:0
end_of_record
TN:
SF:services\adminService.js
FNF:0
FNH:0
DA:4,1
DA:5,1
DA:7,1
LF:3
LH:3
BRF:0
BRH:0
end_of_record
TN:
SF:services\customerService.js
FNF:0
FNH:0
DA:1,1
DA:2,1
DA:3,1
DA:4,1
DA:5,1
DA:7,1
LF:6
LH:6
BRF:0
BRH:0
end_of_record
TN:
SF:services\managerService.js
FNF:0
FNH:0
DA:1,2
DA:2,2
DA:3,2
DA:4,2
DA:5,2
DA:6,2
DA:7,2
DA:8,2
DA:9,2
DA:10,2
DA:12,2
LF:11
LH:11
BRF:0
BRH:0
end_of_record
TN:
SF:services\sellerService.js
FNF:0
FNH:0
DA:1,1
DA:2,1
DA:3,1
DA:4,1
DA:5,1
DA:6,1
DA:7,1
DA:8,1
DA:10,1
LF:9
LH:9
BRF:0
BRH:0
end_of_record
TN:
SF:services\serviceProviderService.js
FNF:0
FNH:0
DA:1,1
DA:2,1
DA:3,1
DA:4,1
DA:5,1
DA:6,1
DA:7,1
DA:9,1
LF:8
LH:8
BRF:0
BRH:0
end_of_record
TN:
SF:services\customer\helpers.js
FN:4,createError
FN:11,buildServiceProviderData
FN:17,(anonymous_2)
FN:20,(anonymous_3)
FN:24,(anonymous_4)
FN:29,(anonymous_5)
FN:45,(anonymous_6)
FN:48,(anonymous_7)
FN:56,enrichBookings
FN:57,(anonymous_9)
FN:63,(anonymous_10)
FN:69,(anonymous_11)
FN:83,uploadFileToCloudinary
FNF:13
FNH:0
FNDA:0,createError
FNDA:0,buildServiceProviderData
FNDA:0,(anonymous_2)
FNDA:0,(anonymous_3)
FNDA:0,(anonymous_4)
FNDA:0,(anonymous_5)
FNDA:0,(anonymous_6)
FNDA:0,(anonymous_7)
FNDA:0,enrichBookings
FNDA:0,(anonymous_9)
FNDA:0,(anonymous_10)
FNDA:0,(anonymous_11)
FNDA:0,uploadFileToCloudinary
DA:1,1
DA:2,1
DA:5,0
DA:6,0
DA:7,0
DA:8,0
DA:12,0
DA:13,0
DA:14,0
DA:15,0
DA:17,0
DA:18,0
DA:20,0
DA:24,0
DA:27,0
DA:29,0
DA:30,0
DA:31,0
DA:32,0
DA:36,0
DA:38,0
DA:44,0
DA:46,0
DA:49,0
DA:57,0
DA:58,0
DA:59,0
DA:60,0
DA:62,0
DA:63,0
DA:64,0
DA:67,0
DA:68,0
DA:69,0
DA:70,0
DA:74,0
DA:84,0
DA:86,0
DA:87,0
DA:92,0
DA:94,0
DA:95,0
DA:97,0
DA:99,0
DA:100,0
DA:105,1
LF:46
LH:3
BRDA:7,0,0,0
BRDA:7,0,1,0
BRDA:18,1,0,0
BRDA:18,1,1,0
BRDA:21,2,0,0
BRDA:21,2,1,0
BRDA:24,3,0,0
BRDA:24,3,1,0
BRDA:24,3,2,0
BRDA:27,4,0,0
BRDA:27,4,1,0
BRDA:31,5,0,0
BRDA:31,5,1,0
BRDA:36,6,0,0
BRDA:36,6,1,0
BRDA:58,7,0,0
BRDA:58,7,1,0
BRDA:60,8,0,0
BRDA:60,8,1,0
BRDA:68,9,0,0
BRDA:68,9,1,0
BRDA:68,10,0,0
BRDA:68,10,1,0
BRDA:69,11,0,0
BRDA:69,11,1,0
BRDA:70,12,0,0
BRDA:70,12,1,0
BRDA:77,13,0,0
BRDA:77,13,1,0
BRDA:78,14,0,0
BRDA:78,14,1,0
BRDA:84,15,0,0
BRDA:84,15,1,0
BRDA:94,16,0,0
BRDA:94,16,1,0
BRDA:99,17,0,0
BRDA:99,17,1,0
BRDA:99,18,0,0
BRDA:99,18,1,0
BRF:39
BRH:0
end_of_record
TN:
SF:services\customer\historyService.js
FN:9,getHistoryData
FN:25,(anonymous_1)
FN:32,(anonymous_2)
FN:36,(anonymous_3)
FN:47,getOrderDetails
FN:68,getServiceDetails
FN:77,cancelOrder
FN:88,cancelService
FNF:8
FNH:0
FNDA:0,getHistoryData
FNDA:0,(anonymous_1)
FNDA:0,(anonymous_2)
FNDA:0,(anonymous_3)
FNDA:0,getOrderDetails
FNDA:0,getServiceDetails
FNDA:0,cancelOrder
FNDA:0,cancelService
DA:1,1
DA:2,1
DA:3,1
DA:7,1
DA:10,0
DA:14,0
DA:16,0
DA:17,0
DA:18,0
DA:19,0
DA:22,0
DA:23,0
DA:25,0
DA:30,0
DA:32,0
DA:33,0
DA:36,0
DA:37,0
DA:40,0
DA:48,0
DA:49,0
DA:51,0
DA:55,0
DA:58,0
DA:59,0
DA:62,0
DA:69,0
DA:78,0
DA:80,0
DA:81,0
DA:84,0
DA:85,0
DA:89,0
DA:94,0
DA:95,0
DA:98,0
DA:99,0
DA:102,1
LF:38
LH:5
BRDA:9,0,0,0
BRDA:16,1,0,0
BRDA:16,1,1,0
BRDA:26,2,0,0
BRDA:26,2,1,0
BRDA:49,3,0,0
BRDA:49,3,1,0
BRDA:55,4,0,0
BRDA:55,4,1,0
BRDA:58,5,0,0
BRDA:58,5,1,0
BRDA:80,6,0,0
BRDA:80,6,1,0
BRDA:80,7,0,0
BRDA:80,7,1,0
BRDA:94,8,0,0
BRDA:94,8,1,0
BRDA:94,9,0,0
BRDA:94,9,1,0
BRF:19
BRH:0
end_of_record
TN:
SF:services\customer\profileService.js
FN:9,mapProfileAddress
FN:25,getProfilePageData
FN:55,getProfileApiData
FN:89,updateProfile
FN:212,deleteVehiclePhoto
FN:223,deleteProfile
FNF:6
FNH:0
FNDA:0,mapProfileAddress
FNDA:0,getProfilePageData
FNDA:0,getProfileApiData
FNDA:0,updateProfile
FNDA:0,deleteVehiclePhoto
FNDA:0,deleteProfile
DA:1,1
DA:2,1
DA:3,1
DA:7,1
DA:10,0
DA:11,0
DA:22,0
DA:26,0
DA:27,0
DA:29,0
DA:30,0
DA:46,0
DA:52,0
DA:56,0
DA:57,0
DA:59,0
DA:60,0
DA:73,0
DA:79,0
DA:112,0
DA:114,0
DA:116,0
DA:129,0
DA:130,0
DA:131,0
DA:132,0
DA:135,0
DA:153,0
DA:154,0
DA:159,0
DA:160,0
DA:167,0
DA:168,0
DA:173,0
DA:176,0
DA:177,0
DA:182,0
DA:185,0
DA:186,0
DA:188,0
DA:189,0
DA:194,0
DA:197,0
DA:198,0
DA:199,0
DA:203,0
DA:209,0
DA:213,0
DA:214,0
DA:217,0
DA:224,0
DA:225,0
DA:228,0
DA:231,1
LF:54
LH:5
BRDA:10,0,0,0
BRDA:10,0,1,0
BRDA:12,1,0,0
BRDA:12,1,1,0
BRDA:13,2,0,0
BRDA:13,2,1,0
BRDA:14,3,0,0
BRDA:14,3,1,0
BRDA:15,4,0,0
BRDA:15,4,1,0
BRDA:16,5,0,0
BRDA:16,5,1,0
BRDA:17,6,0,0
BRDA:17,6,1,0
BRDA:18,7,0,0
BRDA:18,7,1,0
BRDA:29,8,0,0
BRDA:29,8,1,0
BRDA:59,9,0,0
BRDA:59,9,1,0
BRDA:129,10,0,0
BRDA:129,10,1,0
BRDA:140,11,0,0
BRDA:140,11,1,0
BRDA:141,12,0,0
BRDA:141,12,1,0
BRDA:142,13,0,0
BRDA:142,13,1,0
BRDA:143,14,0,0
BRDA:143,14,1,0
BRDA:144,15,0,0
BRDA:144,15,1,0
BRDA:145,16,0,0
BRDA:145,16,1,0
BRDA:146,17,0,0
BRDA:146,17,1,0
BRDA:147,18,0,0
BRDA:147,18,1,0
BRDA:148,19,0,0
BRDA:148,19,1,0
BRDA:149,20,0,0
BRDA:149,20,1,0
BRDA:150,21,0,0
BRDA:150,21,1,0
BRDA:153,22,0,0
BRDA:153,22,1,0
BRDA:159,23,0,0
BRDA:159,23,1,0
BRDA:167,24,0,0
BRDA:167,24,1,0
BRDA:173,25,0,0
BRDA:173,25,1,0
BRDA:176,26,0,0
BRDA:176,26,1,0
BRDA:182,27,0,0
BRDA:182,27,1,0
BRDA:185,28,0,0
BRDA:185,28,1,0
BRDA:194,29,0,0
BRDA:194,29,1,0
BRDA:197,30,0,0
BRDA:197,30,1,0
BRDA:199,31,0,0
BRDA:199,31,1,0
BRDA:213,32,0,0
BRDA:213,32,1,0
BRDA:224,33,0,0
BRDA:224,33,1,0
BRF:68
BRH:0
end_of_record
TN:
SF:services\manager\analyticsService.js
FN:10,getProfileOverview
FN:13,(anonymous_1)
FN:108,(anonymous_2)
FN:111,(anonymous_3)
FN:152,(anonymous_4)
FN:205,(anonymous_5)
FN:215,(anonymous_6)
FN:217,(anonymous_7)
FN:266,getUserAnalytics
FN:269,(anonymous_9)
FN:273,(anonymous_10)
FN:290,(anonymous_11)
FN:294,(anonymous_12)
FN:300,(anonymous_13)
FN:306,(anonymous_14)
FN:313,(anonymous_15)
FN:319,(anonymous_16)
FN:328,(anonymous_17)
FN:337,(anonymous_18)
FN:348,(anonymous_19)
FN:354,(anonymous_20)
FN:359,(anonymous_21)
FN:364,(anonymous_22)
FN:365,(anonymous_23)
FN:375,(anonymous_24)
FN:376,(anonymous_25)
FN:386,(anonymous_26)
FN:391,(anonymous_27)
FN:396,(anonymous_28)
FN:397,(anonymous_29)
FN:407,(anonymous_30)
FN:408,(anonymous_31)
FN:411,(anonymous_32)
FN:449,(anonymous_33)
FN:450,(anonymous_34)
FN:462,(anonymous_35)
FN:465,(anonymous_36)
FN:472,(anonymous_37)
FN:478,(anonymous_38)
FN:484,(anonymous_39)
FN:486,(anonymous_40)
FN:494,(anonymous_41)
FN:496,(anonymous_42)
FN:499,(anonymous_43)
FN:505,(anonymous_44)
FN:507,(anonymous_45)
FN:510,(anonymous_46)
FN:514,(anonymous_47)
FN:523,(anonymous_48)
FN:535,(anonymous_49)
FN:538,(anonymous_50)
FN:542,(anonymous_51)
FN:550,(anonymous_52)
FN:555,(anonymous_53)
FN:560,(anonymous_54)
FN:561,(anonymous_55)
FN:571,(anonymous_56)
FN:573,(anonymous_57)
FN:605,(anonymous_58)
FN:610,(anonymous_59)
FN:617,(anonymous_60)
FN:623,(anonymous_61)
FN:624,(anonymous_62)
FN:630,(anonymous_63)
FN:632,(anonymous_64)
FN:635,(anonymous_65)
FN:639,(anonymous_66)
FN:645,(anonymous_67)
FN:647,(anonymous_68)
FN:650,(anonymous_69)
FN:659,(anonymous_70)
FN:664,(anonymous_71)
FN:669,(anonymous_72)
FN:670,(anonymous_73)
FN:681,(anonymous_74)
FN:685,(anonymous_75)
FN:694,(anonymous_76)
FN:705,(anonymous_77)
FN:708,(anonymous_78)
FN:714,(anonymous_79)
FN:716,(anonymous_80)
FNF:81
FNH:0
FNDA:0,getProfileOverview
FNDA:0,(anonymous_1)
FNDA:0,(anonymous_2)
FNDA:0,(anonymous_3)
FNDA:0,(anonymous_4)
FNDA:0,(anonymous_5)
FNDA:0,(anonymous_6)
FNDA:0,(anonymous_7)
FNDA:0,getUserAnalytics
FNDA:0,(anonymous_9)
FNDA:0,(anonymous_10)
FNDA:0,(anonymous_11)
FNDA:0,(anonymous_12)
FNDA:0,(anonymous_13)
FNDA:0,(anonymous_14)
FNDA:0,(anonymous_15)
FNDA:0,(anonymous_16)
FNDA:0,(anonymous_17)
FNDA:0,(anonymous_18)
FNDA:0,(anonymous_19)
FNDA:0,(anonymous_20)
FNDA:0,(anonymous_21)
FNDA:0,(anonymous_22)
FNDA:0,(anonymous_23)
FNDA:0,(anonymous_24)
FNDA:0,(anonymous_25)
FNDA:0,(anonymous_26)
FNDA:0,(anonymous_27)
FNDA:0,(anonymous_28)
FNDA:0,(anonymous_29)
FNDA:0,(anonymous_30)
FNDA:0,(anonymous_31)
FNDA:0,(anonymous_32)
FNDA:0,(anonymous_33)
FNDA:0,(anonymous_34)
FNDA:0,(anonymous_35)
FNDA:0,(anonymous_36)
FNDA:0,(anonymous_37)
FNDA:0,(anonymous_38)
FNDA:0,(anonymous_39)
FNDA:0,(anonymous_40)
FNDA:0,(anonymous_41)
FNDA:0,(anonymous_42)
FNDA:0,(anonymous_43)
FNDA:0,(anonymous_44)
FNDA:0,(anonymous_45)
FNDA:0,(anonymous_46)
FNDA:0,(anonymous_47)
FNDA:0,(anonymous_48)
FNDA:0,(anonymous_49)
FNDA:0,(anonymous_50)
FNDA:0,(anonymous_51)
FNDA:0,(anonymous_52)
FNDA:0,(anonymous_53)
FNDA:0,(anonymous_54)
FNDA:0,(anonymous_55)
FNDA:0,(anonymous_56)
FNDA:0,(anonymous_57)
FNDA:0,(anonymous_58)
FNDA:0,(anonymous_59)
FNDA:0,(anonymous_60)
FNDA:0,(anonymous_61)
FNDA:0,(anonymous_62)
FNDA:0,(anonymous_63)
FNDA:0,(anonymous_64)
FNDA:0,(anonymous_65)
FNDA:0,(anonymous_66)
FNDA:0,(anonymous_67)
FNDA:0,(anonymous_68)
FNDA:0,(anonymous_69)
FNDA:0,(anonymous_70)
FNDA:0,(anonymous_71)
FNDA:0,(anonymous_72)
FNDA:0,(anonymous_73)
FNDA:0,(anonymous_74)
FNDA:0,(anonymous_75)
FNDA:0,(anonymous_76)
FNDA:0,(anonymous_77)
FNDA:0,(anonymous_78)
FNDA:0,(anonymous_79)
FNDA:0,(anonymous_80)
DA:1,1
DA:2,1
DA:3,1
DA:4,1
DA:5,1
DA:6,1
DA:7,1
DA:8,1
DA:11,0
DA:12,0
DA:13,0
DA:15,0
DA:20,0
DA:21,0
DA:22,0
DA:31,0
DA:70,0
DA:75,0
DA:76,0
DA:78,0
DA:106,0
DA:108,0
DA:109,0
DA:110,0
DA:112,0
DA:115,0
DA:125,0
DA:152,0
DA:167,0
DA:168,0
DA:169,0
DA:171,0
DA:204,0
DA:205,0
DA:207,0
DA:214,0
DA:215,0
DA:217,0
DA:226,0
DA:228,0
DA:259,0
DA:261,0
DA:262,0
DA:267,0
DA:268,0
DA:269,0
DA:270,0
DA:271,0
DA:272,0
DA:273,0
DA:275,0
DA:280,0
DA:281,0
DA:282,0
DA:284,0
DA:289,0
DA:290,0
DA:293,0
DA:294,0
DA:297,0
DA:299,0
DA:300,0
DA:301,0
DA:305,0
DA:306,0
DA:307,0
DA:311,0
DA:312,0
DA:313,0
DA:314,0
DA:315,0
DA:316,0
DA:319,0
DA:320,0
DA:321,0
DA:322,0
DA:323,0
DA:324,0
DA:328,0
DA:329,0
DA:330,0
DA:331,0
DA:332,0
DA:333,0
DA:337,0
DA:338,0
DA:339,0
DA:347,0
DA:348,0
DA:349,0
DA:350,0
DA:353,0
DA:354,0
DA:357,0
DA:359,0
DA:364,0
DA:365,0
DA:366,0
DA:367,0
DA:374,0
DA:375,0
DA:376,0
DA:377,0
DA:378,0
DA:379,0
DA:385,0
DA:386,0
DA:389,0
DA:391,0
DA:396,0
DA:397,0
DA:398,0
DA:399,0
DA:406,0
DA:407,0
DA:408,0
DA:411,0
DA:413,0
DA:434,0
DA:439,0
DA:440,0
DA:441,0
DA:443,0
DA:448,0
DA:449,0
DA:450,0
DA:451,0
DA:452,0
DA:461,0
DA:462,0
DA:464,0
DA:465,0
DA:468,0
DA:469,0
DA:471,0
DA:472,0
DA:473,0
DA:477,0
DA:478,0
DA:479,0
DA:483,0
DA:484,0
DA:485,0
DA:486,0
DA:488,0
DA:489,0
DA:493,0
DA:494,0
DA:496,0
DA:498,0
DA:499,0
DA:500,0
DA:501,0
DA:504,0
DA:505,0
DA:507,0
DA:509,0
DA:510,0
DA:511,0
DA:514,0
DA:515,0
DA:516,0
DA:517,0
DA:518,0
DA:519,0
DA:523,0
DA:524,0
DA:525,0
DA:526,0
DA:534,0
DA:535,0
DA:536,0
DA:539,0
DA:542,0
DA:544,0
DA:545,0
DA:549,0
DA:550,0
DA:553,0
DA:555,0
DA:560,0
DA:561,0
DA:562,0
DA:563,0
DA:570,0
DA:571,0
DA:573,0
DA:575,0
DA:599,0
DA:600,0
DA:601,0
DA:602,0
DA:603,0
DA:604,0
DA:605,0
DA:606,0
DA:609,0
DA:610,0
DA:613,0
DA:614,0
DA:616,0
DA:617,0
DA:618,0
DA:622,0
DA:623,0
DA:624,0
DA:625,0
DA:629,0
DA:630,0
DA:632,0
DA:634,0
DA:635,0
DA:637,0
DA:639,0
DA:640,0
DA:644,0
DA:645,0
DA:647,0
DA:649,0
DA:650,0
DA:651,0
DA:652,0
DA:653,0
DA:654,0
DA:655,0
DA:658,0
DA:659,0
DA:662,0
DA:664,0
DA:669,0
DA:670,0
DA:671,0
DA:672,0
DA:680,0
DA:681,0
DA:682,0
DA:685,0
DA:686,0
DA:687,0
DA:688,0
DA:689,0
DA:690,0
DA:694,0
DA:695,0
DA:696,0
DA:697,0
DA:705,0
DA:706,0
DA:708,0
DA:713,0
DA:714,0
DA:716,0
DA:718,0
DA:741,0
DA:743,0
DA:744,0
DA:748,1
LF:257
LH:9
BRDA:13,0,0,0
BRDA:13,0,1,0
BRDA:13,1,0,0
BRDA:13,1,1,0
BRDA:20,2,0,0
BRDA:20,2,1,0
BRDA:20,3,0,0
BRDA:20,3,1,0
BRDA:39,4,0,0
BRDA:39,4,1,0
BRDA:40,5,0,0
BRDA:40,5,1,0
BRDA:41,6,0,0
BRDA:41,6,1,0
BRDA:43,7,0,0
BRDA:43,7,1,0
BRDA:43,7,2,0
BRDA:46,8,0,0
BRDA:46,8,1,0
BRDA:47,9,0,0
BRDA:47,9,1,0
BRDA:48,10,0,0
BRDA:48,10,1,0
BRDA:49,11,0,0
BRDA:49,11,1,0
BRDA:50,12,0,0
BRDA:50,12,1,0
BRDA:51,13,0,0
BRDA:51,13,1,0
BRDA:52,14,0,0
BRDA:52,14,1,0
BRDA:53,15,0,0
BRDA:53,15,1,0
BRDA:54,16,0,0
BRDA:54,16,1,0
BRDA:55,17,0,0
BRDA:55,17,1,0
BRDA:56,18,0,0
BRDA:56,18,1,0
BRDA:57,19,0,0
BRDA:57,19,1,0
BRDA:58,20,0,0
BRDA:58,20,1,0
BRDA:59,21,0,0
BRDA:59,21,1,0
BRDA:60,22,0,0
BRDA:60,22,1,0
BRDA:61,23,0,0
BRDA:61,23,1,0
BRDA:64,24,0,0
BRDA:64,24,1,0
BRDA:65,25,0,0
BRDA:65,25,1,0
BRDA:75,26,0,0
BRDA:75,26,1,0
BRDA:75,27,0,0
BRDA:75,27,1,0
BRDA:106,28,0,0
BRDA:106,28,1,0
BRDA:108,29,0,0
BRDA:108,29,1,0
BRDA:109,30,0,0
BRDA:109,30,1,0
BRDA:112,31,0,0
BRDA:112,31,1,0
BRDA:120,32,0,0
BRDA:120,32,1,0
BRDA:133,33,0,0
BRDA:133,33,1,0
BRDA:134,34,0,0
BRDA:134,34,1,0
BRDA:135,35,0,0
BRDA:135,35,1,0
BRDA:137,36,0,0
BRDA:137,36,1,0
BRDA:138,37,0,0
BRDA:138,37,1,0
BRDA:139,38,0,0
BRDA:139,38,1,0
BRDA:142,39,0,0
BRDA:142,39,1,0
BRDA:143,40,0,0
BRDA:143,40,1,0
BRDA:144,41,0,0
BRDA:144,41,1,0
BRDA:145,42,0,0
BRDA:145,42,1,0
BRDA:149,43,0,0
BRDA:149,43,1,0
BRDA:152,44,0,0
BRDA:152,44,1,0
BRDA:154,45,0,0
BRDA:154,45,1,0
BRDA:155,46,0,0
BRDA:155,46,1,0
BRDA:156,47,0,0
BRDA:156,47,1,0
BRDA:157,48,0,0
BRDA:157,48,1,0
BRDA:158,49,0,0
BRDA:158,49,1,0
BRDA:159,50,0,0
BRDA:159,50,1,0
BRDA:160,51,0,0
BRDA:160,51,1,0
BRDA:161,52,0,0
BRDA:161,52,1,0
BRDA:162,53,0,0
BRDA:162,53,1,0
BRDA:168,54,0,0
BRDA:168,54,1,0
BRDA:168,55,0,0
BRDA:168,55,1,0
BRDA:204,56,0,0
BRDA:204,56,1,0
BRDA:207,57,0,0
BRDA:207,57,1,0
BRDA:217,58,0,0
BRDA:217,58,1,0
BRDA:223,59,0,0
BRDA:223,59,1,0
BRDA:226,60,0,0
BRDA:226,60,1,0
BRDA:232,61,0,0
BRDA:232,61,1,0
BRDA:232,61,2,0
BRDA:233,62,0,0
BRDA:233,62,1,0
BRDA:234,63,0,0
BRDA:234,63,1,0
BRDA:236,64,0,0
BRDA:236,64,1,0
BRDA:237,65,0,0
BRDA:237,65,1,0
BRDA:238,66,0,0
BRDA:238,66,1,0
BRDA:241,67,0,0
BRDA:241,67,1,0
BRDA:242,68,0,0
BRDA:242,68,1,0
BRDA:245,69,0,0
BRDA:245,69,1,0
BRDA:246,70,0,0
BRDA:246,70,1,0
BRDA:247,71,0,0
BRDA:247,71,1,0
BRDA:248,72,0,0
BRDA:248,72,1,0
BRDA:252,73,0,0
BRDA:252,73,1,0
BRDA:254,74,0,0
BRDA:254,74,1,0
BRDA:269,75,0,0
BRDA:269,75,1,0
BRDA:269,76,0,0
BRDA:269,76,1,0
BRDA:280,77,0,0
BRDA:280,77,1,0
BRDA:280,78,0,0
BRDA:280,78,1,0
BRDA:301,79,0,0
BRDA:301,79,1,0
BRDA:302,80,0,0
BRDA:302,80,1,0
BRDA:302,81,0,0
BRDA:302,81,1,0
BRDA:307,82,0,0
BRDA:307,82,1,0
BRDA:308,83,0,0
BRDA:308,83,1,0
BRDA:308,84,0,0
BRDA:308,84,1,0
BRDA:321,85,0,0
BRDA:321,85,1,0
BRDA:323,86,0,0
BRDA:323,86,1,0
BRDA:330,87,0,0
BRDA:330,87,1,0
BRDA:332,88,0,0
BRDA:332,88,1,0
BRDA:350,89,0,0
BRDA:350,89,1,0
BRDA:357,90,0,0
BRDA:357,90,1,0
BRDA:368,91,0,0
BRDA:368,91,1,0
BRDA:368,91,2,0
BRDA:369,92,0,0
BRDA:369,92,1,0
BRDA:376,93,0,0
BRDA:376,93,1,0
BRDA:377,94,0,0
BRDA:377,94,1,0
BRDA:380,95,0,0
BRDA:380,95,1,0
BRDA:389,96,0,0
BRDA:389,96,1,0
BRDA:400,97,0,0
BRDA:400,97,1,0
BRDA:401,98,0,0
BRDA:401,98,1,0
BRDA:417,99,0,0
BRDA:417,99,1,0
BRDA:418,100,0,0
BRDA:418,100,1,0
BRDA:439,101,0,0
BRDA:439,101,1,0
BRDA:439,102,0,0
BRDA:439,102,1,0
BRDA:450,103,0,0
BRDA:450,103,1,0
BRDA:451,104,0,0
BRDA:451,104,1,0
BRDA:473,105,0,0
BRDA:473,105,1,0
BRDA:474,106,0,0
BRDA:474,106,1,0
BRDA:474,107,0,0
BRDA:474,107,1,0
BRDA:479,108,0,0
BRDA:479,108,1,0
BRDA:480,109,0,0
BRDA:480,109,1,0
BRDA:480,110,0,0
BRDA:480,110,1,0
BRDA:488,111,0,0
BRDA:488,111,1,0
BRDA:490,112,0,0
BRDA:490,112,1,0
BRDA:500,113,0,0
BRDA:500,113,1,0
BRDA:501,114,0,0
BRDA:501,114,1,0
BRDA:516,115,0,0
BRDA:516,115,1,0
BRDA:518,116,0,0
BRDA:518,116,1,0
BRDA:536,117,0,0
BRDA:536,117,1,0
BRDA:539,118,0,0
BRDA:539,118,1,0
BRDA:544,119,0,0
BRDA:544,119,1,0
BRDA:546,120,0,0
BRDA:546,120,1,0
BRDA:553,121,0,0
BRDA:553,121,1,0
BRDA:564,122,0,0
BRDA:564,122,1,0
BRDA:565,123,0,0
BRDA:565,123,1,0
BRDA:579,124,0,0
BRDA:579,124,1,0
BRDA:580,125,0,0
BRDA:580,125,1,0
BRDA:600,126,0,0
BRDA:600,126,1,0
BRDA:600,127,0,0
BRDA:600,127,1,0
BRDA:618,128,0,0
BRDA:618,128,1,0
BRDA:619,129,0,0
BRDA:619,129,1,0
BRDA:619,130,0,0
BRDA:619,130,1,0
BRDA:624,131,0,0
BRDA:624,131,1,0
BRDA:625,132,0,0
BRDA:625,132,1,0
BRDA:638,133,0,0
BRDA:638,133,1,0
BRDA:639,134,0,0
BRDA:639,134,1,0
BRDA:640,135,0,0
BRDA:640,135,1,0
BRDA:652,136,0,0
BRDA:652,136,1,0
BRDA:662,137,0,0
BRDA:662,137,1,0
BRDA:673,138,0,0
BRDA:673,138,1,0
BRDA:674,139,0,0
BRDA:674,139,1,0
BRDA:687,140,0,0
BRDA:687,140,1,0
BRDA:689,141,0,0
BRDA:689,141,1,0
BRDA:706,142,0,0
BRDA:706,142,1,0
BRDA:720,143,0,0
BRDA:720,143,1,0
BRDA:722,144,0,0
BRDA:722,144,1,0
BRDA:723,145,0,0
BRDA:723,145,1,0
BRDA:730,146,0,0
BRDA:730,146,1,0
BRF:297
BRH:0
end_of_record
TN:
SF:services\manager\apiService.js
FN:21,collectDashboardStats
FN:298,(anonymous_1)
FN:301,(anonymous_2)
FN:309,(anonymous_3)
FN:316,(anonymous_4)
FN:321,(anonymous_5)
FN:328,(anonymous_6)
FN:332,(anonymous_7)
FN:337,(anonymous_8)
FN:341,(anonymous_9)
FN:351,(anonymous_10)
FN:357,(anonymous_11)
FN:361,(anonymous_12)
FN:366,(anonymous_13)
FN:374,(anonymous_14)
FN:376,(anonymous_15)
FN:381,(anonymous_16)
FN:384,(anonymous_17)
FN:387,(anonymous_18)
FN:393,(anonymous_19)
FN:396,(anonymous_20)
FN:397,(anonymous_21)
FN:398,(anonymous_22)
FN:401,(anonymous_23)
FN:413,(anonymous_24)
FN:416,(anonymous_25)
FN:422,(anonymous_26)
FN:425,(anonymous_27)
FN:428,(anonymous_28)
FN:434,(anonymous_29)
FN:437,(anonymous_30)
FN:438,(anonymous_31)
FN:439,(anonymous_32)
FN:442,(anonymous_33)
FN:485,getApiUsers
FN:499,collectUsersData
FN:501,(anonymous_36)
FN:509,getApiServices
FN:523,collectServicesData
FN:530,(anonymous_39)
FN:550,(anonymous_40)
FN:553,(anonymous_41)
FN:574,(anonymous_42)
FN:582,(anonymous_43)
FN:588,getApiOrders
FN:602,collectOrdersData
FN:609,(anonymous_46)
FN:623,(anonymous_47)
FN:626,(anonymous_48)
FN:628,(anonymous_49)
FN:630,(anonymous_50)
FN:635,(anonymous_51)
FN:638,(anonymous_52)
FN:640,(anonymous_53)
FN:643,(anonymous_54)
FN:661,getApiPayments
FN:675,collectPaymentsData
FN:682,(anonymous_57)
FN:695,(anonymous_58)
FN:698,(anonymous_59)
FN:704,getApiSupport
FN:718,collectSupportData
FN:723,getApiDashboard
FN:737,getApiDashboardReport
FN:752,(anonymous_64)
FN:755,drawTable
FN:768,(anonymous_66)
FN:774,(anonymous_67)
FN:784,(anonymous_68)
FN:790,(anonymous_69)
FN:860,(anonymous_70)
FN:880,(anonymous_71)
FN:913,(anonymous_72)
FNF:73
FNH:0
FNDA:0,collectDashboardStats
FNDA:0,(anonymous_1)
FNDA:0,(anonymous_2)
FNDA:0,(anonymous_3)
FNDA:0,(anonymous_4)
FNDA:0,(anonymous_5)
FNDA:0,(anonymous_6)
FNDA:0,(anonymous_7)
FNDA:0,(anonymous_8)
FNDA:0,(anonymous_9)
FNDA:0,(anonymous_10)
FNDA:0,(anonymous_11)
FNDA:0,(anonymous_12)
FNDA:0,(anonymous_13)
FNDA:0,(anonymous_14)
FNDA:0,(anonymous_15)
FNDA:0,(anonymous_16)
FNDA:0,(anonymous_17)
FNDA:0,(anonymous_18)
FNDA:0,(anonymous_19)
FNDA:0,(anonymous_20)
FNDA:0,(anonymous_21)
FNDA:0,(anonymous_22)
FNDA:0,(anonymous_23)
FNDA:0,(anonymous_24)
FNDA:0,(anonymous_25)
FNDA:0,(anonymous_26)
FNDA:0,(anonymous_27)
FNDA:0,(anonymous_28)
FNDA:0,(anonymous_29)
FNDA:0,(anonymous_30)
FNDA:0,(anonymous_31)
FNDA:0,(anonymous_32)
FNDA:0,(anonymous_33)
FNDA:0,getApiUsers
FNDA:0,collectUsersData
FNDA:0,(anonymous_36)
FNDA:0,getApiServices
FNDA:0,collectServicesData
FNDA:0,(anonymous_39)
FNDA:0,(anonymous_40)
FNDA:0,(anonymous_41)
FNDA:0,(anonymous_42)
FNDA:0,(anonymous_43)
FNDA:0,getApiOrders
FNDA:0,collectOrdersData
FNDA:0,(anonymous_46)
FNDA:0,(anonymous_47)
FNDA:0,(anonymous_48)
FNDA:0,(anonymous_49)
FNDA:0,(anonymous_50)
FNDA:0,(anonymous_51)
FNDA:0,(anonymous_52)
FNDA:0,(anonymous_53)
FNDA:0,(anonymous_54)
FNDA:0,getApiPayments
FNDA:0,collectPaymentsData
FNDA:0,(anonymous_57)
FNDA:0,(anonymous_58)
FNDA:0,(anonymous_59)
FNDA:0,getApiSupport
FNDA:0,collectSupportData
FNDA:0,getApiDashboard
FNDA:0,getApiDashboardReport
FNDA:0,(anonymous_64)
FNDA:0,drawTable
FNDA:0,(anonymous_66)
FNDA:0,(anonymous_67)
FNDA:0,(anonymous_68)
FNDA:0,(anonymous_69)
FNDA:0,(anonymous_70)
FNDA:0,(anonymous_71)
FNDA:0,(anonymous_72)
DA:1,2
DA:2,2
DA:3,2
DA:4,2
DA:5,2
DA:6,2
DA:7,2
DA:8,2
DA:9,2
DA:10,2
DA:11,2
DA:13,2
DA:14,2
DA:15,2
DA:16,2
DA:17,2
DA:18,2
DA:19,2
DA:22,0
DA:23,0
DA:49,0
DA:297,0
DA:298,0
DA:301,0
DA:303,0
DA:304,0
DA:305,0
DA:306,0
DA:308,0
DA:309,0
DA:310,0
DA:311,0
DA:312,0
DA:315,0
DA:316,0
DA:321,0
DA:322,0
DA:323,0
DA:324,0
DA:325,0
DA:328,0
DA:329,0
DA:330,0
DA:332,0
DA:333,0
DA:336,0
DA:337,0
DA:338,0
DA:339,0
DA:340,0
DA:341,0
DA:342,0
DA:343,0
DA:346,0
DA:349,0
DA:350,0
DA:351,0
DA:357,0
DA:358,0
DA:359,0
DA:361,0
DA:362,0
DA:365,0
DA:366,0
DA:368,0
DA:369,0
DA:372,0
DA:374,0
DA:376,0
DA:379,0
DA:381,0
DA:384,0
DA:387,0
DA:391,0
DA:393,0
DA:395,0
DA:396,0
DA:398,0
DA:399,0
DA:400,0
DA:402,0
DA:405,0
DA:407,0
DA:411,0
DA:413,0
DA:416,0
DA:420,0
DA:422,0
DA:425,0
DA:428,0
DA:432,0
DA:434,0
DA:436,0
DA:437,0
DA:439,0
DA:440,0
DA:441,0
DA:443,0
DA:446,0
DA:448,0
DA:452,0
DA:486,0
DA:487,0
DA:492,0
DA:494,0
DA:495,0
DA:500,0
DA:501,0
DA:506,0
DA:510,0
DA:511,0
DA:516,0
DA:518,0
DA:519,0
DA:524,0
DA:529,0
DA:530,0
DA:532,0
DA:549,0
DA:550,0
DA:553,0
DA:554,0
DA:555,0
DA:569,0
DA:573,0
DA:574,0
DA:577,0
DA:581,0
DA:582,0
DA:585,0
DA:589,0
DA:590,0
DA:595,0
DA:597,0
DA:598,0
DA:603,0
DA:608,0
DA:610,0
DA:616,0
DA:621,0
DA:624,0
DA:626,0
DA:629,0
DA:630,0
DA:634,0
DA:635,0
DA:637,0
DA:638,0
DA:639,0
DA:640,0
DA:642,0
DA:643,0
DA:646,0
DA:647,0
DA:648,0
DA:649,0
DA:651,0
DA:658,0
DA:662,0
DA:663,0
DA:668,0
DA:670,0
DA:671,0
DA:676,0
DA:681,0
DA:683,0
DA:689,0
DA:694,0
DA:696,0
DA:698,0
DA:701,0
DA:705,0
DA:706,0
DA:711,0
DA:713,0
DA:714,0
DA:719,0
DA:720,0
DA:724,0
DA:725,0
DA:730,0
DA:732,0
DA:733,0
DA:738,0
DA:739,0
DA:744,0
DA:745,0
DA:746,0
DA:750,0
DA:752,0
DA:753,0
DA:763,0
DA:765,0
DA:766,0
DA:767,0
DA:768,0
DA:770,0
DA:771,0
DA:773,0
DA:774,0
DA:775,0
DA:778,0
DA:781,0
DA:783,0
DA:784,0
DA:785,0
DA:786,0
DA:787,0
DA:788,0
DA:790,0
DA:791,0
DA:794,0
DA:797,0
DA:800,0
DA:801,0
DA:809,0
DA:812,0
DA:817,0
DA:818,0
DA:823,0
DA:825,0
DA:830,0
DA:831,0
DA:832,0
DA:844,0
DA:846,0
DA:851,0
DA:852,0
DA:858,0
DA:860,0
DA:863,0
DA:865,0
DA:866,0
DA:867,0
DA:872,0
DA:874,0
DA:880,0
DA:886,0
DA:889,0
DA:892,0
DA:893,0
DA:898,0
DA:899,0
DA:904,0
DA:906,0
DA:913,0
DA:920,0
DA:927,0
DA:934,0
DA:936,0
DA:937,0
DA:941,2
LF:252
LH:19
BRDA:13,0,0,2
BRDA:13,0,1,2
BRDA:14,1,0,2
BRDA:14,1,1,2
BRDA:301,2,0,0
BRDA:301,2,1,0
BRDA:303,3,0,0
BRDA:303,3,1,0
BRDA:304,4,0,0
BRDA:304,4,1,0
BRDA:310,5,0,0
BRDA:310,5,1,0
BRDA:312,6,0,0
BRDA:312,6,1,0
BRDA:323,7,0,0
BRDA:323,7,1,0
BRDA:338,8,0,0
BRDA:338,8,1,0
BRDA:340,9,0,0
BRDA:340,9,1,0
BRDA:359,10,0,0
BRDA:359,10,1,0
BRDA:362,11,0,0
BRDA:362,11,1,0
BRDA:362,12,0,0
BRDA:362,12,1,0
BRDA:366,13,0,0
BRDA:366,13,1,0
BRDA:368,14,0,0
BRDA:368,14,1,0
BRDA:369,15,0,0
BRDA:369,15,1,0
BRDA:373,16,0,0
BRDA:373,16,1,0
BRDA:374,17,0,0
BRDA:374,17,1,0
BRDA:376,18,0,0
BRDA:376,18,1,0
BRDA:380,19,0,0
BRDA:380,19,1,0
BRDA:381,20,0,0
BRDA:381,20,1,0
BRDA:383,21,0,0
BRDA:383,21,1,0
BRDA:386,22,0,0
BRDA:386,22,1,0
BRDA:391,23,0,0
BRDA:391,23,1,0
BRDA:393,24,0,0
BRDA:393,24,1,0
BRDA:400,25,0,0
BRDA:400,25,1,0
BRDA:402,26,0,0
BRDA:402,26,1,0
BRDA:402,27,0,0
BRDA:402,27,1,0
BRDA:405,28,0,0
BRDA:405,28,1,0
BRDA:412,29,0,0
BRDA:412,29,1,0
BRDA:413,30,0,0
BRDA:413,30,1,0
BRDA:415,31,0,0
BRDA:415,31,1,0
BRDA:421,32,0,0
BRDA:421,32,1,0
BRDA:422,33,0,0
BRDA:422,33,1,0
BRDA:424,34,0,0
BRDA:424,34,1,0
BRDA:427,35,0,0
BRDA:427,35,1,0
BRDA:432,36,0,0
BRDA:432,36,1,0
BRDA:434,37,0,0
BRDA:434,37,1,0
BRDA:441,38,0,0
BRDA:441,38,1,0
BRDA:443,39,0,0
BRDA:443,39,1,0
BRDA:443,40,0,0
BRDA:443,40,1,0
BRDA:446,41,0,0
BRDA:446,41,1,0
BRDA:461,42,0,0
BRDA:461,42,1,0
BRDA:462,43,0,0
BRDA:462,43,1,0
BRDA:464,44,0,0
BRDA:464,44,1,0
BRDA:465,45,0,0
BRDA:465,45,1,0
BRDA:467,46,0,0
BRDA:467,46,1,0
BRDA:470,47,0,0
BRDA:470,47,1,0
BRDA:503,48,0,0
BRDA:503,48,1,0
BRDA:532,49,0,0
BRDA:532,49,1,0
BRDA:550,50,0,0
BRDA:550,50,1,0
BRDA:558,51,0,0
BRDA:558,51,1,0
BRDA:560,52,0,0
BRDA:560,52,1,0
BRDA:562,53,0,0
BRDA:562,53,1,0
BRDA:564,54,0,0
BRDA:564,54,1,0
BRDA:565,55,0,0
BRDA:565,55,1,0
BRDA:574,56,0,0
BRDA:574,56,1,0
BRDA:582,57,0,0
BRDA:582,57,1,0
BRDA:610,58,0,0
BRDA:610,58,1,0
BRDA:610,58,2,0
BRDA:610,58,3,0
BRDA:624,59,0,0
BRDA:624,59,1,0
BRDA:624,59,2,0
BRDA:626,60,0,0
BRDA:626,60,1,0
BRDA:629,61,0,0
BRDA:629,61,1,0
BRDA:630,62,0,0
BRDA:630,62,1,0
BRDA:630,62,2,0
BRDA:634,63,0,0
BRDA:634,63,1,0
BRDA:637,64,0,0
BRDA:637,64,1,0
BRDA:646,65,0,0
BRDA:646,65,1,0
BRDA:647,66,0,0
BRDA:647,66,1,0
BRDA:648,67,0,0
BRDA:648,67,1,0
BRDA:649,68,0,0
BRDA:649,68,1,0
BRDA:649,69,0,0
BRDA:649,69,1,0
BRDA:683,70,0,0
BRDA:683,70,1,0
BRDA:683,70,2,0
BRDA:683,70,3,0
BRDA:696,71,0,0
BRDA:696,71,1,0
BRDA:696,71,2,0
BRDA:698,72,0,0
BRDA:698,72,1,0
BRDA:752,73,0,0
BRDA:752,73,1,0
BRDA:755,74,0,0
BRDA:757,75,0,0
BRDA:758,76,0,0
BRDA:759,77,0,0
BRDA:760,78,0,0
BRDA:761,79,0,0
BRDA:762,80,0,0
BRDA:785,81,0,0
BRDA:785,81,1,0
BRDA:860,82,0,0
BRDA:860,82,1,0
BRDA:866,83,0,0
BRDA:866,83,1,0
BRDA:866,84,0,0
BRDA:866,84,1,0
BRDA:866,84,2,0
BRDA:882,85,0,0
BRDA:882,85,1,0
BRDA:883,86,0,0
BRDA:883,86,1,0
BRDA:893,87,0,0
BRDA:893,87,1,0
BRDA:894,88,0,0
BRDA:894,88,1,0
BRDA:894,88,2,0
BRDA:898,89,0,0
BRDA:898,89,1,0
BRDA:915,90,0,0
BRDA:915,90,1,0
BRDA:916,91,0,0
BRDA:916,91,1,0
BRDA:917,92,0,0
BRDA:917,92,1,0
BRF:188
BRH:4
end_of_record
TN:
SF:services\manager\common.js
FN:3,buildMonthBuckets
FN:20,monthKey
FNF:2
FNH:0
FNDA:0,buildMonthBuckets
FNDA:0,monthKey
DA:1,2
DA:4,0
DA:5,0
DA:6,0
DA:8,0
DA:9,0
DA:10,0
DA:17,0
DA:21,0
DA:24,2
LF:10
LH:2
BRDA:3,0,0,0
BRF:1
BRH:0
end_of_record
TN:
SF:services\manager\dashboardService.js
FN:7,getDashboard
FN:15,(anonymous_1)
FN:21,(anonymous_2)
FN:60,getDashboardHtml
FNF:4
FNH:0
FNDA:0,getDashboard
FNDA:0,(anonymous_1)
FNDA:0,(anonymous_2)
FNDA:0,getDashboardHtml
DA:1,1
DA:2,1
DA:3,1
DA:4,1
DA:5,1
DA:8,0
DA:9,0
DA:10,0
DA:15,0
DA:16,0
DA:17,0
DA:20,0
DA:21,0
DA:24,0
DA:30,0
DA:34,0
DA:36,0
DA:40,0
DA:42,0
DA:43,0
DA:45,0
DA:55,0
DA:56,0
DA:61,0
DA:66,1
LF:25
LH:6
BRDA:21,0,0,0
BRDA:21,0,1,0
BRDA:34,1,0,0
BRDA:34,1,1,0
BRDA:40,2,0,0
BRDA:40,2,1,0
BRF:6
BRH:0
end_of_record
TN:
SF:services\manager\ordersService.js
FN:5,getOrders
FN:13,(anonymous_1)
FN:26,(anonymous_2)
FN:29,(anonymous_3)
FN:39,cancelOrder
FN:72,restoreOrder
FNF:6
FNH:0
FNDA:0,getOrders
FNDA:0,(anonymous_1)
FNDA:0,(anonymous_2)
FNDA:0,(anonymous_3)
FNDA:0,cancelOrder
FNDA:0,restoreOrder
DA:1,2
DA:2,2
DA:3,2
DA:6,0
DA:7,0
DA:14,0
DA:20,0
DA:27,0
DA:29,0
DA:32,0
DA:34,0
DA:35,0
DA:40,0
DA:41,0
DA:42,0
DA:43,0
DA:44,0
DA:45,0
DA:47,0
DA:48,0
DA:49,0
DA:50,0
DA:51,0
DA:58,0
DA:59,0
DA:60,0
DA:62,0
DA:63,0
DA:64,0
DA:68,0
DA:73,0
DA:74,0
DA:75,0
DA:76,0
DA:77,0
DA:82,0
DA:83,0
DA:90,0
DA:91,0
DA:92,0
DA:93,0
DA:94,0
DA:95,0
DA:102,0
DA:103,0
DA:104,0
DA:106,0
DA:107,0
DA:108,0
DA:112,0
DA:116,2
LF:51
LH:4
BRDA:14,0,0,0
BRDA:14,0,1,0
BRDA:14,0,2,0
BRDA:14,0,3,0
BRDA:27,1,0,0
BRDA:27,1,1,0
BRDA:27,1,2,0
BRDA:29,2,0,0
BRDA:29,2,1,0
BRDA:43,3,0,0
BRDA:43,3,1,0
BRDA:44,4,0,0
BRDA:44,4,1,0
BRDA:50,5,0,0
BRDA:50,5,1,0
BRDA:52,6,0,0
BRDA:52,6,1,0
BRDA:59,7,0,0
BRDA:59,7,1,0
BRDA:63,8,0,0
BRDA:63,8,1,0
BRDA:76,9,0,0
BRDA:76,9,1,0
BRDA:77,10,0,0
BRDA:77,10,1,0
BRDA:82,11,0,0
BRDA:82,11,1,0
BRDA:83,12,0,0
BRDA:83,12,1,0
BRDA:90,13,0,0
BRDA:90,13,1,0
BRDA:94,14,0,0
BRDA:94,14,1,0
BRDA:96,15,0,0
BRDA:96,15,1,0
BRDA:103,16,0,0
BRDA:103,16,1,0
BRDA:107,17,0,0
BRDA:107,17,1,0
BRF:39
BRH:0
end_of_record
TN:
SF:services\manager\paymentsService.js
FN:5,getPayments
FN:12,(anonymous_1)
FN:25,(anonymous_2)
FN:28,(anonymous_3)
FN:38,getPaymentsHtml
FNF:5
FNH:0
FNDA:0,getPayments
FNDA:0,(anonymous_1)
FNDA:0,(anonymous_2)
FNDA:0,(anonymous_3)
FNDA:0,getPaymentsHtml
DA:1,2
DA:2,2
DA:3,2
DA:6,0
DA:7,0
DA:13,0
DA:19,0
DA:26,0
DA:28,0
DA:31,0
DA:33,0
DA:34,0
DA:39,0
DA:44,2
LF:14
LH:4
BRDA:13,0,0,0
BRDA:13,0,1,0
BRDA:13,0,2,0
BRDA:13,0,3,0
BRDA:26,1,0,0
BRDA:26,1,1,0
BRDA:26,1,2,0
BRDA:28,2,0,0
BRDA:28,2,1,0
BRF:9
BRH:0
end_of_record
TN:
SF:services\manager\productsService.js
FN:3,approveProduct
FN:40,rejectProduct
FN:77,editProduct
FN:168,getProduct
FNF:4
FNH:0
FNDA:0,approveProduct
FNDA:0,rejectProduct
FNDA:0,editProduct
FNDA:0,getProduct
DA:1,2
DA:4,0
DA:6,0
DA:9,0
DA:15,0
DA:16,0
DA:17,0
DA:20,0
DA:23,0
DA:24,0
DA:25,0
DA:26,0
DA:28,0
DA:30,0
DA:32,0
DA:33,0
DA:36,0
DA:41,0
DA:43,0
DA:46,0
DA:52,0
DA:53,0
DA:54,0
DA:57,0
DA:60,0
DA:61,0
DA:62,0
DA:63,0
DA:65,0
DA:67,0
DA:69,0
DA:70,0
DA:73,0
DA:78,0
DA:80,0
DA:91,0
DA:93,0
DA:101,0
DA:102,0
DA:105,0
DA:108,0
DA:109,0
DA:111,0
DA:112,0
DA:113,0
DA:116,0
DA:119,0
DA:120,0
DA:121,0
DA:124,0
DA:127,0
DA:136,0
DA:137,0
DA:139,0
DA:143,0
DA:144,0
DA:145,0
DA:148,0
DA:151,0
DA:152,0
DA:153,0
DA:154,0
DA:156,0
DA:158,0
DA:160,0
DA:161,0
DA:164,0
DA:169,0
DA:170,0
DA:174,0
DA:175,0
DA:178,0
DA:180,0
DA:181,0
DA:187,2
LF:75
LH:2
BRDA:6,0,0,0
BRDA:6,0,1,0
BRDA:6,1,0,0
BRDA:6,1,1,0
BRDA:15,2,0,0
BRDA:15,2,1,0
BRDA:16,3,0,0
BRDA:16,3,1,0
BRDA:23,4,0,0
BRDA:23,4,1,0
BRDA:24,5,0,0
BRDA:24,5,1,0
BRDA:30,6,0,0
BRDA:30,6,1,0
BRDA:30,7,0,0
BRDA:30,7,1,0
BRDA:32,8,0,0
BRDA:32,8,1,0
BRDA:43,9,0,0
BRDA:43,9,1,0
BRDA:43,10,0,0
BRDA:43,10,1,0
BRDA:52,11,0,0
BRDA:52,11,1,0
BRDA:53,12,0,0
BRDA:53,12,1,0
BRDA:60,13,0,0
BRDA:60,13,1,0
BRDA:61,14,0,0
BRDA:61,14,1,0
BRDA:67,15,0,0
BRDA:67,15,1,0
BRDA:67,16,0,0
BRDA:67,16,1,0
BRDA:69,17,0,0
BRDA:69,17,1,0
BRDA:80,18,0,0
BRDA:80,18,1,0
BRDA:80,19,0,0
BRDA:80,19,1,0
BRDA:93,20,0,0
BRDA:93,20,1,0
BRDA:94,21,0,0
BRDA:94,21,1,0
BRDA:94,21,2,0
BRDA:94,21,3,0
BRDA:94,21,4,0
BRDA:94,21,5,0
BRDA:101,22,0,0
BRDA:101,22,1,0
BRDA:111,23,0,0
BRDA:111,23,1,0
BRDA:111,24,0,0
BRDA:111,24,1,0
BRDA:112,25,0,0
BRDA:112,25,1,0
BRDA:119,26,0,0
BRDA:119,26,1,0
BRDA:119,27,0,0
BRDA:119,27,1,0
BRDA:120,28,0,0
BRDA:120,28,1,0
BRDA:136,29,0,0
BRDA:136,29,1,0
BRDA:143,30,0,0
BRDA:143,30,1,0
BRDA:144,31,0,0
BRDA:144,31,1,0
BRDA:151,32,0,0
BRDA:151,32,1,0
BRDA:152,33,0,0
BRDA:152,33,1,0
BRDA:158,34,0,0
BRDA:158,34,1,0
BRDA:158,35,0,0
BRDA:158,35,1,0
BRDA:160,36,0,0
BRDA:160,36,1,0
BRDA:174,37,0,0
BRDA:174,37,1,0
BRF:80
BRH:0
end_of_record
TN:
SF:services\manager\profileService.js
FN:7,getProfileData
FN:91,(anonymous_1)
FNF:2
FNH:0
FNDA:0,getProfileData
FNDA:0,(anonymous_1)
DA:1,2
DA:2,2
DA:3,2
DA:4,2
DA:5,2
DA:8,0
DA:9,0
DA:10,0
DA:11,0
DA:12,0
DA:13,0
DA:14,0
DA:15,0
DA:16,0
DA:18,0
DA:19,0
DA:20,0
DA:21,0
DA:22,0
DA:26,0
DA:27,0
DA:28,0
DA:29,0
DA:32,0
DA:33,0
DA:34,0
DA:35,0
DA:36,0
DA:37,0
DA:39,0
DA:40,0
DA:41,0
DA:42,0
DA:46,0
DA:47,0
DA:48,0
DA:49,0
DA:50,0
DA:51,0
DA:53,0
DA:54,0
DA:55,0
DA:57,0
DA:58,0
DA:59,0
DA:72,0
DA:73,0
DA:78,0
DA:79,0
DA:80,0
DA:81,0
DA:82,0
DA:90,0
DA:91,0
DA:94,0
DA:98,0
DA:100,0
DA:109,0
DA:110,0
DA:114,2
LF:60
LH:6
BRDA:19,0,0,0
BRDA:19,0,1,0
BRDA:23,1,0,0
BRDA:23,1,1,0
BRDA:23,1,2,0
BRDA:29,2,0,0
BRDA:29,2,1,0
BRDA:29,3,0,0
BRDA:29,3,1,0
BRDA:32,4,0,0
BRDA:32,4,1,0
BRDA:34,5,0,0
BRDA:34,5,1,0
BRDA:38,6,0,0
BRDA:38,6,1,0
BRDA:42,7,0,0
BRDA:42,7,1,0
BRDA:42,8,0,0
BRDA:42,8,1,0
BRDA:46,9,0,0
BRDA:46,9,1,0
BRDA:48,10,0,0
BRDA:48,10,1,0
BRDA:48,11,0,0
BRDA:48,11,1,0
BRDA:52,12,0,0
BRDA:52,12,1,0
BRDA:53,13,0,0
BRDA:53,13,1,0
BRDA:72,14,0,0
BRDA:72,14,1,0
BRDA:73,15,0,0
BRDA:73,15,1,0
BRDA:74,16,0,0
BRDA:74,16,1,0
BRDA:74,16,2,0
BRDA:81,17,0,0
BRDA:81,17,1,0
BRDA:90,18,0,0
BRDA:90,18,1,0
BRDA:94,19,0,0
BRDA:94,19,1,0
BRDA:98,20,0,0
BRDA:98,20,1,0
BRF:44
BRH:0
end_of_record
TN:
SF:services\manager\servicesService.js
FN:7,getServices
FN:18,(anonymous_1)
FN:25,(anonymous_2)
FN:39,cancelBooking
FN:65,restoreBooking
FN:91,verifyProvider
FN:147,getServicesHtml
FNF:7
FNH:0
FNDA:0,getServices
FNDA:0,(anonymous_1)
FNDA:0,(anonymous_2)
FNDA:0,cancelBooking
FNDA:0,restoreBooking
FNDA:0,verifyProvider
FNDA:0,getServicesHtml
DA:1,2
DA:2,2
DA:3,2
DA:4,2
DA:5,2
DA:8,0
DA:9,0
DA:13,0
DA:17,0
DA:18,0
DA:20,0
DA:24,0
DA:25,0
DA:28,0
DA:34,0
DA:35,0
DA:40,0
DA:41,0
DA:42,0
DA:43,0
DA:48,0
DA:49,0
DA:50,0
DA:52,0
DA:53,0
DA:55,0
DA:56,0
DA:57,0
DA:61,0
DA:66,0
DA:67,0
DA:68,0
DA:69,0
DA:74,0
DA:75,0
DA:76,0
DA:78,0
DA:79,0
DA:81,0
DA:82,0
DA:83,0
DA:87,0
DA:92,0
DA:93,0
DA:94,0
DA:96,0
DA:97,0
DA:100,0
DA:101,0
DA:105,0
DA:110,0
DA:111,0
DA:112,0
DA:113,0
DA:114,0
DA:115,0
DA:116,0
DA:117,0
DA:118,0
DA:119,0
DA:121,0
DA:122,0
DA:123,0
DA:124,0
DA:127,0
DA:129,0
DA:130,0
DA:136,0
DA:142,0
DA:143,0
DA:148,0
DA:153,2
LF:72
LH:6
BRDA:18,0,0,0
BRDA:18,0,1,0
BRDA:25,1,0,0
BRDA:25,1,1,0
BRDA:42,2,0,0
BRDA:42,2,1,0
BRDA:43,3,0,0
BRDA:43,3,1,0
BRDA:52,4,0,0
BRDA:52,4,1,0
BRDA:56,5,0,0
BRDA:56,5,1,0
BRDA:68,6,0,0
BRDA:68,6,1,0
BRDA:69,7,0,0
BRDA:69,7,1,0
BRDA:74,8,0,0
BRDA:74,8,1,0
BRDA:78,9,0,0
BRDA:78,9,1,0
BRDA:82,10,0,0
BRDA:82,10,1,0
BRDA:96,11,0,0
BRDA:96,11,1,0
BRDA:101,12,0,0
BRDA:101,12,1,0
BRDA:102,13,0,0
BRDA:102,13,1,0
BRDA:102,13,2,0
BRDA:110,14,0,0
BRDA:110,14,1,0
BRDA:114,15,0,0
BRDA:114,15,1,0
BRDA:115,16,0,0
BRDA:115,16,1,0
BRDA:117,17,0,0
BRDA:117,17,1,0
BRDA:122,18,0,0
BRDA:122,18,1,0
BRDA:129,19,0,0
BRDA:129,19,1,0
BRF:41
BRH:0
end_of_record
TN:
SF:services\manager\supportService.js
FN:3,getSupportHtml
FNF:1
FNH:0
FNDA:0,getSupportHtml
DA:1,2
DA:4,0
DA:9,2
LF:3
LH:2
BRF:0
BRH:0
end_of_record
TN:
SF:services\manager\usersService.js
FN:6,getUsers
FN:9,(anonymous_1)
FN:21,suspendUser
FN:42,restoreUser
FN:63,createManager
FN:127,getUsersHtml
FNF:6
FNH:0
FNDA:0,getUsers
FNDA:0,(anonymous_1)
FNDA:0,suspendUser
FNDA:0,restoreUser
FNDA:0,createManager
FNDA:0,getUsersHtml
DA:1,1
DA:2,1
DA:3,1
DA:4,1
DA:7,0
DA:8,0
DA:9,0
DA:14,0
DA:16,0
DA:17,0
DA:22,0
DA:23,0
DA:24,0
DA:25,0
DA:28,0
DA:29,0
DA:33,0
DA:34,0
DA:35,0
DA:37,0
DA:38,0
DA:43,0
DA:44,0
DA:45,0
DA:46,0
DA:49,0
DA:50,0
DA:54,0
DA:55,0
DA:56,0
DA:58,0
DA:59,0
DA:64,0
DA:65,0
DA:66,0
DA:67,0
DA:72,0
DA:73,0
DA:74,0
DA:77,0
DA:78,0
DA:86,0
DA:87,0
DA:92,0
DA:93,0
DA:94,0
DA:99,0
DA:100,0
DA:107,0
DA:109,0
DA:120,0
DA:121,0
DA:128,0
DA:133,1
LF:54
LH:5
BRDA:11,0,0,0
BRDA:11,0,1,0
BRDA:24,1,0,0
BRDA:24,1,1,0
BRDA:28,2,0,0
BRDA:28,2,1,0
BRDA:28,3,0,0
BRDA:28,3,1,0
BRDA:45,4,0,0
BRDA:45,4,1,0
BRDA:49,5,0,0
BRDA:49,5,1,0
BRDA:49,6,0,0
BRDA:49,6,1,0
BRDA:65,7,0,0
BRDA:65,7,1,0
BRDA:66,8,0,0
BRDA:66,8,1,0
BRDA:66,9,0,0
BRDA:66,9,1,0
BRDA:66,9,2,0
BRDA:73,10,0,0
BRDA:73,10,1,0
BRDA:77,11,0,0
BRDA:77,11,1,0
BRDA:86,12,0,0
BRDA:86,12,1,0
BRDA:86,13,0,0
BRDA:86,13,1,0
BRDA:93,14,0,0
BRDA:93,14,1,0
BRF:31
BRH:0
end_of_record
TN:
SF:services\search\productSearchService.js
FN:5,normalizeLimit
FN:11,normalizeOffset
FN:17,escapeSolrTerm
FN:21,buildSolrQuery
FN:29,(anonymous_4)
FN:38,(anonymous_5)
FN:44,(anonymous_6)
FN:58,(anonymous_7)
FN:61,buildMongoFilter
FN:72,mongoSearch
FN:89,(anonymous_10)
FN:103,solrSearch
FN:137,(anonymous_12)
FN:149,(anonymous_13)
FN:159,(anonymous_14)
FN:173,searchProducts
FNF:16
FNH:10
FNDA:1,normalizeLimit
FNDA:1,normalizeOffset
FNDA:4,escapeSolrTerm
FNDA:5,buildSolrQuery
FNDA:4,(anonymous_4)
FNDA:4,(anonymous_5)
FNDA:4,(anonymous_6)
FNDA:8,(anonymous_7)
FNDA:0,buildMongoFilter
FNDA:0,mongoSearch
FNDA:0,(anonymous_10)
FNDA:1,solrSearch
FNDA:0,(anonymous_12)
FNDA:0,(anonymous_13)
FNDA:0,(anonymous_14)
FNDA:1,searchProducts
DA:1,1
DA:3,1
DA:6,1
DA:7,1
DA:8,1
DA:12,1
DA:13,1
DA:14,1
DA:18,4
DA:22,5
DA:23,5
DA:24,2
DA:27,3
DA:29,4
DA:32,3
DA:33,0
DA:36,3
DA:37,3
DA:39,4
DA:40,3
DA:41,1
DA:44,4
DA:46,3
DA:47,0
DA:50,3
DA:51,3
DA:52,2
DA:54,3
DA:55,3
DA:58,8
DA:62,0
DA:63,0
DA:64,0
DA:66,0
DA:67,0
DA:69,0
DA:73,0
DA:75,0
DA:81,0
DA:82,0
DA:83,0
DA:85,0
DA:88,0
DA:89,0
DA:90,0
DA:91,0
DA:92,0
DA:93,0
DA:96,0
DA:104,1
DA:105,1
DA:106,1
DA:108,1
DA:119,1
DA:120,1
DA:121,0
DA:127,1
DA:129,1
DA:130,1
DA:131,0
DA:134,1
DA:135,1
DA:137,1
DA:149,0
DA:159,1
DA:160,0
DA:161,0
DA:162,0
DA:163,0
DA:166,1
DA:174,1
DA:175,1
DA:176,1
DA:177,1
DA:179,1
DA:181,1
DA:182,1
DA:183,1
DA:185,0
DA:192,0
DA:195,1
LF:81
LH:51
BRDA:7,0,0,0
BRDA:7,0,1,1
BRDA:13,1,0,0
BRDA:13,1,1,1
BRDA:22,2,0,5
BRDA:22,2,1,1
BRDA:23,3,0,2
BRDA:23,3,1,3
BRDA:32,4,0,0
BRDA:32,4,1,3
BRDA:39,5,0,1
BRDA:39,5,1,3
BRDA:40,6,0,2
BRDA:40,6,1,1
BRDA:46,7,0,0
BRDA:46,7,1,3
BRDA:46,8,0,3
BRDA:46,8,1,1
BRDA:51,9,0,2
BRDA:51,9,1,1
BRDA:54,10,0,3
BRDA:54,10,1,0
BRDA:54,11,0,3
BRDA:54,11,1,3
BRDA:63,12,0,0
BRDA:63,12,1,0
BRDA:66,13,0,0
BRDA:66,13,1,0
BRDA:81,14,0,0
BRDA:81,14,1,0
BRDA:90,15,0,0
BRDA:90,15,1,0
BRDA:91,16,0,0
BRDA:91,16,1,0
BRDA:92,17,0,0
BRDA:92,17,1,0
BRDA:104,18,0,1
BRDA:104,18,1,0
BRDA:105,19,0,1
BRDA:105,19,1,0
BRDA:116,20,0,1
BRDA:116,20,1,0
BRDA:120,21,0,0
BRDA:120,21,1,1
BRDA:130,22,0,0
BRDA:130,22,1,1
BRDA:135,23,0,1
BRDA:135,23,1,0
BRDA:149,24,0,0
BRDA:149,24,1,0
BRDA:154,25,0,0
BRDA:154,25,1,0
BRDA:160,26,0,0
BRDA:160,26,1,0
BRDA:161,27,0,0
BRDA:161,27,1,0
BRDA:162,28,0,0
BRDA:162,28,1,0
BRDA:169,29,0,1
BRDA:169,29,1,1
BRDA:173,30,0,0
BRDA:174,31,0,1
BRDA:174,31,1,0
BRDA:175,32,0,1
BRDA:175,32,1,1
BRDA:179,33,0,1
BRDA:179,33,1,0
BRDA:181,34,0,1
BRDA:181,34,1,0
BRF:69
BRH:32
end_of_record
TN:
SF:services\seller\bulkUploadService.js
FN:1,getBulkUploadResult
FN:12,initializeBulkUploadResult
FN:23,getSampleCsv
FNF:3
FNH:0
FNDA:0,getBulkUploadResult
FNDA:0,initializeBulkUploadResult
FNDA:0,getSampleCsv
DA:2,0
DA:13,0
DA:15,0
DA:24,0
DA:27,1
LF:5
LH:1
BRDA:3,0,0,0
BRDA:3,0,1,0
BRDA:13,1,0,0
BRDA:13,1,1,0
BRF:4
BRH:0
end_of_record
TN:
SF:services\seller\helpers.js
FN:23,deriveOrderStatus
FN:25,(anonymous_1)
FN:27,(anonymous_2)
FN:28,(anonymous_3)
FN:29,(anonymous_4)
FN:30,(anonymous_5)
FN:34,createError
FN:40,isValidObjectId
FN:44,uploadProfilePictureIfPresent
FN:62,uploadImageBufferToCloudinary
FN:63,(anonymous_10)
FN:72,(anonymous_11)
FN:82,uploadProductImages
FNF:13
FNH:0
FNDA:0,deriveOrderStatus
FNDA:0,(anonymous_1)
FNDA:0,(anonymous_2)
FNDA:0,(anonymous_3)
FNDA:0,(anonymous_4)
FNDA:0,(anonymous_5)
FNDA:0,createError
FNDA:0,isValidObjectId
FNDA:0,uploadProfilePictureIfPresent
FNDA:0,uploadImageBufferToCloudinary
FNDA:0,(anonymous_10)
FNDA:0,(anonymous_11)
FNDA:0,uploadProductImages
DA:1,1
DA:2,1
DA:3,1
DA:5,1
DA:11,1
DA:18,1
DA:24,0
DA:25,0
DA:27,0
DA:28,0
DA:29,0
DA:30,0
DA:31,0
DA:35,0
DA:36,0
DA:37,0
DA:41,0
DA:45,0
DA:47,0
DA:48,0
DA:54,0
DA:56,0
DA:57,0
DA:63,0
DA:64,0
DA:73,0
DA:74,0
DA:78,0
DA:83,0
DA:85,0
DA:86,0
DA:91,0
DA:97,0
DA:100,1
LF:34
LH:7
BRDA:23,0,0,0
BRDA:24,1,0,0
BRDA:24,1,1,0
BRDA:24,2,0,0
BRDA:24,2,1,0
BRDA:25,3,0,0
BRDA:25,3,1,0
BRDA:27,4,0,0
BRDA:27,4,1,0
BRDA:28,5,0,0
BRDA:28,5,1,0
BRDA:29,6,0,0
BRDA:29,6,1,0
BRDA:30,7,0,0
BRDA:30,7,1,0
BRDA:45,8,0,0
BRDA:45,8,1,0
BRDA:56,9,0,0
BRDA:56,9,1,0
BRDA:56,10,0,0
BRDA:56,10,1,0
BRDA:73,11,0,0
BRDA:73,11,1,0
BRF:23
BRH:0
end_of_record
TN:
SF:services\seller\orderService.js
FN:8,getOrdersData
FN:16,(anonymous_1)
FN:17,(anonymous_2)
FN:50,updateOrderStatus
FN:190,(anonymous_4)
FN:222,updateDeliveryDate
FN:254,(anonymous_6)
FNF:7
FNH:0
FNDA:0,getOrdersData
FNDA:0,(anonymous_1)
FNDA:0,(anonymous_2)
FNDA:0,updateOrderStatus
FNDA:0,(anonymous_4)
FNDA:0,updateDeliveryDate
FNDA:0,(anonymous_6)
DA:1,1
DA:5,1
DA:6,1
DA:9,0
DA:14,0
DA:16,0
DA:17,0
DA:18,0
DA:20,0
DA:47,0
DA:60,0
DA:62,0
DA:63,0
DA:64,0
DA:67,0
DA:68,0
DA:69,0
DA:70,0
DA:73,0
DA:74,0
DA:77,0
DA:78,0
DA:82,0
DA:88,0
DA:89,0
DA:90,0
DA:91,0
DA:96,0
DA:97,0
DA:101,0
DA:102,0
DA:105,0
DA:106,0
DA:107,0
DA:108,0
DA:111,0
DA:112,0
DA:113,0
DA:114,0
DA:119,0
DA:120,0
DA:126,0
DA:127,0
DA:130,0
DA:131,0
DA:132,0
DA:134,0
DA:141,0
DA:145,0
DA:146,0
DA:147,0
DA:148,0
DA:149,0
DA:150,0
DA:158,0
DA:160,0
DA:172,0
DA:173,0
DA:179,0
DA:180,0
DA:181,0
DA:182,0
DA:183,0
DA:190,0
DA:191,0
DA:192,0
DA:193,0
DA:194,0
DA:197,0
DA:198,0
DA:199,0
DA:200,0
DA:201,0
DA:205,0
DA:206,0
DA:207,0
DA:209,0
DA:217,0
DA:219,0
DA:223,0
DA:225,0
DA:226,0
DA:229,0
DA:230,0
DA:231,0
DA:232,0
DA:233,0
DA:234,0
DA:238,0
DA:239,0
DA:242,0
DA:243,0
DA:244,0
DA:247,0
DA:248,0
DA:249,0
DA:252,0
DA:253,0
DA:255,0
DA:260,0
DA:261,0
DA:262,0
DA:265,0
DA:266,0
DA:269,0
DA:275,1
LF:106
LH:4
BRDA:17,0,0,0
BRDA:17,0,1,0
BRDA:18,1,0,0
BRDA:18,1,1,0
BRDA:26,2,0,0
BRDA:26,2,1,0
BRDA:27,3,0,0
BRDA:27,3,1,0
BRDA:35,4,0,0
BRDA:35,4,1,0
BRDA:35,4,2,0
BRDA:36,5,0,0
BRDA:36,5,1,0
BRDA:37,6,0,0
BRDA:37,6,1,0
BRDA:41,7,0,0
BRDA:41,7,1,0
BRDA:42,8,0,0
BRDA:42,8,1,0
BRDA:63,9,0,0
BRDA:63,9,1,0
BRDA:67,10,0,0
BRDA:67,10,1,0
BRDA:67,11,0,0
BRDA:67,11,1,0
BRDA:69,12,0,0
BRDA:69,12,1,0
BRDA:73,13,0,0
BRDA:73,13,1,0
BRDA:77,14,0,0
BRDA:77,14,1,0
BRDA:78,15,0,0
BRDA:78,15,1,0
BRDA:79,16,0,0
BRDA:79,16,1,0
BRDA:88,17,0,0
BRDA:88,17,1,0
BRDA:90,18,0,0
BRDA:90,18,1,0
BRDA:90,19,0,0
BRDA:90,19,1,0
BRDA:96,20,0,0
BRDA:96,20,1,0
BRDA:101,21,0,0
BRDA:101,21,1,0
BRDA:105,22,0,0
BRDA:105,22,1,0
BRDA:111,23,0,0
BRDA:111,23,1,0
BRDA:113,24,0,0
BRDA:113,24,1,0
BRDA:119,25,0,0
BRDA:119,25,1,0
BRDA:119,26,0,0
BRDA:119,26,1,0
BRDA:130,27,0,0
BRDA:130,27,1,0
BRDA:133,28,0,0
BRDA:133,28,1,0
BRDA:143,29,0,0
BRDA:143,29,1,0
BRDA:145,30,0,0
BRDA:145,30,1,0
BRDA:149,31,0,0
BRDA:149,31,1,0
BRDA:151,32,0,0
BRDA:151,32,1,0
BRDA:172,33,0,0
BRDA:172,33,1,0
BRDA:172,34,0,0
BRDA:172,34,1,0
BRDA:182,35,0,0
BRDA:182,35,1,0
BRDA:184,36,0,0
BRDA:184,36,1,0
BRDA:191,37,0,0
BRDA:191,37,1,0
BRDA:197,38,0,0
BRDA:197,38,1,0
BRDA:199,39,0,0
BRDA:199,39,1,0
BRDA:205,40,0,0
BRDA:205,40,1,0
BRDA:208,41,0,0
BRDA:208,41,1,0
BRDA:225,42,0,0
BRDA:225,42,1,0
BRDA:230,43,0,0
BRDA:230,43,1,0
BRDA:232,44,0,0
BRDA:232,44,1,0
BRDA:238,45,0,0
BRDA:238,45,1,0
BRDA:243,46,0,0
BRDA:243,46,1,0
BRDA:248,47,0,0
BRDA:248,47,1,0
BRDA:248,48,0,0
BRDA:248,48,1,0
BRDA:252,49,0,0
BRDA:252,49,1,0
BRDA:252,50,0,0
BRDA:252,50,1,0
BRDA:255,51,0,0
BRDA:255,51,1,0
BRDA:256,52,0,0
BRDA:256,52,1,0
BRDA:260,53,0,0
BRDA:260,53,1,0
BRDA:261,54,0,0
BRDA:261,54,1,0
BRDA:265,55,0,0
BRDA:265,55,1,0
BRF:113
BRH:0
end_of_record
TN:
SF:services\seller\profileService.js
FN:10,getProfileSettingsData
FN:62,updateProfileSettings
FNF:2
FNH:0
FNDA:0,getProfileSettingsData
FNDA:0,updateProfileSettings
DA:1,1
DA:2,1
DA:8,1
DA:11,0
DA:18,0
DA:19,0
DA:23,0
DA:42,0
DA:64,0
DA:66,0
DA:67,0
DA:70,0
DA:71,0
DA:72,0
DA:75,0
DA:80,0
DA:86,0
DA:88,0
DA:90,0
DA:96,0
DA:97,0
DA:100,0
DA:105,0
DA:108,1
LF:24
LH:4
BRDA:18,0,0,0
BRDA:18,0,1,0
BRDA:25,1,0,0
BRDA:25,1,1,0
BRDA:27,2,0,0
BRDA:27,2,1,0
BRDA:28,3,0,0
BRDA:28,3,1,0
BRDA:28,3,2,0
BRDA:30,4,0,0
BRDA:30,4,1,0
BRDA:32,5,0,0
BRDA:32,5,1,0
BRDA:33,6,0,0
BRDA:33,6,1,0
BRDA:34,7,0,0
BRDA:34,7,1,0
BRDA:35,8,0,0
BRDA:35,8,1,0
BRDA:45,9,0,0
BRDA:45,9,1,0
BRDA:47,10,0,0
BRDA:47,10,1,0
BRDA:48,11,0,0
BRDA:48,11,1,0
BRDA:49,12,0,0
BRDA:49,12,1,0
BRDA:50,13,0,0
BRDA:50,13,1,0
BRDA:52,14,0,0
BRDA:52,14,1,0
BRDA:53,15,0,0
BRDA:53,15,1,0
BRDA:54,16,0,0
BRDA:54,16,1,0
BRDA:55,17,0,0
BRDA:55,17,1,0
BRDA:66,18,0,0
BRDA:66,18,1,0
BRDA:66,19,0,0
BRDA:66,19,1,0
BRDA:71,20,0,0
BRDA:71,20,1,0
BRDA:71,21,0,0
BRDA:71,21,1,0
BRDA:86,22,0,0
BRDA:86,22,1,0
BRDA:96,23,0,0
BRDA:96,23,1,0
BRDA:96,24,0,0
BRDA:96,24,1,0
BRF:51
BRH:0
end_of_record
TN:
SF:services\seller\reviewService.js
FN:3,getReviewsData
FN:11,(anonymous_1)
FN:26,(anonymous_2)
FNF:3
FNH:0
FNDA:0,getReviewsData
FNDA:0,(anonymous_1)
FNDA:0,(anonymous_2)
DA:1,1
DA:4,0
DA:10,0
DA:11,0
DA:12,0
DA:13,0
DA:21,0
DA:22,0
DA:23,0
DA:26,0
DA:37,0
DA:40,1
LF:12
LH:2
BRDA:12,0,0,0
BRDA:12,0,1,0
BRDA:13,1,0,0
BRDA:13,1,1,0
BRDA:15,2,0,0
BRDA:15,2,1,0
BRDA:16,3,0,0
BRDA:16,3,1,0
BRDA:22,4,0,0
BRDA:22,4,1,0
BRDA:32,5,0,0
BRDA:32,5,1,0
BRF:12
BRH:0
end_of_record
TN:
SF:services\seller\sellerPlaceholderService.js
FN:1,getEarningsPayoutsData
FN:5,requestPayout
FNF:2
FNH:0
FNDA:0,getEarningsPayoutsData
FNDA:0,requestPayout
DA:2,0
DA:6,0
DA:9,1
LF:3
LH:1
BRF:0
BRH:0
end_of_record
TN:
SF:services\seller\verificationService.js
FN:6,uploadVerificationDocument
FN:34,(anonymous_1)
FN:55,deleteVerificationDocument
FN:69,(anonymous_3)
FNF:4
FNH:0
FNDA:0,uploadVerificationDocument
FNDA:0,(anonymous_1)
FNDA:0,deleteVerificationDocument
FNDA:0,(anonymous_3)
DA:1,1
DA:2,1
DA:3,1
DA:4,1
DA:7,0
DA:8,0
DA:9,0
DA:12,0
DA:13,0
DA:17,0
DA:18,0
DA:23,0
DA:25,0
DA:28,0
DA:29,0
DA:30,0
DA:33,0
DA:34,0
DA:37,0
DA:44,0
DA:48,0
DA:51,0
DA:52,0
DA:56,0
DA:57,0
DA:60,0
DA:61,0
DA:62,0
DA:65,0
DA:66,0
DA:68,0
DA:69,0
DA:72,0
DA:73,0
DA:76,0
DA:80,0
DA:83,0
DA:84,0
DA:87,1
LF:39
LH:5
BRDA:7,0,0,0
BRDA:7,0,1,0
BRDA:7,1,0,0
BRDA:7,1,1,0
BRDA:8,2,0,0
BRDA:8,2,1,0
BRDA:8,3,0,0
BRDA:8,3,1,0
BRDA:12,4,0,0
BRDA:12,4,1,0
BRDA:25,5,0,0
BRDA:25,5,1,0
BRDA:25,6,0,0
BRDA:25,6,1,0
BRDA:29,7,0,0
BRDA:29,7,1,0
BRDA:33,8,0,0
BRDA:33,8,1,0
BRDA:44,9,0,0
BRDA:44,9,1,0
BRDA:45,10,0,0
BRDA:45,10,1,0
BRDA:56,11,0,0
BRDA:56,11,1,0
BRDA:61,12,0,0
BRDA:61,12,1,0
BRDA:66,13,0,0
BRDA:66,13,1,0
BRDA:68,14,0,0
BRDA:68,14,1,0
BRDA:72,15,0,0
BRDA:72,15,1,0
BRDA:76,16,0,0
BRDA:76,16,1,0
BRDA:77,17,0,0
BRDA:77,17,1,0
BRF:36
BRH:0
end_of_record
TN:
SF:services\serviceProvider\activityService.js
FN:4,getRecentActivity
FNF:1
FNH:0
FNDA:0,getRecentActivity
DA:1,1
DA:2,1
DA:5,0
DA:11,0
DA:12,0
DA:20,0
DA:21,0
DA:23,0
DA:24,0
DA:25,0
DA:26,0
DA:27,0
DA:29,0
DA:30,0
DA:32,0
DA:33,0
DA:35,0
DA:36,0
DA:38,0
DA:39,0
DA:41,0
DA:42,0
DA:44,0
DA:47,0
DA:56,0
DA:59,1
LF:26
LH:3
BRDA:4,0,0,0
BRDA:21,1,0,0
BRDA:21,1,1,0
BRDA:23,2,0,0
BRDA:23,2,1,0
BRDA:25,3,0,0
BRDA:25,3,1,0
BRDA:25,4,0,0
BRDA:25,4,1,0
BRDA:26,5,0,0
BRDA:26,5,1,0
BRDA:27,6,0,0
BRDA:27,6,1,0
BRDA:30,7,0,0
BRDA:30,7,1,0
BRDA:30,7,2,0
BRDA:30,7,3,0
BRDA:30,7,4,0
BRF:18
BRH:0
end_of_record
TN:
SF:services\serviceProvider\earningsService.js
FN:5,getEarningsPageData
FN:13,(anonymous_1)
FN:20,(anonymous_2)
FN:34,getEarningsChartData
FN:113,(anonymous_4)
FNF:5
FNH:0
FNDA:0,getEarningsPageData
FNDA:0,(anonymous_1)
FNDA:0,(anonymous_2)
FNDA:0,getEarningsChartData
FNDA:0,(anonymous_4)
DA:1,1
DA:2,1
DA:3,1
DA:6,0
DA:12,0
DA:13,0
DA:17,0
DA:18,0
DA:20,0
DA:26,0
DA:35,0
DA:36,0
DA:37,0
DA:38,0
DA:39,0
DA:41,0
DA:42,0
DA:48,0
DA:50,0
DA:51,0
DA:52,0
DA:54,0
DA:60,0
DA:66,0
DA:78,0
DA:79,0
DA:80,0
DA:83,0
DA:85,0
DA:86,0
DA:87,0
DA:88,0
DA:90,0
DA:91,0
DA:93,0
DA:105,0
DA:106,0
DA:107,0
DA:111,0
DA:113,0
DA:119,1
LF:41
LH:4
BRDA:34,0,0,0
BRDA:41,1,0,0
BRDA:41,1,1,0
BRDA:78,2,0,0
BRDA:78,2,1,0
BRDA:105,3,0,0
BRDA:105,3,1,0
BRF:7
BRH:0
end_of_record
TN:
SF:services\serviceProvider\helpers.js
FN:4,getMonthName
FN:22,getTimeAgo
FN:33,createError
FN:39,updateProviderRating
FNF:4
FNH:0
FNDA:0,getMonthName
FNDA:0,getTimeAgo
FNDA:0,createError
FNDA:0,updateProviderRating
DA:1,1
DA:2,1
DA:5,0
DA:19,0
DA:23,0
DA:24,0
DA:26,0
DA:27,0
DA:28,0
DA:29,0
DA:30,0
DA:34,0
DA:35,0
DA:36,0
DA:40,0
DA:51,0
DA:57,1
LF:17
LH:3
BRDA:26,0,0,0
BRDA:26,0,1,0
BRDA:27,1,0,0
BRDA:27,1,1,0
BRDA:28,2,0,0
BRDA:28,2,1,0
BRDA:29,3,0,0
BRDA:29,3,1,0
BRDA:52,4,0,0
BRDA:52,4,1,0
BRDA:53,5,0,0
BRDA:53,5,1,0
BRF:12
BRH:0
end_of_record
TN:
SF:services\serviceProvider\pageService.js
FN:1,getProfileSettingsPageData
FN:5,getBookingManagementPageData
FN:9,getCustomerCommunicationPageData
FNF:3
FNH:0
FNDA:0,getProfileSettingsPageData
FNDA:0,getBookingManagementPageData
FNDA:0,getCustomerCommunicationPageData
DA:2,0
DA:6,0
DA:10,0
DA:13,1
LF:4
LH:1
BRF:0
BRH:0
end_of_record
TN:
SF:services\serviceProvider\profileService.js
FN:4,getProfile
FN:44,deleteProfile
FNF:2
FNH:0
FNDA:0,getProfile
FNDA:0,deleteProfile
DA:1,1
DA:2,1
DA:5,0
DA:7,0
DA:8,0
DA:25,0
DA:27,0
DA:45,0
DA:47,0
DA:48,0
DA:52,1
LF:11
LH:3
BRDA:7,0,0,0
BRDA:7,0,1,0
BRDA:16,1,0,0
BRDA:17,2,0,0
BRDA:18,3,0,0
BRDA:19,4,0,0
BRDA:20,5,0,0
BRDA:21,6,0,0
BRDA:22,7,0,0
BRDA:23,8,0,0
BRDA:24,9,0,0
BRDA:31,10,0,0
BRDA:31,10,1,0
BRDA:47,11,0,0
BRDA:47,11,1,0
BRF:15
BRH:0
end_of_record
TN:
SF:services\serviceProvider\reviewService.js
FN:3,getReviews
FN:13,(anonymous_1)
FNF:2
FNH:0
FNDA:0,getReviews
FNDA:0,(anonymous_1)
DA:1,1
DA:4,0
DA:13,0
DA:23,1
LF:4
LH:2
BRDA:15,0,0,0
BRDA:15,0,1,0
BRDA:16,1,0,0
BRDA:16,1,1,0
BRDA:18,2,0,0
BRDA:18,2,1,0
BRF:6
BRH:0
end_of_record
